[0.026s] Invoking command in '/home/rob1/eeng_462/lab4/build/openslam_gmapping': CMAKE_PREFIX_PATH=${CMAKE_PREFIX_PATH}:/opt/ros/humble /usr/bin/cmake /home/rob1/eeng_462/lab4/src/slam_gmapping/openslam_gmapping -DAMENT_CMAKE_SYMLINK_INSTALL=1 -DCMAKE_INSTALL_PREFIX=/home/rob1/eeng_462/lab4/install/openslam_gmapping
[0.136s] -- The C compiler identification is GNU 11.4.0
[0.249s] -- The CXX compiler identification is GNU 11.4.0
[0.266s] -- Detecting C compiler ABI info
[0.402s] -- Detecting C compiler ABI info - done
[0.424s] -- Check for working C compiler: /usr/bin/cc - skipped
[0.425s] -- Detecting C compile features
[0.426s] -- Detecting C compile features - done
[0.434s] -- Detecting CXX compiler ABI info
[0.589s] -- Detecting CXX compiler ABI info - done
[0.610s] -- Check for working CXX compiler: /usr/bin/c++ - skipped
[0.611s] -- Detecting CXX compile features
[0.612s] -- Detecting CXX compile features - done
[0.619s] -- Found ament_cmake: 1.3.13 (/opt/ros/humble/share/ament_cmake/cmake)
[0.948s] -- Found Python3: /usr/bin/python3 (found version "3.10.12") found components: Interpreter 
[1.095s] -- Override CMake install command with custom implementation using symlinks instead of copying resources
[1.347s] -- Configuring done
[1.390s] -- Generating done
[1.401s] -- Build files have been written to: /home/rob1/eeng_462/lab4/build/openslam_gmapping
[1.416s] Invoked command in '/home/rob1/eeng_462/lab4/build/openslam_gmapping' returned '0': CMAKE_PREFIX_PATH=${CMAKE_PREFIX_PATH}:/opt/ros/humble /usr/bin/cmake /home/rob1/eeng_462/lab4/src/slam_gmapping/openslam_gmapping -DAMENT_CMAKE_SYMLINK_INSTALL=1 -DCMAKE_INSTALL_PREFIX=/home/rob1/eeng_462/lab4/install/openslam_gmapping
[1.420s] Invoking command in '/home/rob1/eeng_462/lab4/build/openslam_gmapping': CMAKE_PREFIX_PATH=${CMAKE_PREFIX_PATH}:/opt/ros/humble /usr/bin/cmake --build /home/rob1/eeng_462/lab4/build/openslam_gmapping -- -j6 -l6
[1.510s] [ 13%] [32mBuilding CXX object utils/CMakeFiles/utils.dir/stat.cpp.o[0m
[1.510s] [ 13%] [32mBuilding CXX object sensor/sensor_base/CMakeFiles/sensor_base.dir/sensorreading.cpp.o[0m
[1.510s] [ 13%] [32mBuilding CXX object utils/CMakeFiles/utils.dir/movement.cpp.o[0m
[1.510s] [ 18%] [32mBuilding CXX object sensor/sensor_base/CMakeFiles/sensor_base.dir/sensor.cpp.o[0m
[2.015s] [ 22%] [32m[1mLinking CXX static library libsensor_base.a[0m
[2.082s] [ 22%] Built target sensor_base
[2.121s] [ 31%] [32mBuilding CXX object sensor/sensor_odometry/CMakeFiles/sensor_odometry.dir/odometryreading.cpp.o[0m
[2.121s] [ 36%] [32mBuilding CXX object sensor/sensor_range/CMakeFiles/sensor_range.dir/rangereading.cpp.o[0m
[2.122s] [ 36%] [32mBuilding CXX object sensor/sensor_range/CMakeFiles/sensor_range.dir/rangesensor.cpp.o[0m
[2.139s] [ 40%] [32mBuilding CXX object sensor/sensor_odometry/CMakeFiles/sensor_odometry.dir/odometrysensor.cpp.o[0m
[2.240s] [ 45%] [32m[1mLinking CXX static library libutils.a[0m
[2.307s] [ 45%] Built target utils
[2.837s] [ 50%] [32m[1mLinking CXX static library libsensor_odometry.a[0m
[2.901s] [ 50%] Built target sensor_odometry
[3.149s] [ 54%] [32m[1mLinking CXX static library libsensor_range.a[0m
[3.213s] [ 54%] Built target sensor_range
[3.255s] [ 63%] [32mBuilding CXX object scanmatcher/CMakeFiles/scanmatcher.dir/smmap.cpp.o[0m
[3.255s] [ 63%] [32mBuilding CXX object scanmatcher/CMakeFiles/scanmatcher.dir/scanmatcher.cpp.o[0m
[3.255s] [ 68%] [32mBuilding CXX object scanmatcher/CMakeFiles/scanmatcher.dir/eig3.cpp.o[0m
[3.258s] [ 72%] [32mBuilding CXX object scanmatcher/CMakeFiles/scanmatcher.dir/scanmatcherprocessor.cpp.o[0m
[5.974s] [ 77%] [32m[1mLinking CXX static library libscanmatcher.a[0m
[6.039s] [ 77%] Built target scanmatcher
[6.080s] [ 95%] [32mBuilding CXX object gridfastslam/CMakeFiles/gridfastslam.dir/motionmodel.cpp.o[0m
[6.080s] [ 95%] [32mBuilding CXX object gridfastslam/CMakeFiles/gridfastslam.dir/gridslamprocessor.cpp.o[0m
[6.080s] [ 95%] [32mBuilding CXX object gridfastslam/CMakeFiles/gridfastslam.dir/gfsreader.cpp.o[0m
[6.080s] [ 95%] [32mBuilding CXX object gridfastslam/CMakeFiles/gridfastslam.dir/gridslamprocessor_tree.cpp.o[0m
[9.555s] [100%] [32m[1mLinking CXX static library libgridfastslam.a[0m
[9.627s] [100%] Built target gridfastslam
[9.650s] Invoked command in '/home/rob1/eeng_462/lab4/build/openslam_gmapping' returned '0': CMAKE_PREFIX_PATH=${CMAKE_PREFIX_PATH}:/opt/ros/humble /usr/bin/cmake --build /home/rob1/eeng_462/lab4/build/openslam_gmapping -- -j6 -l6
[9.655s] Invoking command in '/home/rob1/eeng_462/lab4/build/openslam_gmapping': CMAKE_PREFIX_PATH=${CMAKE_PREFIX_PATH}:/opt/ros/humble /usr/bin/cmake --install /home/rob1/eeng_462/lab4/build/openslam_gmapping
[9.671s] -- Install configuration: ""
[9.671s] -- Execute custom install script
[9.672s] -- Symlinking: /home/rob1/eeng_462/lab4/install/openslam_gmapping/lib/libgridfastslam.a
[9.690s] -- Symlinking: /home/rob1/eeng_462/lab4/install/openslam_gmapping/lib/libscanmatcher.a
[9.706s] -- Symlinking: /home/rob1/eeng_462/lab4/install/openslam_gmapping/lib/libsensor_base.a
[9.723s] -- Symlinking: /home/rob1/eeng_462/lab4/install/openslam_gmapping/share/openslam_gmapping/environment/library_path.sh
[9.740s] -- Symlinking: /home/rob1/eeng_462/lab4/install/openslam_gmapping/share/openslam_gmapping/environment/library_path.dsv
[9.756s] -- Up-to-date symlink: /home/rob1/eeng_462/lab4/install/openslam_gmapping/share/openslam_gmapping/environment/library_path.sh
[9.757s] -- Up-to-date symlink: /home/rob1/eeng_462/lab4/install/openslam_gmapping/share/openslam_gmapping/environment/library_path.dsv
[9.757s] -- Symlinking: /home/rob1/eeng_462/lab4/install/openslam_gmapping/lib/libsensor_odometry.a
[9.774s] -- Symlinking: /home/rob1/eeng_462/lab4/install/openslam_gmapping/lib/libsensor_range.a
[9.792s] -- Symlinking: /home/rob1/eeng_462/lab4/install/openslam_gmapping/lib/libutils.a
[9.809s] -- Up-to-date symlink: /home/rob1/eeng_462/lab4/install/openslam_gmapping/share/openslam_gmapping/environment/library_path.sh
[9.810s] -- Up-to-date symlink: /home/rob1/eeng_462/lab4/install/openslam_gmapping/share/openslam_gmapping/environment/library_path.dsv
[9.810s] -- Up-to-date symlink: /home/rob1/eeng_462/lab4/install/openslam_gmapping/share/openslam_gmapping/environment/library_path.sh
[9.810s] -- Up-to-date symlink: /home/rob1/eeng_462/lab4/install/openslam_gmapping/share/openslam_gmapping/environment/library_path.dsv
[9.813s] -- Symlinking: /home/rob1/eeng_462/lab4/install/openslam_gmapping/include//gmapping/grid/accessstate.h
[9.831s] -- Symlinking: /home/rob1/eeng_462/lab4/install/openslam_gmapping/include//gmapping/grid/array2d.h
[9.849s] -- Symlinking: /home/rob1/eeng_462/lab4/install/openslam_gmapping/include//gmapping/grid/harray2d.h
[9.867s] -- Symlinking: /home/rob1/eeng_462/lab4/install/openslam_gmapping/include//gmapping/grid/map.h
[9.884s] -- Symlinking: /home/rob1/eeng_462/lab4/install/openslam_gmapping/include//gmapping/gridfastslam/gridslamprocessor.h
[9.907s] -- Symlinking: /home/rob1/eeng_462/lab4/install/openslam_gmapping/include//gmapping/gridfastslam/gridslamprocessor.hxx
[9.924s] -- Symlinking: /home/rob1/eeng_462/lab4/install/openslam_gmapping/include//gmapping/gridfastslam/motionmodel.h
[9.942s] -- Symlinking: /home/rob1/eeng_462/lab4/install/openslam_gmapping/include//gmapping/log/configuration.h
[9.959s] -- Symlinking: /home/rob1/eeng_462/lab4/install/openslam_gmapping/include//gmapping/log/sensorlog.h
[9.977s] -- Symlinking: /home/rob1/eeng_462/lab4/install/openslam_gmapping/include//gmapping/particlefilter/particlefilter.h
[9.997s] -- Symlinking: /home/rob1/eeng_462/lab4/install/openslam_gmapping/include//gmapping/scanmatcher/icp.h
[10.016s] -- Symlinking: /home/rob1/eeng_462/lab4/install/openslam_gmapping/include//gmapping/scanmatcher/scanmatcher.h
[10.034s] -- Symlinking: /home/rob1/eeng_462/lab4/install/openslam_gmapping/include//gmapping/scanmatcher/smmap.h
[10.052s] -- Symlinking: /home/rob1/eeng_462/lab4/install/openslam_gmapping/include//gmapping/sensor/sensor_base/sensor.h
[10.070s] -- Symlinking: /home/rob1/eeng_462/lab4/install/openslam_gmapping/include//gmapping/sensor/sensor_base/sensorreading.h
[10.087s] -- Symlinking: /home/rob1/eeng_462/lab4/install/openslam_gmapping/include//gmapping/sensor/sensor_odometry/odometryreading.h
[10.104s] -- Symlinking: /home/rob1/eeng_462/lab4/install/openslam_gmapping/include//gmapping/sensor/sensor_odometry/odometrysensor.h
[10.120s] -- Symlinking: /home/rob1/eeng_462/lab4/install/openslam_gmapping/include//gmapping/sensor/sensor_range/rangereading.h
[10.138s] -- Symlinking: /home/rob1/eeng_462/lab4/install/openslam_gmapping/include//gmapping/sensor/sensor_range/rangesensor.h
[10.156s] -- Symlinking: /home/rob1/eeng_462/lab4/install/openslam_gmapping/include//gmapping/utils/autoptr.h
[10.172s] -- Symlinking: /home/rob1/eeng_462/lab4/install/openslam_gmapping/include//gmapping/utils/commandline.h
[10.189s] -- Symlinking: /home/rob1/eeng_462/lab4/install/openslam_gmapping/include//gmapping/utils/gvalues.h
[10.207s] -- Symlinking: /home/rob1/eeng_462/lab4/install/openslam_gmapping/include//gmapping/utils/macro_params.h
[10.224s] -- Symlinking: /home/rob1/eeng_462/lab4/install/openslam_gmapping/include//gmapping/utils/point.h
[10.241s] -- Symlinking: /home/rob1/eeng_462/lab4/install/openslam_gmapping/include//gmapping/utils/stat.h
[10.260s] -- Symlinking: /home/rob1/eeng_462/lab4/install/openslam_gmapping/share/ament_index/resource_index/package_run_dependencies/openslam_gmapping
[10.278s] -- Symlinking: /home/rob1/eeng_462/lab4/install/openslam_gmapping/share/ament_index/resource_index/parent_prefix_path/openslam_gmapping
[10.300s] -- Symlinking: /home/rob1/eeng_462/lab4/install/openslam_gmapping/share/openslam_gmapping/environment/ament_prefix_path.sh
[10.318s] -- Symlinking: /home/rob1/eeng_462/lab4/install/openslam_gmapping/share/openslam_gmapping/environment/ament_prefix_path.dsv
[10.336s] -- Symlinking: /home/rob1/eeng_462/lab4/install/openslam_gmapping/share/openslam_gmapping/environment/path.sh
[10.353s] -- Symlinking: /home/rob1/eeng_462/lab4/install/openslam_gmapping/share/openslam_gmapping/environment/path.dsv
[10.371s] -- Symlinking: /home/rob1/eeng_462/lab4/install/openslam_gmapping/share/openslam_gmapping/local_setup.bash
[10.389s] -- Symlinking: /home/rob1/eeng_462/lab4/install/openslam_gmapping/share/openslam_gmapping/local_setup.sh
[10.405s] -- Symlinking: /home/rob1/eeng_462/lab4/install/openslam_gmapping/share/openslam_gmapping/local_setup.zsh
[10.422s] -- Symlinking: /home/rob1/eeng_462/lab4/install/openslam_gmapping/share/openslam_gmapping/local_setup.dsv
[10.441s] -- Symlinking: /home/rob1/eeng_462/lab4/install/openslam_gmapping/share/openslam_gmapping/package.dsv
[10.458s] -- Symlinking: /home/rob1/eeng_462/lab4/install/openslam_gmapping/share/ament_index/resource_index/packages/openslam_gmapping
[10.476s] -- Symlinking: /home/rob1/eeng_462/lab4/install/openslam_gmapping/share/openslam_gmapping/cmake/ament_cmake_export_libraries-extras.cmake
[10.493s] -- Symlinking: /home/rob1/eeng_462/lab4/install/openslam_gmapping/share/openslam_gmapping/cmake/ament_cmake_export_include_directories-extras.cmake
[10.510s] -- Symlinking: /home/rob1/eeng_462/lab4/install/openslam_gmapping/share/openslam_gmapping/cmake/openslam_gmappingConfig.cmake
[10.527s] -- Symlinking: /home/rob1/eeng_462/lab4/install/openslam_gmapping/share/openslam_gmapping/cmake/openslam_gmappingConfig-version.cmake
[10.544s] -- Symlinking: /home/rob1/eeng_462/lab4/install/openslam_gmapping/share/openslam_gmapping/package.xml
[10.569s] Invoked command in '/home/rob1/eeng_462/lab4/build/openslam_gmapping' returned '0': CMAKE_PREFIX_PATH=${CMAKE_PREFIX_PATH}:/opt/ros/humble /usr/bin/cmake --install /home/rob1/eeng_462/lab4/build/openslam_gmapping
