[0.035s] Invoking command in '/home/rob1/eeng_462/lab4/build/lio_sam': /usr/bin/cmake /home/rob1/eeng_462/lab4/src/LIO-SAM -DCATKIN_INSTALL_INTO_PREFIX_ROOT=0 -DCATKIN_SYMLINK_INSTALL=ON -DCMAKE_INSTALL_PREFIX=/home/rob1/eeng_462/lab4/install/lio_sam
[0.046s] [0mCMake Deprecation Warning at CMakeLists.txt:1 (cmake_minimum_required):
[0.047s]   Compatibility with CMake < 2.8.12 will be removed from a future version of
[0.047s]   CMake.
[0.047s] 
[0.047s]   Update the VERSION argument <min> value or use a ...<max> suffix to tell
[0.047s]   CMake that the project does not need compatibility with older versions.
[0.047s] 
[0.048s] [0m
[0.157s] -- The C compiler identification is GNU 11.4.0
[0.282s] -- The CXX compiler identification is GNU 11.4.0
[0.302s] -- Detecting C compiler ABI info
[0.447s] -- Detecting C compiler ABI info - done
[0.463s] -- Check for working C compiler: /usr/bin/cc - skipped
[0.463s] -- Detecting C compile features
[0.464s] -- Detecting C compile features - done
[0.472s] -- Detecting CXX compiler ABI info
[0.632s] -- Detecting CXX compiler ABI info - done
[0.658s] -- Check for working CXX compiler: /usr/bin/c++ - skipped
[0.659s] -- Detecting CXX compile features
[0.660s] -- Detecting CXX compile features - done
[0.685s] [31mCMake Error at CMakeLists.txt:8 (find_package):
[0.685s]   By not providing "Findcatkin.cmake" in CMAKE_MODULE_PATH this project has
[0.685s]   asked CMake to find a package configuration file provided by "catkin", but
[0.686s]   CMake did not find one.
[0.686s] 
[0.686s]   Could not find a package configuration file provided by "catkin" with any
[0.686s]   of the following names:
[0.686s] 
[0.687s]     catkinConfig.cmake
[0.687s]     catkin-config.cmake
[0.687s] 
[0.687s]   Add the installation prefix of "catkin" to CMAKE_PREFIX_PATH or set
[0.687s]   "catkin_DIR" to a directory containing one of the above files.  If "catkin"
[0.687s]   provides a separate development package or SDK, be sure it has been
[0.687s]   installed.
[0.688s] 
[0.688s] [0m
[0.688s] -- Configuring incomplete, errors occurred!
[0.688s] See also "/home/rob1/eeng_462/lab4/build/lio_sam/CMakeFiles/CMakeOutput.log".
[0.696s] Invoked command in '/home/rob1/eeng_462/lab4/build/lio_sam' returned '1': /usr/bin/cmake /home/rob1/eeng_462/lab4/src/LIO-SAM -DCATKIN_INSTALL_INTO_PREFIX_ROOT=0 -DCATKIN_SYMLINK_INSTALL=ON -DCMAKE_INSTALL_PREFIX=/home/rob1/eeng_462/lab4/install/lio_sam
