[0.337s] DEBUG:colcon:Command line arguments: ['/usr/bin/colcon', 'build', '--symlink-install']
[0.338s] DEBUG:colcon:Parsed command line arguments: Namespace(log_base=None, log_level=None, verb_name='build', build_base='build', install_base='install', merge_install=False, symlink_install=True, test_result_base=None, continue_on_error=False, executor='parallel', parallel_workers=6, event_handlers=None, ignore_user_meta=False, metas=['./colcon.meta'], base_paths=['.'], packages_ignore=None, packages_ignore_regex=None, paths=None, packages_up_to=None, packages_up_to_regex=None, packages_above=None, packages_above_and_dependencies=None, packages_above_depth=None, packages_select_by_dep=None, packages_skip_by_dep=None, packages_skip_up_to=None, packages_select_build_failed=False, packages_skip_build_finished=False, packages_select_test_failures=False, packages_skip_test_passed=False, packages_select=None, packages_skip=None, packages_select_regex=None, packages_skip_regex=None, packages_start=None, packages_end=None, allow_overriding=[], cmake_args=None, cmake_target=None, cmake_target_skip_unavailable=False, cmake_clean_cache=False, cmake_clean_first=False, cmake_force_configure=False, ament_cmake_args=None, catkin_cmake_args=None, catkin_skip_building_tests=False, mixin_files=None, mixin=None, verb_parser=<colcon_mixin.mixin.mixin_argument.MixinArgumentDecorator object at 0xffffafbe6a10>, verb_extension=<colcon_core.verb.build.BuildVerb object at 0xffffafda3910>, main=<bound method BuildVerb.main of <colcon_core.verb.build.BuildVerb object at 0xffffafda3910>>, mixin_verb=('build',))
[0.843s] Level 1:colcon.colcon_core.package_discovery:discover_packages(colcon_meta) check parameters
[0.844s] Level 1:colcon.colcon_core.package_discovery:discover_packages(recursive) check parameters
[0.844s] Level 1:colcon.colcon_core.package_discovery:discover_packages(ignore) check parameters
[0.844s] Level 1:colcon.colcon_core.package_discovery:discover_packages(path) check parameters
[0.844s] Level 1:colcon.colcon_core.package_discovery:discover_packages(colcon_meta) discover
[0.844s] Level 1:colcon.colcon_core.package_discovery:discover_packages(recursive) discover
[0.844s] INFO:colcon.colcon_core.package_discovery:Crawling recursively for packages in '/home/rob1/eeng_462/lab4'
[0.845s] Level 1:colcon.colcon_core.package_identification:_identify(.) by extensions ['ignore', 'ignore_ament_install']
[0.845s] Level 1:colcon.colcon_core.package_identification:_identify(.) by extension 'ignore'
[0.845s] Level 1:colcon.colcon_core.package_identification:_identify(.) by extension 'ignore_ament_install'
[0.845s] Level 1:colcon.colcon_core.package_identification:_identify(.) by extensions ['colcon_pkg']
[0.845s] Level 1:colcon.colcon_core.package_identification:_identify(.) by extension 'colcon_pkg'
[0.845s] Level 1:colcon.colcon_core.package_identification:_identify(.) by extensions ['colcon_meta']
[0.845s] Level 1:colcon.colcon_core.package_identification:_identify(.) by extension 'colcon_meta'
[0.846s] Level 1:colcon.colcon_core.package_identification:_identify(.) by extensions ['ros']
[0.846s] Level 1:colcon.colcon_core.package_identification:_identify(.) by extension 'ros'
[0.872s] Level 1:colcon.colcon_core.package_identification:_identify(.) by extensions ['cmake', 'python']
[0.873s] Level 1:colcon.colcon_core.package_identification:_identify(.) by extension 'cmake'
[0.873s] Level 1:colcon.colcon_core.package_identification:_identify(.) by extension 'python'
[0.873s] Level 1:colcon.colcon_core.package_identification:_identify(.) by extensions ['python_setup_py']
[0.873s] Level 1:colcon.colcon_core.package_identification:_identify(.) by extension 'python_setup_py'
[0.873s] Level 1:colcon.colcon_core.package_identification:_identify(build) by extensions ['ignore', 'ignore_ament_install']
[0.874s] Level 1:colcon.colcon_core.package_identification:_identify(build) by extension 'ignore'
[0.874s] Level 1:colcon.colcon_core.package_identification:_identify(build) ignored
[0.874s] Level 1:colcon.colcon_core.package_identification:_identify(install) by extensions ['ignore', 'ignore_ament_install']
[0.874s] Level 1:colcon.colcon_core.package_identification:_identify(install) by extension 'ignore'
[0.874s] Level 1:colcon.colcon_core.package_identification:_identify(install) ignored
[0.875s] Level 1:colcon.colcon_core.package_identification:_identify(log) by extensions ['ignore', 'ignore_ament_install']
[0.875s] Level 1:colcon.colcon_core.package_identification:_identify(log) by extension 'ignore'
[0.875s] Level 1:colcon.colcon_core.package_identification:_identify(log) ignored
[0.875s] Level 1:colcon.colcon_core.package_identification:_identify(src) by extensions ['ignore', 'ignore_ament_install']
[0.875s] Level 1:colcon.colcon_core.package_identification:_identify(src) by extension 'ignore'
[0.875s] Level 1:colcon.colcon_core.package_identification:_identify(src) by extension 'ignore_ament_install'
[0.876s] Level 1:colcon.colcon_core.package_identification:_identify(src) by extensions ['colcon_pkg']
[0.876s] Level 1:colcon.colcon_core.package_identification:_identify(src) by extension 'colcon_pkg'
[0.876s] Level 1:colcon.colcon_core.package_identification:_identify(src) by extensions ['colcon_meta']
[0.876s] Level 1:colcon.colcon_core.package_identification:_identify(src) by extension 'colcon_meta'
[0.876s] Level 1:colcon.colcon_core.package_identification:_identify(src) by extensions ['ros']
[0.876s] Level 1:colcon.colcon_core.package_identification:_identify(src) by extension 'ros'
[0.876s] Level 1:colcon.colcon_core.package_identification:_identify(src) by extensions ['cmake', 'python']
[0.876s] Level 1:colcon.colcon_core.package_identification:_identify(src) by extension 'cmake'
[0.876s] Level 1:colcon.colcon_core.package_identification:_identify(src) by extension 'python'
[0.877s] Level 1:colcon.colcon_core.package_identification:_identify(src) by extensions ['python_setup_py']
[0.877s] Level 1:colcon.colcon_core.package_identification:_identify(src) by extension 'python_setup_py'
[0.877s] Level 1:colcon.colcon_core.package_identification:_identify(src/mecanum_robot) by extensions ['ignore', 'ignore_ament_install']
[0.877s] Level 1:colcon.colcon_core.package_identification:_identify(src/mecanum_robot) by extension 'ignore'
[0.877s] Level 1:colcon.colcon_core.package_identification:_identify(src/mecanum_robot) by extension 'ignore_ament_install'
[0.877s] Level 1:colcon.colcon_core.package_identification:_identify(src/mecanum_robot) by extensions ['colcon_pkg']
[0.878s] Level 1:colcon.colcon_core.package_identification:_identify(src/mecanum_robot) by extension 'colcon_pkg'
[0.878s] Level 1:colcon.colcon_core.package_identification:_identify(src/mecanum_robot) by extensions ['colcon_meta']
[0.878s] Level 1:colcon.colcon_core.package_identification:_identify(src/mecanum_robot) by extension 'colcon_meta'
[0.878s] Level 1:colcon.colcon_core.package_identification:_identify(src/mecanum_robot) by extensions ['ros']
[0.878s] Level 1:colcon.colcon_core.package_identification:_identify(src/mecanum_robot) by extension 'ros'
[0.887s] DEBUG:colcon.colcon_core.package_identification:Package 'src/mecanum_robot' with type 'ros.ament_python' and name 'mecanum_robot'
[0.888s] Level 1:colcon.colcon_core.package_identification:_identify(src/rplidar_ros) by extensions ['ignore', 'ignore_ament_install']
[0.888s] Level 1:colcon.colcon_core.package_identification:_identify(src/rplidar_ros) by extension 'ignore'
[0.888s] Level 1:colcon.colcon_core.package_identification:_identify(src/rplidar_ros) by extension 'ignore_ament_install'
[0.888s] Level 1:colcon.colcon_core.package_identification:_identify(src/rplidar_ros) by extensions ['colcon_pkg']
[0.889s] Level 1:colcon.colcon_core.package_identification:_identify(src/rplidar_ros) by extension 'colcon_pkg'
[0.889s] Level 1:colcon.colcon_core.package_identification:_identify(src/rplidar_ros) by extensions ['colcon_meta']
[0.889s] Level 1:colcon.colcon_core.package_identification:_identify(src/rplidar_ros) by extension 'colcon_meta'
[0.889s] Level 1:colcon.colcon_core.package_identification:_identify(src/rplidar_ros) by extensions ['ros']
[0.889s] Level 1:colcon.colcon_core.package_identification:_identify(src/rplidar_ros) by extension 'ros'
[0.890s] DEBUG:colcon.colcon_core.package_identification:Package 'src/rplidar_ros' with type 'ros.ament_cmake' and name 'rplidar_ros'
[0.891s] Level 1:colcon.colcon_core.package_identification:_identify(src/slam_gmapping) by extensions ['ignore', 'ignore_ament_install']
[0.891s] Level 1:colcon.colcon_core.package_identification:_identify(src/slam_gmapping) by extension 'ignore'
[0.891s] Level 1:colcon.colcon_core.package_identification:_identify(src/slam_gmapping) by extension 'ignore_ament_install'
[0.891s] Level 1:colcon.colcon_core.package_identification:_identify(src/slam_gmapping) by extensions ['colcon_pkg']
[0.891s] Level 1:colcon.colcon_core.package_identification:_identify(src/slam_gmapping) by extension 'colcon_pkg'
[0.891s] Level 1:colcon.colcon_core.package_identification:_identify(src/slam_gmapping) by extensions ['colcon_meta']
[0.892s] Level 1:colcon.colcon_core.package_identification:_identify(src/slam_gmapping) by extension 'colcon_meta'
[0.892s] Level 1:colcon.colcon_core.package_identification:_identify(src/slam_gmapping) by extensions ['ros']
[0.892s] Level 1:colcon.colcon_core.package_identification:_identify(src/slam_gmapping) by extension 'ros'
[0.892s] Level 1:colcon.colcon_core.package_identification:_identify(src/slam_gmapping) by extensions ['cmake', 'python']
[0.892s] Level 1:colcon.colcon_core.package_identification:_identify(src/slam_gmapping) by extension 'cmake'
[0.892s] Level 1:colcon.colcon_core.package_identification:_identify(src/slam_gmapping) by extension 'python'
[0.892s] Level 1:colcon.colcon_core.package_identification:_identify(src/slam_gmapping) by extensions ['python_setup_py']
[0.892s] Level 1:colcon.colcon_core.package_identification:_identify(src/slam_gmapping) by extension 'python_setup_py'
[0.893s] Level 1:colcon.colcon_core.package_identification:_identify(src/slam_gmapping/openslam_gmapping) by extensions ['ignore', 'ignore_ament_install']
[0.893s] Level 1:colcon.colcon_core.package_identification:_identify(src/slam_gmapping/openslam_gmapping) by extension 'ignore'
[0.893s] Level 1:colcon.colcon_core.package_identification:_identify(src/slam_gmapping/openslam_gmapping) by extension 'ignore_ament_install'
[0.893s] Level 1:colcon.colcon_core.package_identification:_identify(src/slam_gmapping/openslam_gmapping) by extensions ['colcon_pkg']
[0.893s] Level 1:colcon.colcon_core.package_identification:_identify(src/slam_gmapping/openslam_gmapping) by extension 'colcon_pkg'
[0.893s] Level 1:colcon.colcon_core.package_identification:_identify(src/slam_gmapping/openslam_gmapping) by extensions ['colcon_meta']
[0.893s] Level 1:colcon.colcon_core.package_identification:_identify(src/slam_gmapping/openslam_gmapping) by extension 'colcon_meta'
[0.894s] Level 1:colcon.colcon_core.package_identification:_identify(src/slam_gmapping/openslam_gmapping) by extensions ['ros']
[0.894s] Level 1:colcon.colcon_core.package_identification:_identify(src/slam_gmapping/openslam_gmapping) by extension 'ros'
[0.895s] DEBUG:colcon.colcon_core.package_identification:Package 'src/slam_gmapping/openslam_gmapping' with type 'ros.ament_cmake' and name 'openslam_gmapping'
[0.895s] Level 1:colcon.colcon_core.package_identification:_identify(src/slam_gmapping/slam_gmapping) by extensions ['ignore', 'ignore_ament_install']
[0.896s] Level 1:colcon.colcon_core.package_identification:_identify(src/slam_gmapping/slam_gmapping) by extension 'ignore'
[0.896s] Level 1:colcon.colcon_core.package_identification:_identify(src/slam_gmapping/slam_gmapping) by extension 'ignore_ament_install'
[0.896s] Level 1:colcon.colcon_core.package_identification:_identify(src/slam_gmapping/slam_gmapping) by extensions ['colcon_pkg']
[0.896s] Level 1:colcon.colcon_core.package_identification:_identify(src/slam_gmapping/slam_gmapping) by extension 'colcon_pkg'
[0.896s] Level 1:colcon.colcon_core.package_identification:_identify(src/slam_gmapping/slam_gmapping) by extensions ['colcon_meta']
[0.896s] Level 1:colcon.colcon_core.package_identification:_identify(src/slam_gmapping/slam_gmapping) by extension 'colcon_meta'
[0.896s] Level 1:colcon.colcon_core.package_identification:_identify(src/slam_gmapping/slam_gmapping) by extensions ['ros']
[0.896s] Level 1:colcon.colcon_core.package_identification:_identify(src/slam_gmapping/slam_gmapping) by extension 'ros'
[0.899s] DEBUG:colcon.colcon_core.package_identification:Package 'src/slam_gmapping/slam_gmapping' with type 'ros.ament_cmake' and name 'slam_gmapping'
[0.899s] Level 1:colcon.colcon_core.package_identification:_identify(src/slam_toolbox) by extensions ['ignore', 'ignore_ament_install']
[0.900s] Level 1:colcon.colcon_core.package_identification:_identify(src/slam_toolbox) by extension 'ignore'
[0.900s] Level 1:colcon.colcon_core.package_identification:_identify(src/slam_toolbox) by extension 'ignore_ament_install'
[0.900s] Level 1:colcon.colcon_core.package_identification:_identify(src/slam_toolbox) by extensions ['colcon_pkg']
[0.900s] Level 1:colcon.colcon_core.package_identification:_identify(src/slam_toolbox) by extension 'colcon_pkg'
[0.900s] Level 1:colcon.colcon_core.package_identification:_identify(src/slam_toolbox) by extensions ['colcon_meta']
[0.900s] Level 1:colcon.colcon_core.package_identification:_identify(src/slam_toolbox) by extension 'colcon_meta'
[0.900s] Level 1:colcon.colcon_core.package_identification:_identify(src/slam_toolbox) by extensions ['ros']
[0.900s] Level 1:colcon.colcon_core.package_identification:_identify(src/slam_toolbox) by extension 'ros'
[0.935s] DEBUG:colcon.colcon_core.package_identification:Package 'src/slam_toolbox' with type 'ros.ament_cmake' and name 'slam_toolbox'
[0.936s] Level 1:colcon.colcon_core.package_discovery:discover_packages(recursive) using defaults
[0.936s] Level 1:colcon.colcon_core.package_discovery:discover_packages(ignore) discover
[0.936s] Level 1:colcon.colcon_core.package_discovery:discover_packages(ignore) using defaults
[0.936s] Level 1:colcon.colcon_core.package_discovery:discover_packages(path) discover
[0.936s] Level 1:colcon.colcon_core.package_discovery:discover_packages(path) using defaults
[0.988s] Level 1:colcon.colcon_core.package_discovery:discover_packages(prefix_path) check parameters
[0.988s] Level 1:colcon.colcon_core.package_discovery:discover_packages(prefix_path) discover
[0.995s] DEBUG:colcon.colcon_installed_package_information.package_discovery:Found 6 installed packages in /home/rob1/eeng_462/lab4/install
[0.998s] DEBUG:colcon.colcon_installed_package_information.package_discovery:Found 363 installed packages in /opt/ros/humble
[1.003s] Level 1:colcon.colcon_core.package_discovery:discover_packages(prefix_path) using defaults
[1.115s] Level 5:colcon.colcon_core.verb:set package 'mecanum_robot' build argument 'cmake_args' from command line to 'None'
[1.115s] Level 5:colcon.colcon_core.verb:set package 'mecanum_robot' build argument 'cmake_target' from command line to 'None'
[1.115s] Level 5:colcon.colcon_core.verb:set package 'mecanum_robot' build argument 'cmake_target_skip_unavailable' from command line to 'False'
[1.115s] Level 5:colcon.colcon_core.verb:set package 'mecanum_robot' build argument 'cmake_clean_cache' from command line to 'False'
[1.115s] Level 5:colcon.colcon_core.verb:set package 'mecanum_robot' build argument 'cmake_clean_first' from command line to 'False'
[1.115s] Level 5:colcon.colcon_core.verb:set package 'mecanum_robot' build argument 'cmake_force_configure' from command line to 'False'
[1.115s] Level 5:colcon.colcon_core.verb:set package 'mecanum_robot' build argument 'ament_cmake_args' from command line to 'None'
[1.115s] Level 5:colcon.colcon_core.verb:set package 'mecanum_robot' build argument 'catkin_cmake_args' from command line to 'None'
[1.115s] Level 5:colcon.colcon_core.verb:set package 'mecanum_robot' build argument 'catkin_skip_building_tests' from command line to 'False'
[1.116s] DEBUG:colcon.colcon_core.verb:Building package 'mecanum_robot' with the following arguments: {'ament_cmake_args': None, 'build_base': '/home/rob1/eeng_462/lab4/build/mecanum_robot', 'catkin_cmake_args': None, 'catkin_skip_building_tests': False, 'cmake_args': None, 'cmake_clean_cache': False, 'cmake_clean_first': False, 'cmake_force_configure': False, 'cmake_target': None, 'cmake_target_skip_unavailable': False, 'install_base': '/home/rob1/eeng_462/lab4/install/mecanum_robot', 'merge_install': False, 'path': '/home/rob1/eeng_462/lab4/src/mecanum_robot', 'symlink_install': True, 'test_result_base': None}
[1.116s] Level 5:colcon.colcon_core.verb:set package 'openslam_gmapping' build argument 'cmake_args' from command line to 'None'
[1.117s] Level 5:colcon.colcon_core.verb:set package 'openslam_gmapping' build argument 'cmake_target' from command line to 'None'
[1.117s] Level 5:colcon.colcon_core.verb:set package 'openslam_gmapping' build argument 'cmake_target_skip_unavailable' from command line to 'False'
[1.117s] Level 5:colcon.colcon_core.verb:set package 'openslam_gmapping' build argument 'cmake_clean_cache' from command line to 'False'
[1.117s] Level 5:colcon.colcon_core.verb:set package 'openslam_gmapping' build argument 'cmake_clean_first' from command line to 'False'
[1.117s] Level 5:colcon.colcon_core.verb:set package 'openslam_gmapping' build argument 'cmake_force_configure' from command line to 'False'
[1.117s] Level 5:colcon.colcon_core.verb:set package 'openslam_gmapping' build argument 'ament_cmake_args' from command line to 'None'
[1.117s] Level 5:colcon.colcon_core.verb:set package 'openslam_gmapping' build argument 'catkin_cmake_args' from command line to 'None'
[1.117s] Level 5:colcon.colcon_core.verb:set package 'openslam_gmapping' build argument 'catkin_skip_building_tests' from command line to 'False'
[1.117s] DEBUG:colcon.colcon_core.verb:Building package 'openslam_gmapping' with the following arguments: {'ament_cmake_args': None, 'build_base': '/home/rob1/eeng_462/lab4/build/openslam_gmapping', 'catkin_cmake_args': None, 'catkin_skip_building_tests': False, 'cmake_args': None, 'cmake_clean_cache': False, 'cmake_clean_first': False, 'cmake_force_configure': False, 'cmake_target': None, 'cmake_target_skip_unavailable': False, 'install_base': '/home/rob1/eeng_462/lab4/install/openslam_gmapping', 'merge_install': False, 'path': '/home/rob1/eeng_462/lab4/src/slam_gmapping/openslam_gmapping', 'symlink_install': True, 'test_result_base': None}
[1.118s] Level 5:colcon.colcon_core.verb:set package 'rplidar_ros' build argument 'cmake_args' from command line to 'None'
[1.118s] Level 5:colcon.colcon_core.verb:set package 'rplidar_ros' build argument 'cmake_target' from command line to 'None'
[1.118s] Level 5:colcon.colcon_core.verb:set package 'rplidar_ros' build argument 'cmake_target_skip_unavailable' from command line to 'False'
[1.118s] Level 5:colcon.colcon_core.verb:set package 'rplidar_ros' build argument 'cmake_clean_cache' from command line to 'False'
[1.118s] Level 5:colcon.colcon_core.verb:set package 'rplidar_ros' build argument 'cmake_clean_first' from command line to 'False'
[1.118s] Level 5:colcon.colcon_core.verb:set package 'rplidar_ros' build argument 'cmake_force_configure' from command line to 'False'
[1.118s] Level 5:colcon.colcon_core.verb:set package 'rplidar_ros' build argument 'ament_cmake_args' from command line to 'None'
[1.118s] Level 5:colcon.colcon_core.verb:set package 'rplidar_ros' build argument 'catkin_cmake_args' from command line to 'None'
[1.118s] Level 5:colcon.colcon_core.verb:set package 'rplidar_ros' build argument 'catkin_skip_building_tests' from command line to 'False'
[1.118s] DEBUG:colcon.colcon_core.verb:Building package 'rplidar_ros' with the following arguments: {'ament_cmake_args': None, 'build_base': '/home/rob1/eeng_462/lab4/build/rplidar_ros', 'catkin_cmake_args': None, 'catkin_skip_building_tests': False, 'cmake_args': None, 'cmake_clean_cache': False, 'cmake_clean_first': False, 'cmake_force_configure': False, 'cmake_target': None, 'cmake_target_skip_unavailable': False, 'install_base': '/home/rob1/eeng_462/lab4/install/rplidar_ros', 'merge_install': False, 'path': '/home/rob1/eeng_462/lab4/src/rplidar_ros', 'symlink_install': True, 'test_result_base': None}
[1.119s] Level 5:colcon.colcon_core.verb:set package 'slam_toolbox' build argument 'cmake_args' from command line to 'None'
[1.119s] Level 5:colcon.colcon_core.verb:set package 'slam_toolbox' build argument 'cmake_target' from command line to 'None'
[1.119s] Level 5:colcon.colcon_core.verb:set package 'slam_toolbox' build argument 'cmake_target_skip_unavailable' from command line to 'False'
[1.119s] Level 5:colcon.colcon_core.verb:set package 'slam_toolbox' build argument 'cmake_clean_cache' from command line to 'False'
[1.119s] Level 5:colcon.colcon_core.verb:set package 'slam_toolbox' build argument 'cmake_clean_first' from command line to 'False'
[1.119s] Level 5:colcon.colcon_core.verb:set package 'slam_toolbox' build argument 'cmake_force_configure' from command line to 'False'
[1.119s] Level 5:colcon.colcon_core.verb:set package 'slam_toolbox' build argument 'ament_cmake_args' from command line to 'None'
[1.119s] Level 5:colcon.colcon_core.verb:set package 'slam_toolbox' build argument 'catkin_cmake_args' from command line to 'None'
[1.119s] Level 5:colcon.colcon_core.verb:set package 'slam_toolbox' build argument 'catkin_skip_building_tests' from command line to 'False'
[1.119s] DEBUG:colcon.colcon_core.verb:Building package 'slam_toolbox' with the following arguments: {'ament_cmake_args': None, 'build_base': '/home/rob1/eeng_462/lab4/build/slam_toolbox', 'catkin_cmake_args': None, 'catkin_skip_building_tests': False, 'cmake_args': None, 'cmake_clean_cache': False, 'cmake_clean_first': False, 'cmake_force_configure': False, 'cmake_target': None, 'cmake_target_skip_unavailable': False, 'install_base': '/home/rob1/eeng_462/lab4/install/slam_toolbox', 'merge_install': False, 'path': '/home/rob1/eeng_462/lab4/src/slam_toolbox', 'symlink_install': True, 'test_result_base': None}
[1.120s] Level 5:colcon.colcon_core.verb:set package 'slam_gmapping' build argument 'cmake_args' from command line to 'None'
[1.120s] Level 5:colcon.colcon_core.verb:set package 'slam_gmapping' build argument 'cmake_target' from command line to 'None'
[1.120s] Level 5:colcon.colcon_core.verb:set package 'slam_gmapping' build argument 'cmake_target_skip_unavailable' from command line to 'False'
[1.120s] Level 5:colcon.colcon_core.verb:set package 'slam_gmapping' build argument 'cmake_clean_cache' from command line to 'False'
[1.120s] Level 5:colcon.colcon_core.verb:set package 'slam_gmapping' build argument 'cmake_clean_first' from command line to 'False'
[1.120s] Level 5:colcon.colcon_core.verb:set package 'slam_gmapping' build argument 'cmake_force_configure' from command line to 'False'
[1.121s] Level 5:colcon.colcon_core.verb:set package 'slam_gmapping' build argument 'ament_cmake_args' from command line to 'None'
[1.121s] Level 5:colcon.colcon_core.verb:set package 'slam_gmapping' build argument 'catkin_cmake_args' from command line to 'None'
[1.121s] Level 5:colcon.colcon_core.verb:set package 'slam_gmapping' build argument 'catkin_skip_building_tests' from command line to 'False'
[1.121s] DEBUG:colcon.colcon_core.verb:Building package 'slam_gmapping' with the following arguments: {'ament_cmake_args': None, 'build_base': '/home/rob1/eeng_462/lab4/build/slam_gmapping', 'catkin_cmake_args': None, 'catkin_skip_building_tests': False, 'cmake_args': None, 'cmake_clean_cache': False, 'cmake_clean_first': False, 'cmake_force_configure': False, 'cmake_target': None, 'cmake_target_skip_unavailable': False, 'install_base': '/home/rob1/eeng_462/lab4/install/slam_gmapping', 'merge_install': False, 'path': '/home/rob1/eeng_462/lab4/src/slam_gmapping/slam_gmapping', 'symlink_install': True, 'test_result_base': None}
[1.121s] INFO:colcon.colcon_core.executor:Executing jobs using 'parallel' executor
[1.124s] DEBUG:colcon.colcon_parallel_executor.executor.parallel:run_until_complete
[1.124s] INFO:colcon.colcon_ros.task.ament_cmake.build:Building ROS package in '/home/rob1/eeng_462/lab4/src/slam_gmapping/openslam_gmapping' with build type 'ament_cmake'
[1.124s] INFO:colcon.colcon_cmake.task.cmake.build:Building CMake package in '/home/rob1/eeng_462/lab4/src/slam_gmapping/openslam_gmapping'
[1.132s] INFO:colcon.colcon_core.plugin_system:Skipping extension 'colcon_core.shell.bat': Not used on non-Windows systems
[1.132s] INFO:colcon.colcon_core.shell:Skip shell extension 'powershell' for command environment: Not usable outside of PowerShell
[1.132s] DEBUG:colcon.colcon_core.shell:Skip shell extension 'dsv' for command environment
[1.141s] INFO:colcon.colcon_ros.task.ament_python.build:Building ROS package in '/home/rob1/eeng_462/lab4/src/mecanum_robot' with build type 'ament_python'
[1.142s] Level 1:colcon.colcon_core.shell:create_environment_hook('mecanum_robot', 'ament_prefix_path')
[1.143s] INFO:colcon.colcon_core.shell:Creating environment hook '/home/rob1/eeng_462/lab4/install/mecanum_robot/share/mecanum_robot/hook/ament_prefix_path.ps1'
[1.145s] INFO:colcon.colcon_core.shell:Creating environment descriptor '/home/rob1/eeng_462/lab4/install/mecanum_robot/share/mecanum_robot/hook/ament_prefix_path.dsv'
[1.146s] INFO:colcon.colcon_core.shell:Creating environment hook '/home/rob1/eeng_462/lab4/install/mecanum_robot/share/mecanum_robot/hook/ament_prefix_path.sh'
[1.147s] INFO:colcon.colcon_core.shell:Skip shell extension 'powershell' for command environment: Not usable outside of PowerShell
[1.148s] DEBUG:colcon.colcon_core.shell:Skip shell extension 'dsv' for command environment
[1.156s] INFO:colcon.colcon_ros.task.ament_cmake.build:Building ROS package in '/home/rob1/eeng_462/lab4/src/rplidar_ros' with build type 'ament_cmake'
[1.156s] INFO:colcon.colcon_cmake.task.cmake.build:Building CMake package in '/home/rob1/eeng_462/lab4/src/rplidar_ros'
[1.157s] INFO:colcon.colcon_core.shell:Skip shell extension 'powershell' for command environment: Not usable outside of PowerShell
[1.157s] DEBUG:colcon.colcon_core.shell:Skip shell extension 'dsv' for command environment
[1.165s] INFO:colcon.colcon_ros.task.ament_cmake.build:Building ROS package in '/home/rob1/eeng_462/lab4/src/slam_toolbox' with build type 'ament_cmake'
[1.165s] INFO:colcon.colcon_cmake.task.cmake.build:Building CMake package in '/home/rob1/eeng_462/lab4/src/slam_toolbox'
[1.166s] INFO:colcon.colcon_core.shell:Skip shell extension 'powershell' for command environment: Not usable outside of PowerShell
[1.166s] DEBUG:colcon.colcon_core.shell:Skip shell extension 'dsv' for command environment
[1.182s] DEBUG:colcon.colcon_core.event_handler.log_command:Invoking command in '/home/rob1/eeng_462/lab4/build/openslam_gmapping': CMAKE_PREFIX_PATH=/home/rob1/eeng_462/lab4/install/sllidar_ros2:/home/rob1/eeng_462/lab4/install/slam_gmapping:/home/rob1/eeng_462/lab4/install/mecanum_robot:/opt/ros/humble:/home/rob1/eeng_462/lab4/install/rplidar_ros:/home/rob1/eeng_462/lab4/install/openslam_gmapping /usr/bin/cmake --build /home/rob1/eeng_462/lab4/build/openslam_gmapping -- -j6 -l6
[1.829s] INFO:colcon.colcon_core.task.python.build:Building Python package in '/home/rob1/eeng_462/lab4/src/mecanum_robot'
[1.830s] INFO:colcon.colcon_core.shell:Skip shell extension 'powershell' for command environment: Not usable outside of PowerShell
[1.830s] DEBUG:colcon.colcon_core.shell:Skip shell extension 'dsv' for command environment
[1.848s] DEBUG:colcon.colcon_core.event_handler.log_command:Invoking command in '/home/rob1/eeng_462/lab4/build/rplidar_ros': CMAKE_PREFIX_PATH=/home/rob1/eeng_462/lab4/install/sllidar_ros2:/home/rob1/eeng_462/lab4/install/slam_gmapping:/home/rob1/eeng_462/lab4/install/mecanum_robot:/opt/ros/humble:/home/rob1/eeng_462/lab4/install/rplidar_ros:/home/rob1/eeng_462/lab4/install/openslam_gmapping /usr/bin/cmake --build /home/rob1/eeng_462/lab4/build/rplidar_ros -- -j6 -l6
[1.858s] DEBUG:colcon.colcon_core.event_handler.log_command:Invoking command in '/home/rob1/eeng_462/lab4/build/slam_toolbox': CMAKE_PREFIX_PATH=/home/rob1/eeng_462/lab4/install/sllidar_ros2:/home/rob1/eeng_462/lab4/install/slam_gmapping:/home/rob1/eeng_462/lab4/install/mecanum_robot:/opt/ros/humble:/home/rob1/eeng_462/lab4/install/rplidar_ros:/home/rob1/eeng_462/lab4/install/openslam_gmapping /usr/bin/cmake /home/rob1/eeng_462/lab4/src/slam_toolbox -DAMENT_CMAKE_SYMLINK_INSTALL=1 -DCMAKE_INSTALL_PREFIX=/home/rob1/eeng_462/lab4/install/slam_toolbox
[1.863s] DEBUG:colcon.colcon_core.event_handler.log_command:Invoked command in '/home/rob1/eeng_462/lab4/build/openslam_gmapping' returned '0': CMAKE_PREFIX_PATH=/home/rob1/eeng_462/lab4/install/sllidar_ros2:/home/rob1/eeng_462/lab4/install/slam_gmapping:/home/rob1/eeng_462/lab4/install/mecanum_robot:/opt/ros/humble:/home/rob1/eeng_462/lab4/install/rplidar_ros:/home/rob1/eeng_462/lab4/install/openslam_gmapping /usr/bin/cmake --build /home/rob1/eeng_462/lab4/build/openslam_gmapping -- -j6 -l6
[1.885s] DEBUG:colcon.colcon_core.event_handler.log_command:Invoking command in '/home/rob1/eeng_462/lab4/build/openslam_gmapping': CMAKE_PREFIX_PATH=/home/rob1/eeng_462/lab4/install/sllidar_ros2:/home/rob1/eeng_462/lab4/install/slam_gmapping:/home/rob1/eeng_462/lab4/install/mecanum_robot:/opt/ros/humble:/home/rob1/eeng_462/lab4/install/rplidar_ros:/home/rob1/eeng_462/lab4/install/openslam_gmapping /usr/bin/cmake --install /home/rob1/eeng_462/lab4/build/openslam_gmapping
[1.964s] Level 1:colcon.colcon_core.environment:create_environment_scripts_only(openslam_gmapping)
[1.966s] DEBUG:colcon.colcon_core.event_handler.log_command:Invoked command in '/home/rob1/eeng_462/lab4/build/openslam_gmapping' returned '0': CMAKE_PREFIX_PATH=/home/rob1/eeng_462/lab4/install/sllidar_ros2:/home/rob1/eeng_462/lab4/install/slam_gmapping:/home/rob1/eeng_462/lab4/install/mecanum_robot:/opt/ros/humble:/home/rob1/eeng_462/lab4/install/rplidar_ros:/home/rob1/eeng_462/lab4/install/openslam_gmapping /usr/bin/cmake --install /home/rob1/eeng_462/lab4/build/openslam_gmapping
[1.974s] Level 1:colcon.colcon_core.environment:checking '/home/rob1/eeng_462/lab4/install/openslam_gmapping' for CMake module files
[1.976s] Level 1:colcon.colcon_core.environment:checking '/home/rob1/eeng_462/lab4/install/openslam_gmapping' for CMake config files
[1.978s] Level 1:colcon.colcon_core.shell:create_environment_hook('openslam_gmapping', 'cmake_prefix_path')
[1.978s] INFO:colcon.colcon_core.shell:Creating environment hook '/home/rob1/eeng_462/lab4/install/openslam_gmapping/share/openslam_gmapping/hook/cmake_prefix_path.ps1'
[1.980s] INFO:colcon.colcon_core.shell:Creating environment descriptor '/home/rob1/eeng_462/lab4/install/openslam_gmapping/share/openslam_gmapping/hook/cmake_prefix_path.dsv'
[1.981s] INFO:colcon.colcon_core.shell:Creating environment hook '/home/rob1/eeng_462/lab4/install/openslam_gmapping/share/openslam_gmapping/hook/cmake_prefix_path.sh'
[1.983s] Level 1:colcon.colcon_core.environment:checking '/home/rob1/eeng_462/lab4/install/openslam_gmapping/lib'
[1.983s] Level 1:colcon.colcon_core.environment:checking '/home/rob1/eeng_462/lab4/install/openslam_gmapping/bin'
[1.984s] Level 1:colcon.colcon_core.environment:checking '/home/rob1/eeng_462/lab4/install/openslam_gmapping/lib/pkgconfig/openslam_gmapping.pc'
[1.984s] Level 1:colcon.colcon_core.environment:checking '/home/rob1/eeng_462/lab4/install/openslam_gmapping/lib/python3.10/site-packages'
[1.985s] Level 1:colcon.colcon_core.environment:checking '/home/rob1/eeng_462/lab4/install/openslam_gmapping/bin'
[1.986s] INFO:colcon.colcon_core.shell:Creating package script '/home/rob1/eeng_462/lab4/install/openslam_gmapping/share/openslam_gmapping/package.ps1'
[1.988s] INFO:colcon.colcon_core.shell:Creating package descriptor '/home/rob1/eeng_462/lab4/install/openslam_gmapping/share/openslam_gmapping/package.dsv'
[1.990s] INFO:colcon.colcon_core.shell:Creating package script '/home/rob1/eeng_462/lab4/install/openslam_gmapping/share/openslam_gmapping/package.sh'
[1.992s] INFO:colcon.colcon_core.shell:Creating package script '/home/rob1/eeng_462/lab4/install/openslam_gmapping/share/openslam_gmapping/package.bash'
[1.994s] INFO:colcon.colcon_core.shell:Creating package script '/home/rob1/eeng_462/lab4/install/openslam_gmapping/share/openslam_gmapping/package.zsh'
[1.996s] Level 1:colcon.colcon_core.environment:create_file_with_runtime_dependencies(/home/rob1/eeng_462/lab4/install/openslam_gmapping/share/colcon-core/packages/openslam_gmapping)
[1.998s] Level 1:colcon.colcon_core.environment:create_environment_scripts_only(openslam_gmapping)
[1.998s] Level 1:colcon.colcon_core.environment:checking '/home/rob1/eeng_462/lab4/install/openslam_gmapping' for CMake module files
[1.999s] Level 1:colcon.colcon_core.environment:checking '/home/rob1/eeng_462/lab4/install/openslam_gmapping' for CMake config files
[2.001s] Level 1:colcon.colcon_core.shell:create_environment_hook('openslam_gmapping', 'cmake_prefix_path')
[2.002s] INFO:colcon.colcon_core.shell:Creating environment hook '/home/rob1/eeng_462/lab4/install/openslam_gmapping/share/openslam_gmapping/hook/cmake_prefix_path.ps1'
[2.003s] INFO:colcon.colcon_core.shell:Creating environment descriptor '/home/rob1/eeng_462/lab4/install/openslam_gmapping/share/openslam_gmapping/hook/cmake_prefix_path.dsv'
[2.004s] INFO:colcon.colcon_core.shell:Creating environment hook '/home/rob1/eeng_462/lab4/install/openslam_gmapping/share/openslam_gmapping/hook/cmake_prefix_path.sh'
[2.006s] Level 1:colcon.colcon_core.environment:checking '/home/rob1/eeng_462/lab4/install/openslam_gmapping/lib'
[2.007s] Level 1:colcon.colcon_core.environment:checking '/home/rob1/eeng_462/lab4/install/openslam_gmapping/bin'
[2.007s] Level 1:colcon.colcon_core.environment:checking '/home/rob1/eeng_462/lab4/install/openslam_gmapping/lib/pkgconfig/openslam_gmapping.pc'
[2.007s] Level 1:colcon.colcon_core.environment:checking '/home/rob1/eeng_462/lab4/install/openslam_gmapping/lib/python3.10/site-packages'
[2.008s] Level 1:colcon.colcon_core.environment:checking '/home/rob1/eeng_462/lab4/install/openslam_gmapping/bin'
[2.009s] INFO:colcon.colcon_core.shell:Creating package script '/home/rob1/eeng_462/lab4/install/openslam_gmapping/share/openslam_gmapping/package.ps1'
[2.011s] INFO:colcon.colcon_core.shell:Creating package descriptor '/home/rob1/eeng_462/lab4/install/openslam_gmapping/share/openslam_gmapping/package.dsv'
[2.012s] INFO:colcon.colcon_core.shell:Creating package script '/home/rob1/eeng_462/lab4/install/openslam_gmapping/share/openslam_gmapping/package.sh'
[2.014s] INFO:colcon.colcon_core.shell:Creating package script '/home/rob1/eeng_462/lab4/install/openslam_gmapping/share/openslam_gmapping/package.bash'
[2.015s] INFO:colcon.colcon_core.shell:Creating package script '/home/rob1/eeng_462/lab4/install/openslam_gmapping/share/openslam_gmapping/package.zsh'
[2.016s] Level 1:colcon.colcon_core.environment:create_file_with_runtime_dependencies(/home/rob1/eeng_462/lab4/install/openslam_gmapping/share/colcon-core/packages/openslam_gmapping)
[2.018s] INFO:colcon.colcon_ros.task.ament_cmake.build:Building ROS package in '/home/rob1/eeng_462/lab4/src/slam_gmapping/slam_gmapping' with build type 'ament_cmake'
[2.018s] INFO:colcon.colcon_cmake.task.cmake.build:Building CMake package in '/home/rob1/eeng_462/lab4/src/slam_gmapping/slam_gmapping'
[2.019s] INFO:colcon.colcon_core.shell:Skip shell extension 'powershell' for command environment: Not usable outside of PowerShell
[2.019s] DEBUG:colcon.colcon_core.shell:Skip shell extension 'dsv' for command environment
[2.040s] DEBUG:colcon.colcon_core.event_handler.log_command:Invoked command in '/home/rob1/eeng_462/lab4/build/rplidar_ros' returned '0': CMAKE_PREFIX_PATH=/home/rob1/eeng_462/lab4/install/sllidar_ros2:/home/rob1/eeng_462/lab4/install/slam_gmapping:/home/rob1/eeng_462/lab4/install/mecanum_robot:/opt/ros/humble:/home/rob1/eeng_462/lab4/install/rplidar_ros:/home/rob1/eeng_462/lab4/install/openslam_gmapping /usr/bin/cmake --build /home/rob1/eeng_462/lab4/build/rplidar_ros -- -j6 -l6
[2.045s] DEBUG:colcon.colcon_core.event_handler.log_command:Invoking command in '/home/rob1/eeng_462/lab4/build/rplidar_ros': CMAKE_PREFIX_PATH=/home/rob1/eeng_462/lab4/install/sllidar_ros2:/home/rob1/eeng_462/lab4/install/slam_gmapping:/home/rob1/eeng_462/lab4/install/mecanum_robot:/opt/ros/humble:/home/rob1/eeng_462/lab4/install/rplidar_ros:/home/rob1/eeng_462/lab4/install/openslam_gmapping /usr/bin/cmake --install /home/rob1/eeng_462/lab4/build/rplidar_ros
[2.050s] DEBUG:colcon.colcon_core.event_handler.log_command:Invoking command in '/home/rob1/eeng_462/lab4/build/slam_gmapping': CMAKE_PREFIX_PATH=/home/rob1/eeng_462/lab4/install/openslam_gmapping:/home/rob1/eeng_462/lab4/install/sllidar_ros2:/home/rob1/eeng_462/lab4/install/slam_gmapping:/home/rob1/eeng_462/lab4/install/mecanum_robot:/opt/ros/humble:/home/rob1/eeng_462/lab4/install/rplidar_ros /usr/bin/cmake --build /home/rob1/eeng_462/lab4/build/slam_gmapping -- -j6 -l6
[2.102s] Level 1:colcon.colcon_core.environment:create_environment_scripts_only(rplidar_ros)
[2.103s] Level 1:colcon.colcon_core.environment:checking '/home/rob1/eeng_462/lab4/install/rplidar_ros' for CMake module files
[2.105s] DEBUG:colcon.colcon_core.event_handler.log_command:Invoked command in '/home/rob1/eeng_462/lab4/build/rplidar_ros' returned '0': CMAKE_PREFIX_PATH=/home/rob1/eeng_462/lab4/install/sllidar_ros2:/home/rob1/eeng_462/lab4/install/slam_gmapping:/home/rob1/eeng_462/lab4/install/mecanum_robot:/opt/ros/humble:/home/rob1/eeng_462/lab4/install/rplidar_ros:/home/rob1/eeng_462/lab4/install/openslam_gmapping /usr/bin/cmake --install /home/rob1/eeng_462/lab4/build/rplidar_ros
[2.106s] Level 1:colcon.colcon_core.environment:checking '/home/rob1/eeng_462/lab4/install/rplidar_ros' for CMake config files
[2.108s] Level 1:colcon.colcon_core.shell:create_environment_hook('rplidar_ros', 'cmake_prefix_path')
[2.108s] INFO:colcon.colcon_core.shell:Creating environment hook '/home/rob1/eeng_462/lab4/install/rplidar_ros/share/rplidar_ros/hook/cmake_prefix_path.ps1'
[2.110s] INFO:colcon.colcon_core.shell:Creating environment descriptor '/home/rob1/eeng_462/lab4/install/rplidar_ros/share/rplidar_ros/hook/cmake_prefix_path.dsv'
[2.112s] INFO:colcon.colcon_core.shell:Creating environment hook '/home/rob1/eeng_462/lab4/install/rplidar_ros/share/rplidar_ros/hook/cmake_prefix_path.sh'
[2.114s] Level 1:colcon.colcon_core.environment:checking '/home/rob1/eeng_462/lab4/install/rplidar_ros/lib'
[2.114s] Level 1:colcon.colcon_core.environment:checking '/home/rob1/eeng_462/lab4/install/rplidar_ros/bin'
[2.114s] Level 1:colcon.colcon_core.environment:checking '/home/rob1/eeng_462/lab4/install/rplidar_ros/lib/pkgconfig/rplidar_ros.pc'
[2.115s] Level 1:colcon.colcon_core.environment:checking '/home/rob1/eeng_462/lab4/install/rplidar_ros/lib/python3.10/site-packages'
[2.116s] Level 1:colcon.colcon_core.environment:checking '/home/rob1/eeng_462/lab4/install/rplidar_ros/bin'
[2.117s] INFO:colcon.colcon_core.shell:Creating package script '/home/rob1/eeng_462/lab4/install/rplidar_ros/share/rplidar_ros/package.ps1'
[2.118s] INFO:colcon.colcon_core.shell:Creating package descriptor '/home/rob1/eeng_462/lab4/install/rplidar_ros/share/rplidar_ros/package.dsv'
[2.120s] INFO:colcon.colcon_core.shell:Creating package script '/home/rob1/eeng_462/lab4/install/rplidar_ros/share/rplidar_ros/package.sh'
[2.122s] INFO:colcon.colcon_core.shell:Creating package script '/home/rob1/eeng_462/lab4/install/rplidar_ros/share/rplidar_ros/package.bash'
[2.123s] INFO:colcon.colcon_core.shell:Creating package script '/home/rob1/eeng_462/lab4/install/rplidar_ros/share/rplidar_ros/package.zsh'
[2.124s] Level 1:colcon.colcon_core.environment:create_file_with_runtime_dependencies(/home/rob1/eeng_462/lab4/install/rplidar_ros/share/colcon-core/packages/rplidar_ros)
[2.125s] Level 1:colcon.colcon_core.environment:create_environment_scripts_only(rplidar_ros)
[2.126s] Level 1:colcon.colcon_core.environment:checking '/home/rob1/eeng_462/lab4/install/rplidar_ros' for CMake module files
[2.128s] Level 1:colcon.colcon_core.environment:checking '/home/rob1/eeng_462/lab4/install/rplidar_ros' for CMake config files
[2.130s] Level 1:colcon.colcon_core.shell:create_environment_hook('rplidar_ros', 'cmake_prefix_path')
[2.130s] INFO:colcon.colcon_core.shell:Creating environment hook '/home/rob1/eeng_462/lab4/install/rplidar_ros/share/rplidar_ros/hook/cmake_prefix_path.ps1'
[2.131s] INFO:colcon.colcon_core.shell:Creating environment descriptor '/home/rob1/eeng_462/lab4/install/rplidar_ros/share/rplidar_ros/hook/cmake_prefix_path.dsv'
[2.132s] INFO:colcon.colcon_core.shell:Creating environment hook '/home/rob1/eeng_462/lab4/install/rplidar_ros/share/rplidar_ros/hook/cmake_prefix_path.sh'
[2.134s] Level 1:colcon.colcon_core.environment:checking '/home/rob1/eeng_462/lab4/install/rplidar_ros/lib'
[2.134s] Level 1:colcon.colcon_core.environment:checking '/home/rob1/eeng_462/lab4/install/rplidar_ros/bin'
[2.134s] Level 1:colcon.colcon_core.environment:checking '/home/rob1/eeng_462/lab4/install/rplidar_ros/lib/pkgconfig/rplidar_ros.pc'
[2.134s] Level 1:colcon.colcon_core.environment:checking '/home/rob1/eeng_462/lab4/install/rplidar_ros/lib/python3.10/site-packages'
[2.135s] Level 1:colcon.colcon_core.environment:checking '/home/rob1/eeng_462/lab4/install/rplidar_ros/bin'
[2.136s] INFO:colcon.colcon_core.shell:Creating package script '/home/rob1/eeng_462/lab4/install/rplidar_ros/share/rplidar_ros/package.ps1'
[2.138s] INFO:colcon.colcon_core.shell:Creating package descriptor '/home/rob1/eeng_462/lab4/install/rplidar_ros/share/rplidar_ros/package.dsv'
[2.139s] INFO:colcon.colcon_core.shell:Creating package script '/home/rob1/eeng_462/lab4/install/rplidar_ros/share/rplidar_ros/package.sh'
[2.140s] INFO:colcon.colcon_core.shell:Creating package script '/home/rob1/eeng_462/lab4/install/rplidar_ros/share/rplidar_ros/package.bash'
[2.141s] INFO:colcon.colcon_core.shell:Creating package script '/home/rob1/eeng_462/lab4/install/rplidar_ros/share/rplidar_ros/package.zsh'
[2.142s] Level 1:colcon.colcon_core.environment:create_file_with_runtime_dependencies(/home/rob1/eeng_462/lab4/install/rplidar_ros/share/colcon-core/packages/rplidar_ros)
[2.223s] DEBUG:colcon.colcon_core.event_handler.log_command:Invoked command in '/home/rob1/eeng_462/lab4/build/slam_gmapping' returned '0': CMAKE_PREFIX_PATH=/home/rob1/eeng_462/lab4/install/openslam_gmapping:/home/rob1/eeng_462/lab4/install/sllidar_ros2:/home/rob1/eeng_462/lab4/install/slam_gmapping:/home/rob1/eeng_462/lab4/install/mecanum_robot:/opt/ros/humble:/home/rob1/eeng_462/lab4/install/rplidar_ros /usr/bin/cmake --build /home/rob1/eeng_462/lab4/build/slam_gmapping -- -j6 -l6
[2.228s] DEBUG:colcon.colcon_core.event_handler.log_command:Invoking command in '/home/rob1/eeng_462/lab4/build/slam_gmapping': CMAKE_PREFIX_PATH=/home/rob1/eeng_462/lab4/install/openslam_gmapping:/home/rob1/eeng_462/lab4/install/sllidar_ros2:/home/rob1/eeng_462/lab4/install/slam_gmapping:/home/rob1/eeng_462/lab4/install/mecanum_robot:/opt/ros/humble:/home/rob1/eeng_462/lab4/install/rplidar_ros /usr/bin/cmake --install /home/rob1/eeng_462/lab4/build/slam_gmapping
[2.270s] Level 1:colcon.colcon_core.environment:create_environment_scripts_only(slam_gmapping)
[2.271s] Level 1:colcon.colcon_core.environment:checking '/home/rob1/eeng_462/lab4/install/slam_gmapping' for CMake module files
[2.273s] Level 1:colcon.colcon_core.environment:checking '/home/rob1/eeng_462/lab4/install/slam_gmapping' for CMake config files
[2.275s] Level 1:colcon.colcon_core.shell:create_environment_hook('slam_gmapping', 'cmake_prefix_path')
[2.276s] INFO:colcon.colcon_core.shell:Creating environment hook '/home/rob1/eeng_462/lab4/install/slam_gmapping/share/slam_gmapping/hook/cmake_prefix_path.ps1'
[2.277s] DEBUG:colcon.colcon_core.event_handler.log_command:Invoked command in '/home/rob1/eeng_462/lab4/build/slam_gmapping' returned '0': CMAKE_PREFIX_PATH=/home/rob1/eeng_462/lab4/install/openslam_gmapping:/home/rob1/eeng_462/lab4/install/sllidar_ros2:/home/rob1/eeng_462/lab4/install/slam_gmapping:/home/rob1/eeng_462/lab4/install/mecanum_robot:/opt/ros/humble:/home/rob1/eeng_462/lab4/install/rplidar_ros /usr/bin/cmake --install /home/rob1/eeng_462/lab4/build/slam_gmapping
[2.280s] INFO:colcon.colcon_core.shell:Creating environment descriptor '/home/rob1/eeng_462/lab4/install/slam_gmapping/share/slam_gmapping/hook/cmake_prefix_path.dsv'
[2.281s] INFO:colcon.colcon_core.shell:Creating environment hook '/home/rob1/eeng_462/lab4/install/slam_gmapping/share/slam_gmapping/hook/cmake_prefix_path.sh'
[2.283s] Level 1:colcon.colcon_core.environment:checking '/home/rob1/eeng_462/lab4/install/slam_gmapping/lib'
[2.284s] Level 1:colcon.colcon_core.environment:checking '/home/rob1/eeng_462/lab4/install/slam_gmapping/bin'
[2.284s] Level 1:colcon.colcon_core.environment:checking '/home/rob1/eeng_462/lab4/install/slam_gmapping/lib/pkgconfig/slam_gmapping.pc'
[2.285s] Level 1:colcon.colcon_core.environment:checking '/home/rob1/eeng_462/lab4/install/slam_gmapping/lib/python3.10/site-packages'
[2.286s] Level 1:colcon.colcon_core.environment:checking '/home/rob1/eeng_462/lab4/install/slam_gmapping/bin'
[2.287s] INFO:colcon.colcon_core.shell:Creating package script '/home/rob1/eeng_462/lab4/install/slam_gmapping/share/slam_gmapping/package.ps1'
[2.289s] INFO:colcon.colcon_core.shell:Creating package descriptor '/home/rob1/eeng_462/lab4/install/slam_gmapping/share/slam_gmapping/package.dsv'
[2.291s] INFO:colcon.colcon_core.shell:Creating package script '/home/rob1/eeng_462/lab4/install/slam_gmapping/share/slam_gmapping/package.sh'
[2.292s] INFO:colcon.colcon_core.shell:Creating package script '/home/rob1/eeng_462/lab4/install/slam_gmapping/share/slam_gmapping/package.bash'
[2.294s] INFO:colcon.colcon_core.shell:Creating package script '/home/rob1/eeng_462/lab4/install/slam_gmapping/share/slam_gmapping/package.zsh'
[2.295s] Level 1:colcon.colcon_core.environment:create_file_with_runtime_dependencies(/home/rob1/eeng_462/lab4/install/slam_gmapping/share/colcon-core/packages/slam_gmapping)
[2.297s] Level 1:colcon.colcon_core.environment:create_environment_scripts_only(slam_gmapping)
[2.298s] Level 1:colcon.colcon_core.environment:checking '/home/rob1/eeng_462/lab4/install/slam_gmapping' for CMake module files
[2.300s] Level 1:colcon.colcon_core.environment:checking '/home/rob1/eeng_462/lab4/install/slam_gmapping' for CMake config files
[2.301s] Level 1:colcon.colcon_core.shell:create_environment_hook('slam_gmapping', 'cmake_prefix_path')
[2.302s] INFO:colcon.colcon_core.shell:Creating environment hook '/home/rob1/eeng_462/lab4/install/slam_gmapping/share/slam_gmapping/hook/cmake_prefix_path.ps1'
[2.303s] INFO:colcon.colcon_core.shell:Creating environment descriptor '/home/rob1/eeng_462/lab4/install/slam_gmapping/share/slam_gmapping/hook/cmake_prefix_path.dsv'
[2.304s] INFO:colcon.colcon_core.shell:Creating environment hook '/home/rob1/eeng_462/lab4/install/slam_gmapping/share/slam_gmapping/hook/cmake_prefix_path.sh'
[2.306s] Level 1:colcon.colcon_core.environment:checking '/home/rob1/eeng_462/lab4/install/slam_gmapping/lib'
[2.306s] Level 1:colcon.colcon_core.environment:checking '/home/rob1/eeng_462/lab4/install/slam_gmapping/bin'
[2.307s] Level 1:colcon.colcon_core.environment:checking '/home/rob1/eeng_462/lab4/install/slam_gmapping/lib/pkgconfig/slam_gmapping.pc'
[2.307s] Level 1:colcon.colcon_core.environment:checking '/home/rob1/eeng_462/lab4/install/slam_gmapping/lib/python3.10/site-packages'
[2.308s] Level 1:colcon.colcon_core.environment:checking '/home/rob1/eeng_462/lab4/install/slam_gmapping/bin'
[2.309s] INFO:colcon.colcon_core.shell:Creating package script '/home/rob1/eeng_462/lab4/install/slam_gmapping/share/slam_gmapping/package.ps1'
[2.311s] INFO:colcon.colcon_core.shell:Creating package descriptor '/home/rob1/eeng_462/lab4/install/slam_gmapping/share/slam_gmapping/package.dsv'
[2.312s] INFO:colcon.colcon_core.shell:Creating package script '/home/rob1/eeng_462/lab4/install/slam_gmapping/share/slam_gmapping/package.sh'
[2.314s] INFO:colcon.colcon_core.shell:Creating package script '/home/rob1/eeng_462/lab4/install/slam_gmapping/share/slam_gmapping/package.bash'
[2.315s] INFO:colcon.colcon_core.shell:Creating package script '/home/rob1/eeng_462/lab4/install/slam_gmapping/share/slam_gmapping/package.zsh'
[2.316s] Level 1:colcon.colcon_core.environment:create_file_with_runtime_dependencies(/home/rob1/eeng_462/lab4/install/slam_gmapping/share/colcon-core/packages/slam_gmapping)
[2.944s] DEBUG:colcon.colcon_core.event_handler.log_command:Invoking command in '/home/rob1/eeng_462/lab4/build/mecanum_robot': PYTHONPATH=/home/rob1/eeng_462/lab4/build/mecanum_robot/prefix_override:/usr/lib/python3/dist-packages/colcon_core/task/python/colcon_distutils_commands:/home/rob1/eeng_462/lab4/install/mecanum_robot/lib/python3.10/site-packages:${PYTHONPATH} /usr/bin/python3 -W ignore:setup.py install is deprecated -W ignore:easy_install command is deprecated setup.py develop --editable --build-directory /home/rob1/eeng_462/lab4/build/mecanum_robot/build --no-deps symlink_data
[4.096s] Level 1:colcon.colcon_core.shell:create_environment_hook('mecanum_robot', 'pythonpath_develop')
[4.098s] INFO:colcon.colcon_core.shell:Creating environment hook '/home/rob1/eeng_462/lab4/build/mecanum_robot/share/mecanum_robot/hook/pythonpath_develop.ps1'
[4.100s] DEBUG:colcon.colcon_core.event_handler.log_command:Invoked command in '/home/rob1/eeng_462/lab4/build/mecanum_robot' returned '0': PYTHONPATH=/home/rob1/eeng_462/lab4/build/mecanum_robot/prefix_override:/usr/lib/python3/dist-packages/colcon_core/task/python/colcon_distutils_commands:/home/rob1/eeng_462/lab4/install/mecanum_robot/lib/python3.10/site-packages:${PYTHONPATH} /usr/bin/python3 -W ignore:setup.py install is deprecated -W ignore:easy_install command is deprecated setup.py develop --editable --build-directory /home/rob1/eeng_462/lab4/build/mecanum_robot/build --no-deps symlink_data
[4.101s] INFO:colcon.colcon_core.shell:Creating environment descriptor '/home/rob1/eeng_462/lab4/build/mecanum_robot/share/mecanum_robot/hook/pythonpath_develop.dsv'
[4.102s] INFO:colcon.colcon_core.shell:Creating environment hook '/home/rob1/eeng_462/lab4/build/mecanum_robot/share/mecanum_robot/hook/pythonpath_develop.sh'
[4.105s] Level 1:colcon.colcon_core.environment:checking '/home/rob1/eeng_462/lab4/install/mecanum_robot' for CMake module files
[4.106s] Level 1:colcon.colcon_core.environment:checking '/home/rob1/eeng_462/lab4/install/mecanum_robot' for CMake config files
[4.108s] Level 1:colcon.colcon_core.environment:checking '/home/rob1/eeng_462/lab4/install/mecanum_robot/lib'
[4.108s] Level 1:colcon.colcon_core.environment:checking '/home/rob1/eeng_462/lab4/install/mecanum_robot/bin'
[4.109s] Level 1:colcon.colcon_core.environment:checking '/home/rob1/eeng_462/lab4/install/mecanum_robot/lib/pkgconfig/mecanum_robot.pc'
[4.109s] Level 1:colcon.colcon_core.environment:checking '/home/rob1/eeng_462/lab4/install/mecanum_robot/lib/python3.10/site-packages'
[4.110s] Level 1:colcon.colcon_core.shell:create_environment_hook('mecanum_robot', 'pythonpath')
[4.110s] INFO:colcon.colcon_core.shell:Creating environment hook '/home/rob1/eeng_462/lab4/install/mecanum_robot/share/mecanum_robot/hook/pythonpath.ps1'
[4.112s] INFO:colcon.colcon_core.shell:Creating environment descriptor '/home/rob1/eeng_462/lab4/install/mecanum_robot/share/mecanum_robot/hook/pythonpath.dsv'
[4.114s] INFO:colcon.colcon_core.shell:Creating environment hook '/home/rob1/eeng_462/lab4/install/mecanum_robot/share/mecanum_robot/hook/pythonpath.sh'
[4.116s] Level 1:colcon.colcon_core.environment:checking '/home/rob1/eeng_462/lab4/install/mecanum_robot/bin'
[4.116s] Level 1:colcon.colcon_core.environment:create_environment_scripts_only(mecanum_robot)
[4.118s] INFO:colcon.colcon_core.shell:Creating package script '/home/rob1/eeng_462/lab4/install/mecanum_robot/share/mecanum_robot/package.ps1'
[4.120s] INFO:colcon.colcon_core.shell:Creating package descriptor '/home/rob1/eeng_462/lab4/install/mecanum_robot/share/mecanum_robot/package.dsv'
[4.122s] INFO:colcon.colcon_core.shell:Creating package script '/home/rob1/eeng_462/lab4/install/mecanum_robot/share/mecanum_robot/package.sh'
[4.123s] INFO:colcon.colcon_core.shell:Creating package script '/home/rob1/eeng_462/lab4/install/mecanum_robot/share/mecanum_robot/package.bash'
[4.125s] INFO:colcon.colcon_core.shell:Creating package script '/home/rob1/eeng_462/lab4/install/mecanum_robot/share/mecanum_robot/package.zsh'
[4.126s] Level 1:colcon.colcon_core.environment:create_file_with_runtime_dependencies(/home/rob1/eeng_462/lab4/install/mecanum_robot/share/colcon-core/packages/mecanum_robot)
[6.763s] DEBUG:colcon.colcon_core.event_handler.log_command:Invoked command in '/home/rob1/eeng_462/lab4/build/slam_toolbox' returned '1': CMAKE_PREFIX_PATH=/home/rob1/eeng_462/lab4/install/sllidar_ros2:/home/rob1/eeng_462/lab4/install/slam_gmapping:/home/rob1/eeng_462/lab4/install/mecanum_robot:/opt/ros/humble:/home/rob1/eeng_462/lab4/install/rplidar_ros:/home/rob1/eeng_462/lab4/install/openslam_gmapping /usr/bin/cmake /home/rob1/eeng_462/lab4/src/slam_toolbox -DAMENT_CMAKE_SYMLINK_INSTALL=1 -DCMAKE_INSTALL_PREFIX=/home/rob1/eeng_462/lab4/install/slam_toolbox
[6.793s] Level 1:colcon.colcon_core.environment:create_environment_scripts_only(slam_toolbox)
[6.794s] Level 1:colcon.colcon_core.environment:checking '/home/rob1/eeng_462/lab4/install/slam_toolbox' for CMake module files
[6.795s] Level 1:colcon.colcon_core.environment:checking '/home/rob1/eeng_462/lab4/install/slam_toolbox' for CMake config files
[6.796s] Level 1:colcon.colcon_core.environment:checking '/home/rob1/eeng_462/lab4/install/slam_toolbox/bin'
[6.796s] Level 1:colcon.colcon_core.environment:checking '/home/rob1/eeng_462/lab4/install/slam_toolbox/lib/pkgconfig/slam_toolbox.pc'
[6.797s] Level 1:colcon.colcon_core.environment:checking '/home/rob1/eeng_462/lab4/install/slam_toolbox/lib/python3.10/site-packages'
[6.798s] Level 1:colcon.colcon_core.environment:checking '/home/rob1/eeng_462/lab4/install/slam_toolbox/bin'
[6.799s] INFO:colcon.colcon_core.shell:Creating package script '/home/rob1/eeng_462/lab4/install/slam_toolbox/share/slam_toolbox/package.ps1'
[6.801s] INFO:colcon.colcon_core.shell:Creating package descriptor '/home/rob1/eeng_462/lab4/install/slam_toolbox/share/slam_toolbox/package.dsv'
[6.802s] INFO:colcon.colcon_core.shell:Creating package script '/home/rob1/eeng_462/lab4/install/slam_toolbox/share/slam_toolbox/package.sh'
[6.803s] INFO:colcon.colcon_core.shell:Creating package script '/home/rob1/eeng_462/lab4/install/slam_toolbox/share/slam_toolbox/package.bash'
[6.805s] INFO:colcon.colcon_core.shell:Creating package script '/home/rob1/eeng_462/lab4/install/slam_toolbox/share/slam_toolbox/package.zsh'
[6.806s] Level 1:colcon.colcon_core.environment:create_file_with_runtime_dependencies(/home/rob1/eeng_462/lab4/install/slam_toolbox/share/colcon-core/packages/slam_toolbox)
[6.817s] DEBUG:colcon.colcon_parallel_executor.executor.parallel:closing loop
[6.818s] DEBUG:colcon.colcon_parallel_executor.executor.parallel:loop closed
[6.819s] DEBUG:colcon.colcon_parallel_executor.executor.parallel:run_until_complete finished with '1'
[6.819s] DEBUG:colcon.colcon_core.event_reactor:joining thread
[6.838s] INFO:colcon.colcon_core.plugin_system:Skipping extension 'colcon_notification.desktop_notification.terminal_notifier': Not used on non-Darwin systems
[6.838s] INFO:colcon.colcon_core.plugin_system:Skipping extension 'colcon_notification.desktop_notification.win32': Not used on non-Windows systems
[6.838s] INFO:colcon.colcon_notification.desktop_notification:Sending desktop notification using 'notify2'
[6.976s] DEBUG:colcon.colcon_core.event_reactor:joined thread
[6.977s] INFO:colcon.colcon_core.shell:Creating prefix script '/home/rob1/eeng_462/lab4/install/local_setup.ps1'
[6.980s] INFO:colcon.colcon_core.shell:Creating prefix util module '/home/rob1/eeng_462/lab4/install/_local_setup_util_ps1.py'
[6.984s] INFO:colcon.colcon_core.shell:Creating prefix chain script '/home/rob1/eeng_462/lab4/install/setup.ps1'
[6.987s] INFO:colcon.colcon_core.shell:Creating prefix script '/home/rob1/eeng_462/lab4/install/local_setup.sh'
[6.989s] INFO:colcon.colcon_core.shell:Creating prefix util module '/home/rob1/eeng_462/lab4/install/_local_setup_util_sh.py'
[6.991s] INFO:colcon.colcon_core.shell:Creating prefix chain script '/home/rob1/eeng_462/lab4/install/setup.sh'
[6.995s] INFO:colcon.colcon_core.shell:Creating prefix script '/home/rob1/eeng_462/lab4/install/local_setup.bash'
[6.997s] INFO:colcon.colcon_core.shell:Creating prefix chain script '/home/rob1/eeng_462/lab4/install/setup.bash'
[7.001s] INFO:colcon.colcon_core.shell:Creating prefix script '/home/rob1/eeng_462/lab4/install/local_setup.zsh'
[7.003s] INFO:colcon.colcon_core.shell:Creating prefix chain script '/home/rob1/eeng_462/lab4/install/setup.zsh'
