[0.288s] DEBUG:colcon:Command line arguments: ['/usr/bin/colcon', 'build', '--symlink-install']
[0.288s] DEBUG:colcon:Parsed command line arguments: Namespace(log_base=None, log_level=None, verb_name='build', build_base='build', install_base='install', merge_install=False, symlink_install=True, test_result_base=None, continue_on_error=False, executor='parallel', parallel_workers=6, event_handlers=None, ignore_user_meta=False, metas=['./colcon.meta'], base_paths=['.'], packages_ignore=None, packages_ignore_regex=None, paths=None, packages_up_to=None, packages_up_to_regex=None, packages_above=None, packages_above_and_dependencies=None, packages_above_depth=None, packages_select_by_dep=None, packages_skip_by_dep=None, packages_skip_up_to=None, packages_select_build_failed=False, packages_skip_build_finished=False, packages_select_test_failures=False, packages_skip_test_passed=False, packages_select=None, packages_skip=None, packages_select_regex=None, packages_skip_regex=None, packages_start=None, packages_end=None, allow_overriding=[], cmake_args=None, cmake_target=None, cmake_target_skip_unavailable=False, cmake_clean_cache=False, cmake_clean_first=False, cmake_force_configure=False, ament_cmake_args=None, catkin_cmake_args=None, catkin_skip_building_tests=False, mixin_files=None, mixin=None, verb_parser=<colcon_mixin.mixin.mixin_argument.MixinArgumentDecorator object at 0xffffa8d872b0>, verb_extension=<colcon_core.verb.build.BuildVerb object at 0xffffa8f74cd0>, main=<bound method BuildVerb.main of <colcon_core.verb.build.BuildVerb object at 0xffffa8f74cd0>>, mixin_verb=('build',))
[0.724s] Level 1:colcon.colcon_core.package_discovery:discover_packages(colcon_meta) check parameters
[0.725s] Level 1:colcon.colcon_core.package_discovery:discover_packages(recursive) check parameters
[0.725s] Level 1:colcon.colcon_core.package_discovery:discover_packages(ignore) check parameters
[0.725s] Level 1:colcon.colcon_core.package_discovery:discover_packages(path) check parameters
[0.725s] Level 1:colcon.colcon_core.package_discovery:discover_packages(colcon_meta) discover
[0.725s] Level 1:colcon.colcon_core.package_discovery:discover_packages(recursive) discover
[0.725s] INFO:colcon.colcon_core.package_discovery:Crawling recursively for packages in '/home/rob1/eeng_462/lab4'
[0.725s] Level 1:colcon.colcon_core.package_identification:_identify(.) by extensions ['ignore', 'ignore_ament_install']
[0.726s] Level 1:colcon.colcon_core.package_identification:_identify(.) by extension 'ignore'
[0.726s] Level 1:colcon.colcon_core.package_identification:_identify(.) by extension 'ignore_ament_install'
[0.726s] Level 1:colcon.colcon_core.package_identification:_identify(.) by extensions ['colcon_pkg']
[0.726s] Level 1:colcon.colcon_core.package_identification:_identify(.) by extension 'colcon_pkg'
[0.727s] Level 1:colcon.colcon_core.package_identification:_identify(.) by extensions ['colcon_meta']
[0.727s] Level 1:colcon.colcon_core.package_identification:_identify(.) by extension 'colcon_meta'
[0.727s] Level 1:colcon.colcon_core.package_identification:_identify(.) by extensions ['ros']
[0.727s] Level 1:colcon.colcon_core.package_identification:_identify(.) by extension 'ros'
[0.779s] Level 1:colcon.colcon_core.package_identification:_identify(.) by extensions ['cmake', 'python']
[0.779s] Level 1:colcon.colcon_core.package_identification:_identify(.) by extension 'cmake'
[0.780s] Level 1:colcon.colcon_core.package_identification:_identify(.) by extension 'python'
[0.780s] Level 1:colcon.colcon_core.package_identification:_identify(.) by extensions ['python_setup_py']
[0.780s] Level 1:colcon.colcon_core.package_identification:_identify(.) by extension 'python_setup_py'
[0.780s] Level 1:colcon.colcon_core.package_identification:_identify(build) by extensions ['ignore', 'ignore_ament_install']
[0.780s] Level 1:colcon.colcon_core.package_identification:_identify(build) by extension 'ignore'
[0.781s] Level 1:colcon.colcon_core.package_identification:_identify(build) ignored
[0.781s] Level 1:colcon.colcon_core.package_identification:_identify(install) by extensions ['ignore', 'ignore_ament_install']
[0.781s] Level 1:colcon.colcon_core.package_identification:_identify(install) by extension 'ignore'
[0.781s] Level 1:colcon.colcon_core.package_identification:_identify(install) ignored
[0.782s] Level 1:colcon.colcon_core.package_identification:_identify(log) by extensions ['ignore', 'ignore_ament_install']
[0.782s] Level 1:colcon.colcon_core.package_identification:_identify(log) by extension 'ignore'
[0.782s] Level 1:colcon.colcon_core.package_identification:_identify(log) ignored
[0.782s] Level 1:colcon.colcon_core.package_identification:_identify(src) by extensions ['ignore', 'ignore_ament_install']
[0.782s] Level 1:colcon.colcon_core.package_identification:_identify(src) by extension 'ignore'
[0.782s] Level 1:colcon.colcon_core.package_identification:_identify(src) by extension 'ignore_ament_install'
[0.783s] Level 1:colcon.colcon_core.package_identification:_identify(src) by extensions ['colcon_pkg']
[0.783s] Level 1:colcon.colcon_core.package_identification:_identify(src) by extension 'colcon_pkg'
[0.783s] Level 1:colcon.colcon_core.package_identification:_identify(src) by extensions ['colcon_meta']
[0.783s] Level 1:colcon.colcon_core.package_identification:_identify(src) by extension 'colcon_meta'
[0.783s] Level 1:colcon.colcon_core.package_identification:_identify(src) by extensions ['ros']
[0.783s] Level 1:colcon.colcon_core.package_identification:_identify(src) by extension 'ros'
[0.783s] Level 1:colcon.colcon_core.package_identification:_identify(src) by extensions ['cmake', 'python']
[0.783s] Level 1:colcon.colcon_core.package_identification:_identify(src) by extension 'cmake'
[0.783s] Level 1:colcon.colcon_core.package_identification:_identify(src) by extension 'python'
[0.784s] Level 1:colcon.colcon_core.package_identification:_identify(src) by extensions ['python_setup_py']
[0.784s] Level 1:colcon.colcon_core.package_identification:_identify(src) by extension 'python_setup_py'
[0.784s] Level 1:colcon.colcon_core.package_identification:_identify(src/mecanum_robot) by extensions ['ignore', 'ignore_ament_install']
[0.784s] Level 1:colcon.colcon_core.package_identification:_identify(src/mecanum_robot) by extension 'ignore'
[0.784s] Level 1:colcon.colcon_core.package_identification:_identify(src/mecanum_robot) by extension 'ignore_ament_install'
[0.784s] Level 1:colcon.colcon_core.package_identification:_identify(src/mecanum_robot) by extensions ['colcon_pkg']
[0.784s] Level 1:colcon.colcon_core.package_identification:_identify(src/mecanum_robot) by extension 'colcon_pkg'
[0.785s] Level 1:colcon.colcon_core.package_identification:_identify(src/mecanum_robot) by extensions ['colcon_meta']
[0.785s] Level 1:colcon.colcon_core.package_identification:_identify(src/mecanum_robot) by extension 'colcon_meta'
[0.785s] Level 1:colcon.colcon_core.package_identification:_identify(src/mecanum_robot) by extensions ['ros']
[0.785s] Level 1:colcon.colcon_core.package_identification:_identify(src/mecanum_robot) by extension 'ros'
[0.790s] DEBUG:colcon.colcon_core.package_identification:Package 'src/mecanum_robot' with type 'ros.ament_python' and name 'mecanum_robot'
[0.791s] Level 1:colcon.colcon_core.package_identification:_identify(src/rplidar_ros) by extensions ['ignore', 'ignore_ament_install']
[0.791s] Level 1:colcon.colcon_core.package_identification:_identify(src/rplidar_ros) by extension 'ignore'
[0.791s] Level 1:colcon.colcon_core.package_identification:_identify(src/rplidar_ros) by extension 'ignore_ament_install'
[0.791s] Level 1:colcon.colcon_core.package_identification:_identify(src/rplidar_ros) by extensions ['colcon_pkg']
[0.791s] Level 1:colcon.colcon_core.package_identification:_identify(src/rplidar_ros) by extension 'colcon_pkg'
[0.792s] Level 1:colcon.colcon_core.package_identification:_identify(src/rplidar_ros) by extensions ['colcon_meta']
[0.792s] Level 1:colcon.colcon_core.package_identification:_identify(src/rplidar_ros) by extension 'colcon_meta'
[0.792s] Level 1:colcon.colcon_core.package_identification:_identify(src/rplidar_ros) by extensions ['ros']
[0.792s] Level 1:colcon.colcon_core.package_identification:_identify(src/rplidar_ros) by extension 'ros'
[0.793s] DEBUG:colcon.colcon_core.package_identification:Package 'src/rplidar_ros' with type 'ros.ament_cmake' and name 'rplidar_ros'
[0.794s] Level 1:colcon.colcon_core.package_identification:_identify(src/slam_toolbox) by extensions ['ignore', 'ignore_ament_install']
[0.794s] Level 1:colcon.colcon_core.package_identification:_identify(src/slam_toolbox) by extension 'ignore'
[0.794s] Level 1:colcon.colcon_core.package_identification:_identify(src/slam_toolbox) by extension 'ignore_ament_install'
[0.794s] Level 1:colcon.colcon_core.package_identification:_identify(src/slam_toolbox) by extensions ['colcon_pkg']
[0.794s] Level 1:colcon.colcon_core.package_identification:_identify(src/slam_toolbox) by extension 'colcon_pkg'
[0.794s] Level 1:colcon.colcon_core.package_identification:_identify(src/slam_toolbox) by extensions ['colcon_meta']
[0.794s] Level 1:colcon.colcon_core.package_identification:_identify(src/slam_toolbox) by extension 'colcon_meta'
[0.794s] Level 1:colcon.colcon_core.package_identification:_identify(src/slam_toolbox) by extensions ['ros']
[0.795s] Level 1:colcon.colcon_core.package_identification:_identify(src/slam_toolbox) by extension 'ros'
[0.798s] DEBUG:colcon.colcon_core.package_identification:Package 'src/slam_toolbox' with type 'ros.ament_cmake' and name 'slam_toolbox'
[0.798s] Level 1:colcon.colcon_core.package_discovery:discover_packages(recursive) using defaults
[0.799s] Level 1:colcon.colcon_core.package_discovery:discover_packages(ignore) discover
[0.799s] Level 1:colcon.colcon_core.package_discovery:discover_packages(ignore) using defaults
[0.799s] Level 1:colcon.colcon_core.package_discovery:discover_packages(path) discover
[0.799s] Level 1:colcon.colcon_core.package_discovery:discover_packages(path) using defaults
[0.844s] Level 1:colcon.colcon_core.package_discovery:discover_packages(prefix_path) check parameters
[0.844s] Level 1:colcon.colcon_core.package_discovery:discover_packages(prefix_path) discover
[0.849s] DEBUG:colcon.colcon_installed_package_information.package_discovery:Found 7 installed packages in /home/rob1/eeng_462/lab4/install
[0.852s] DEBUG:colcon.colcon_installed_package_information.package_discovery:Found 371 installed packages in /opt/ros/humble
[0.857s] Level 1:colcon.colcon_core.package_discovery:discover_packages(prefix_path) using defaults
[0.970s] Level 5:colcon.colcon_core.verb:set package 'rplidar_ros' build argument 'cmake_args' from command line to 'None'
[0.970s] Level 5:colcon.colcon_core.verb:set package 'rplidar_ros' build argument 'cmake_target' from command line to 'None'
[0.970s] Level 5:colcon.colcon_core.verb:set package 'rplidar_ros' build argument 'cmake_target_skip_unavailable' from command line to 'False'
[0.970s] Level 5:colcon.colcon_core.verb:set package 'rplidar_ros' build argument 'cmake_clean_cache' from command line to 'False'
[0.970s] Level 5:colcon.colcon_core.verb:set package 'rplidar_ros' build argument 'cmake_clean_first' from command line to 'False'
[0.970s] Level 5:colcon.colcon_core.verb:set package 'rplidar_ros' build argument 'cmake_force_configure' from command line to 'False'
[0.970s] Level 5:colcon.colcon_core.verb:set package 'rplidar_ros' build argument 'ament_cmake_args' from command line to 'None'
[0.970s] Level 5:colcon.colcon_core.verb:set package 'rplidar_ros' build argument 'catkin_cmake_args' from command line to 'None'
[0.970s] Level 5:colcon.colcon_core.verb:set package 'rplidar_ros' build argument 'catkin_skip_building_tests' from command line to 'False'
[0.971s] DEBUG:colcon.colcon_core.verb:Building package 'rplidar_ros' with the following arguments: {'ament_cmake_args': None, 'build_base': '/home/rob1/eeng_462/lab4/build/rplidar_ros', 'catkin_cmake_args': None, 'catkin_skip_building_tests': False, 'cmake_args': None, 'cmake_clean_cache': False, 'cmake_clean_first': False, 'cmake_force_configure': False, 'cmake_target': None, 'cmake_target_skip_unavailable': False, 'install_base': '/home/rob1/eeng_462/lab4/install/rplidar_ros', 'merge_install': False, 'path': '/home/rob1/eeng_462/lab4/src/rplidar_ros', 'symlink_install': True, 'test_result_base': None}
[0.971s] Level 5:colcon.colcon_core.verb:set package 'slam_toolbox' build argument 'cmake_args' from command line to 'None'
[0.971s] Level 5:colcon.colcon_core.verb:set package 'slam_toolbox' build argument 'cmake_target' from command line to 'None'
[0.972s] Level 5:colcon.colcon_core.verb:set package 'slam_toolbox' build argument 'cmake_target_skip_unavailable' from command line to 'False'
[0.972s] Level 5:colcon.colcon_core.verb:set package 'slam_toolbox' build argument 'cmake_clean_cache' from command line to 'False'
[0.972s] Level 5:colcon.colcon_core.verb:set package 'slam_toolbox' build argument 'cmake_clean_first' from command line to 'False'
[0.972s] Level 5:colcon.colcon_core.verb:set package 'slam_toolbox' build argument 'cmake_force_configure' from command line to 'False'
[0.972s] Level 5:colcon.colcon_core.verb:set package 'slam_toolbox' build argument 'ament_cmake_args' from command line to 'None'
[0.972s] Level 5:colcon.colcon_core.verb:set package 'slam_toolbox' build argument 'catkin_cmake_args' from command line to 'None'
[0.972s] Level 5:colcon.colcon_core.verb:set package 'slam_toolbox' build argument 'catkin_skip_building_tests' from command line to 'False'
[0.972s] DEBUG:colcon.colcon_core.verb:Building package 'slam_toolbox' with the following arguments: {'ament_cmake_args': None, 'build_base': '/home/rob1/eeng_462/lab4/build/slam_toolbox', 'catkin_cmake_args': None, 'catkin_skip_building_tests': False, 'cmake_args': None, 'cmake_clean_cache': False, 'cmake_clean_first': False, 'cmake_force_configure': False, 'cmake_target': None, 'cmake_target_skip_unavailable': False, 'install_base': '/home/rob1/eeng_462/lab4/install/slam_toolbox', 'merge_install': False, 'path': '/home/rob1/eeng_462/lab4/src/slam_toolbox', 'symlink_install': True, 'test_result_base': None}
[0.973s] Level 5:colcon.colcon_core.verb:set package 'mecanum_robot' build argument 'cmake_args' from command line to 'None'
[0.973s] Level 5:colcon.colcon_core.verb:set package 'mecanum_robot' build argument 'cmake_target' from command line to 'None'
[0.973s] Level 5:colcon.colcon_core.verb:set package 'mecanum_robot' build argument 'cmake_target_skip_unavailable' from command line to 'False'
[0.973s] Level 5:colcon.colcon_core.verb:set package 'mecanum_robot' build argument 'cmake_clean_cache' from command line to 'False'
[0.973s] Level 5:colcon.colcon_core.verb:set package 'mecanum_robot' build argument 'cmake_clean_first' from command line to 'False'
[0.973s] Level 5:colcon.colcon_core.verb:set package 'mecanum_robot' build argument 'cmake_force_configure' from command line to 'False'
[0.973s] Level 5:colcon.colcon_core.verb:set package 'mecanum_robot' build argument 'ament_cmake_args' from command line to 'None'
[0.973s] Level 5:colcon.colcon_core.verb:set package 'mecanum_robot' build argument 'catkin_cmake_args' from command line to 'None'
[0.973s] Level 5:colcon.colcon_core.verb:set package 'mecanum_robot' build argument 'catkin_skip_building_tests' from command line to 'False'
[0.973s] DEBUG:colcon.colcon_core.verb:Building package 'mecanum_robot' with the following arguments: {'ament_cmake_args': None, 'build_base': '/home/rob1/eeng_462/lab4/build/mecanum_robot', 'catkin_cmake_args': None, 'catkin_skip_building_tests': False, 'cmake_args': None, 'cmake_clean_cache': False, 'cmake_clean_first': False, 'cmake_force_configure': False, 'cmake_target': None, 'cmake_target_skip_unavailable': False, 'install_base': '/home/rob1/eeng_462/lab4/install/mecanum_robot', 'merge_install': False, 'path': '/home/rob1/eeng_462/lab4/src/mecanum_robot', 'symlink_install': True, 'test_result_base': None}
[0.973s] INFO:colcon.colcon_core.executor:Executing jobs using 'parallel' executor
[0.976s] DEBUG:colcon.colcon_parallel_executor.executor.parallel:run_until_complete
[0.976s] INFO:colcon.colcon_ros.task.ament_cmake.build:Building ROS package in '/home/rob1/eeng_462/lab4/src/rplidar_ros' with build type 'ament_cmake'
[0.977s] INFO:colcon.colcon_cmake.task.cmake.build:Building CMake package in '/home/rob1/eeng_462/lab4/src/rplidar_ros'
[0.982s] INFO:colcon.colcon_core.plugin_system:Skipping extension 'colcon_core.shell.bat': Not used on non-Windows systems
[0.982s] INFO:colcon.colcon_core.shell:Skip shell extension 'powershell' for command environment: Not usable outside of PowerShell
[0.982s] DEBUG:colcon.colcon_core.shell:Skip shell extension 'dsv' for command environment
[0.991s] INFO:colcon.colcon_ros.task.ament_cmake.build:Building ROS package in '/home/rob1/eeng_462/lab4/src/slam_toolbox' with build type 'ament_cmake'
[0.991s] INFO:colcon.colcon_cmake.task.cmake.build:Building CMake package in '/home/rob1/eeng_462/lab4/src/slam_toolbox'
[0.992s] INFO:colcon.colcon_core.shell:Skip shell extension 'powershell' for command environment: Not usable outside of PowerShell
[0.992s] DEBUG:colcon.colcon_core.shell:Skip shell extension 'dsv' for command environment
[1.012s] DEBUG:colcon.colcon_core.event_handler.log_command:Invoking command in '/home/rob1/eeng_462/lab4/build/rplidar_ros': CMAKE_PREFIX_PATH=/home/rob1/eeng_462/lab4/install/sllidar_ros2:/home/rob1/eeng_462/lab4/install/slam_toolbox:/home/rob1/eeng_462/lab4/install/slam_gmapping:/home/rob1/eeng_462/lab4/install/mecanum_robot:/opt/ros/humble:/home/rob1/eeng_462/lab4/install/rplidar_ros:/home/rob1/eeng_462/lab4/install/openslam_gmapping /usr/bin/cmake --build /home/rob1/eeng_462/lab4/build/rplidar_ros -- -j6 -l6
[1.021s] DEBUG:colcon.colcon_core.event_handler.log_command:Invoking command in '/home/rob1/eeng_462/lab4/build/slam_toolbox': CMAKE_PREFIX_PATH=/home/rob1/eeng_462/lab4/install/sllidar_ros2:/home/rob1/eeng_462/lab4/install/slam_toolbox:/home/rob1/eeng_462/lab4/install/slam_gmapping:/home/rob1/eeng_462/lab4/install/mecanum_robot:/opt/ros/humble:/home/rob1/eeng_462/lab4/install/rplidar_ros:/home/rob1/eeng_462/lab4/install/openslam_gmapping /usr/bin/cmake --build /home/rob1/eeng_462/lab4/build/slam_toolbox -- -j6 -l6
[1.177s] DEBUG:colcon.colcon_core.event_handler.log_command:Invoked command in '/home/rob1/eeng_462/lab4/build/rplidar_ros' returned '0': CMAKE_PREFIX_PATH=/home/rob1/eeng_462/lab4/install/sllidar_ros2:/home/rob1/eeng_462/lab4/install/slam_toolbox:/home/rob1/eeng_462/lab4/install/slam_gmapping:/home/rob1/eeng_462/lab4/install/mecanum_robot:/opt/ros/humble:/home/rob1/eeng_462/lab4/install/rplidar_ros:/home/rob1/eeng_462/lab4/install/openslam_gmapping /usr/bin/cmake --build /home/rob1/eeng_462/lab4/build/rplidar_ros -- -j6 -l6
[1.198s] DEBUG:colcon.colcon_core.event_handler.log_command:Invoking command in '/home/rob1/eeng_462/lab4/build/rplidar_ros': CMAKE_PREFIX_PATH=/home/rob1/eeng_462/lab4/install/sllidar_ros2:/home/rob1/eeng_462/lab4/install/slam_toolbox:/home/rob1/eeng_462/lab4/install/slam_gmapping:/home/rob1/eeng_462/lab4/install/mecanum_robot:/opt/ros/humble:/home/rob1/eeng_462/lab4/install/rplidar_ros:/home/rob1/eeng_462/lab4/install/openslam_gmapping /usr/bin/cmake --install /home/rob1/eeng_462/lab4/build/rplidar_ros
[1.252s] Level 1:colcon.colcon_core.environment:create_environment_scripts_only(rplidar_ros)
[1.258s] Level 1:colcon.colcon_core.environment:checking '/home/rob1/eeng_462/lab4/install/rplidar_ros' for CMake module files
[1.259s] DEBUG:colcon.colcon_core.event_handler.log_command:Invoked command in '/home/rob1/eeng_462/lab4/build/rplidar_ros' returned '0': CMAKE_PREFIX_PATH=/home/rob1/eeng_462/lab4/install/sllidar_ros2:/home/rob1/eeng_462/lab4/install/slam_toolbox:/home/rob1/eeng_462/lab4/install/slam_gmapping:/home/rob1/eeng_462/lab4/install/mecanum_robot:/opt/ros/humble:/home/rob1/eeng_462/lab4/install/rplidar_ros:/home/rob1/eeng_462/lab4/install/openslam_gmapping /usr/bin/cmake --install /home/rob1/eeng_462/lab4/build/rplidar_ros
[1.260s] Level 1:colcon.colcon_core.environment:checking '/home/rob1/eeng_462/lab4/install/rplidar_ros' for CMake config files
[1.262s] Level 1:colcon.colcon_core.shell:create_environment_hook('rplidar_ros', 'cmake_prefix_path')
[1.263s] INFO:colcon.colcon_core.shell:Creating environment hook '/home/rob1/eeng_462/lab4/install/rplidar_ros/share/rplidar_ros/hook/cmake_prefix_path.ps1'
[1.265s] INFO:colcon.colcon_core.shell:Creating environment descriptor '/home/rob1/eeng_462/lab4/install/rplidar_ros/share/rplidar_ros/hook/cmake_prefix_path.dsv'
[1.267s] INFO:colcon.colcon_core.shell:Creating environment hook '/home/rob1/eeng_462/lab4/install/rplidar_ros/share/rplidar_ros/hook/cmake_prefix_path.sh'
[1.269s] Level 1:colcon.colcon_core.environment:checking '/home/rob1/eeng_462/lab4/install/rplidar_ros/lib'
[1.274s] Level 1:colcon.colcon_core.environment:checking '/home/rob1/eeng_462/lab4/install/rplidar_ros/bin'
[1.275s] Level 1:colcon.colcon_core.environment:checking '/home/rob1/eeng_462/lab4/install/rplidar_ros/lib/pkgconfig/rplidar_ros.pc'
[1.275s] Level 1:colcon.colcon_core.environment:checking '/home/rob1/eeng_462/lab4/install/rplidar_ros/lib/python3.10/site-packages'
[1.276s] Level 1:colcon.colcon_core.environment:checking '/home/rob1/eeng_462/lab4/install/rplidar_ros/bin'
[1.277s] INFO:colcon.colcon_core.shell:Creating package script '/home/rob1/eeng_462/lab4/install/rplidar_ros/share/rplidar_ros/package.ps1'
[1.280s] INFO:colcon.colcon_core.shell:Creating package descriptor '/home/rob1/eeng_462/lab4/install/rplidar_ros/share/rplidar_ros/package.dsv'
[1.282s] INFO:colcon.colcon_core.shell:Creating package script '/home/rob1/eeng_462/lab4/install/rplidar_ros/share/rplidar_ros/package.sh'
[1.284s] INFO:colcon.colcon_core.shell:Creating package script '/home/rob1/eeng_462/lab4/install/rplidar_ros/share/rplidar_ros/package.bash'
[1.286s] INFO:colcon.colcon_core.shell:Creating package script '/home/rob1/eeng_462/lab4/install/rplidar_ros/share/rplidar_ros/package.zsh'
[1.289s] Level 1:colcon.colcon_core.environment:create_file_with_runtime_dependencies(/home/rob1/eeng_462/lab4/install/rplidar_ros/share/colcon-core/packages/rplidar_ros)
[1.291s] Level 1:colcon.colcon_core.environment:create_environment_scripts_only(rplidar_ros)
[1.292s] Level 1:colcon.colcon_core.environment:checking '/home/rob1/eeng_462/lab4/install/rplidar_ros' for CMake module files
[1.294s] Level 1:colcon.colcon_core.environment:checking '/home/rob1/eeng_462/lab4/install/rplidar_ros' for CMake config files
[1.296s] Level 1:colcon.colcon_core.shell:create_environment_hook('rplidar_ros', 'cmake_prefix_path')
[1.297s] INFO:colcon.colcon_core.shell:Creating environment hook '/home/rob1/eeng_462/lab4/install/rplidar_ros/share/rplidar_ros/hook/cmake_prefix_path.ps1'
[1.298s] INFO:colcon.colcon_core.shell:Creating environment descriptor '/home/rob1/eeng_462/lab4/install/rplidar_ros/share/rplidar_ros/hook/cmake_prefix_path.dsv'
[1.300s] INFO:colcon.colcon_core.shell:Creating environment hook '/home/rob1/eeng_462/lab4/install/rplidar_ros/share/rplidar_ros/hook/cmake_prefix_path.sh'
[1.301s] Level 1:colcon.colcon_core.environment:checking '/home/rob1/eeng_462/lab4/install/rplidar_ros/lib'
[1.301s] Level 1:colcon.colcon_core.environment:checking '/home/rob1/eeng_462/lab4/install/rplidar_ros/bin'
[1.302s] Level 1:colcon.colcon_core.environment:checking '/home/rob1/eeng_462/lab4/install/rplidar_ros/lib/pkgconfig/rplidar_ros.pc'
[1.302s] Level 1:colcon.colcon_core.environment:checking '/home/rob1/eeng_462/lab4/install/rplidar_ros/lib/python3.10/site-packages'
[1.303s] Level 1:colcon.colcon_core.environment:checking '/home/rob1/eeng_462/lab4/install/rplidar_ros/bin'
[1.308s] INFO:colcon.colcon_core.shell:Creating package script '/home/rob1/eeng_462/lab4/install/rplidar_ros/share/rplidar_ros/package.ps1'
[1.309s] INFO:colcon.colcon_core.shell:Creating package descriptor '/home/rob1/eeng_462/lab4/install/rplidar_ros/share/rplidar_ros/package.dsv'
[1.311s] INFO:colcon.colcon_core.shell:Creating package script '/home/rob1/eeng_462/lab4/install/rplidar_ros/share/rplidar_ros/package.sh'
[1.312s] INFO:colcon.colcon_core.shell:Creating package script '/home/rob1/eeng_462/lab4/install/rplidar_ros/share/rplidar_ros/package.bash'
[1.314s] INFO:colcon.colcon_core.shell:Creating package script '/home/rob1/eeng_462/lab4/install/rplidar_ros/share/rplidar_ros/package.zsh'
[1.315s] Level 1:colcon.colcon_core.environment:create_file_with_runtime_dependencies(/home/rob1/eeng_462/lab4/install/rplidar_ros/share/colcon-core/packages/rplidar_ros)
[1.317s] INFO:colcon.colcon_ros.task.ament_python.build:Building ROS package in '/home/rob1/eeng_462/lab4/src/mecanum_robot' with build type 'ament_python'
[1.318s] Level 1:colcon.colcon_core.shell:create_environment_hook('mecanum_robot', 'ament_prefix_path')
[1.318s] INFO:colcon.colcon_core.shell:Creating environment hook '/home/rob1/eeng_462/lab4/install/mecanum_robot/share/mecanum_robot/hook/ament_prefix_path.ps1'
[1.319s] INFO:colcon.colcon_core.shell:Creating environment descriptor '/home/rob1/eeng_462/lab4/install/mecanum_robot/share/mecanum_robot/hook/ament_prefix_path.dsv'
[1.320s] INFO:colcon.colcon_core.shell:Creating environment hook '/home/rob1/eeng_462/lab4/install/mecanum_robot/share/mecanum_robot/hook/ament_prefix_path.sh'
[1.322s] INFO:colcon.colcon_core.shell:Skip shell extension 'powershell' for command environment: Not usable outside of PowerShell
[1.322s] DEBUG:colcon.colcon_core.shell:Skip shell extension 'dsv' for command environment
[2.021s] INFO:colcon.colcon_core.task.python.build:Building Python package in '/home/rob1/eeng_462/lab4/src/mecanum_robot'
[2.022s] INFO:colcon.colcon_core.shell:Skip shell extension 'powershell' for command environment: Not usable outside of PowerShell
[2.023s] DEBUG:colcon.colcon_core.shell:Skip shell extension 'dsv' for command environment
[2.037s] DEBUG:colcon.colcon_core.event_handler.log_command:Invoked command in '/home/rob1/eeng_462/lab4/build/slam_toolbox' returned '0': CMAKE_PREFIX_PATH=/home/rob1/eeng_462/lab4/install/sllidar_ros2:/home/rob1/eeng_462/lab4/install/slam_toolbox:/home/rob1/eeng_462/lab4/install/slam_gmapping:/home/rob1/eeng_462/lab4/install/mecanum_robot:/opt/ros/humble:/home/rob1/eeng_462/lab4/install/rplidar_ros:/home/rob1/eeng_462/lab4/install/openslam_gmapping /usr/bin/cmake --build /home/rob1/eeng_462/lab4/build/slam_toolbox -- -j6 -l6
[2.041s] DEBUG:colcon.colcon_core.event_handler.log_command:Invoking command in '/home/rob1/eeng_462/lab4/build/slam_toolbox': CMAKE_PREFIX_PATH=/home/rob1/eeng_462/lab4/install/sllidar_ros2:/home/rob1/eeng_462/lab4/install/slam_toolbox:/home/rob1/eeng_462/lab4/install/slam_gmapping:/home/rob1/eeng_462/lab4/install/mecanum_robot:/opt/ros/humble:/home/rob1/eeng_462/lab4/install/rplidar_ros:/home/rob1/eeng_462/lab4/install/openslam_gmapping /usr/bin/cmake --install /home/rob1/eeng_462/lab4/build/slam_toolbox
[2.270s] Level 1:colcon.colcon_core.environment:create_environment_scripts_only(slam_toolbox)
[2.270s] Level 1:colcon.colcon_core.environment:checking '/home/rob1/eeng_462/lab4/install/slam_toolbox' for CMake module files
[2.272s] DEBUG:colcon.colcon_core.event_handler.log_command:Invoked command in '/home/rob1/eeng_462/lab4/build/slam_toolbox' returned '0': CMAKE_PREFIX_PATH=/home/rob1/eeng_462/lab4/install/sllidar_ros2:/home/rob1/eeng_462/lab4/install/slam_toolbox:/home/rob1/eeng_462/lab4/install/slam_gmapping:/home/rob1/eeng_462/lab4/install/mecanum_robot:/opt/ros/humble:/home/rob1/eeng_462/lab4/install/rplidar_ros:/home/rob1/eeng_462/lab4/install/openslam_gmapping /usr/bin/cmake --install /home/rob1/eeng_462/lab4/build/slam_toolbox
[2.274s] Level 1:colcon.colcon_core.environment:checking '/home/rob1/eeng_462/lab4/install/slam_toolbox' for CMake config files
[2.283s] Level 1:colcon.colcon_core.shell:create_environment_hook('slam_toolbox', 'cmake_prefix_path')
[2.284s] INFO:colcon.colcon_core.shell:Creating environment hook '/home/rob1/eeng_462/lab4/install/slam_toolbox/share/slam_toolbox/hook/cmake_prefix_path.ps1'
[2.286s] INFO:colcon.colcon_core.shell:Creating environment descriptor '/home/rob1/eeng_462/lab4/install/slam_toolbox/share/slam_toolbox/hook/cmake_prefix_path.dsv'
[2.287s] INFO:colcon.colcon_core.shell:Creating environment hook '/home/rob1/eeng_462/lab4/install/slam_toolbox/share/slam_toolbox/hook/cmake_prefix_path.sh'
[2.289s] Level 1:colcon.colcon_core.environment:checking '/home/rob1/eeng_462/lab4/install/slam_toolbox/lib'
[2.290s] Level 1:colcon.colcon_core.shell:create_environment_hook('slam_toolbox', 'ld_library_path_lib')
[2.291s] INFO:colcon.colcon_core.shell:Creating environment hook '/home/rob1/eeng_462/lab4/install/slam_toolbox/share/slam_toolbox/hook/ld_library_path_lib.ps1'
[2.292s] INFO:colcon.colcon_core.shell:Creating environment descriptor '/home/rob1/eeng_462/lab4/install/slam_toolbox/share/slam_toolbox/hook/ld_library_path_lib.dsv'
[2.293s] INFO:colcon.colcon_core.shell:Creating environment hook '/home/rob1/eeng_462/lab4/install/slam_toolbox/share/slam_toolbox/hook/ld_library_path_lib.sh'
[2.295s] Level 1:colcon.colcon_core.environment:checking '/home/rob1/eeng_462/lab4/install/slam_toolbox/bin'
[2.295s] Level 1:colcon.colcon_core.environment:checking '/home/rob1/eeng_462/lab4/install/slam_toolbox/lib/pkgconfig/slam_toolbox.pc'
[2.296s] Level 1:colcon.colcon_core.environment:checking '/home/rob1/eeng_462/lab4/install/slam_toolbox/lib/python3.10/site-packages'
[2.297s] Level 1:colcon.colcon_core.environment:checking '/home/rob1/eeng_462/lab4/install/slam_toolbox/bin'
[2.298s] INFO:colcon.colcon_core.shell:Creating package script '/home/rob1/eeng_462/lab4/install/slam_toolbox/share/slam_toolbox/package.ps1'
[2.300s] INFO:colcon.colcon_core.shell:Creating package descriptor '/home/rob1/eeng_462/lab4/install/slam_toolbox/share/slam_toolbox/package.dsv'
[2.302s] INFO:colcon.colcon_core.shell:Creating package script '/home/rob1/eeng_462/lab4/install/slam_toolbox/share/slam_toolbox/package.sh'
[2.303s] INFO:colcon.colcon_core.shell:Creating package script '/home/rob1/eeng_462/lab4/install/slam_toolbox/share/slam_toolbox/package.bash'
[2.305s] INFO:colcon.colcon_core.shell:Creating package script '/home/rob1/eeng_462/lab4/install/slam_toolbox/share/slam_toolbox/package.zsh'
[2.306s] Level 1:colcon.colcon_core.environment:create_file_with_runtime_dependencies(/home/rob1/eeng_462/lab4/install/slam_toolbox/share/colcon-core/packages/slam_toolbox)
[2.308s] Level 1:colcon.colcon_core.environment:create_environment_scripts_only(slam_toolbox)
[2.309s] Level 1:colcon.colcon_core.environment:checking '/home/rob1/eeng_462/lab4/install/slam_toolbox' for CMake module files
[2.312s] Level 1:colcon.colcon_core.environment:checking '/home/rob1/eeng_462/lab4/install/slam_toolbox' for CMake config files
[2.321s] Level 1:colcon.colcon_core.shell:create_environment_hook('slam_toolbox', 'cmake_prefix_path')
[2.321s] INFO:colcon.colcon_core.shell:Creating environment hook '/home/rob1/eeng_462/lab4/install/slam_toolbox/share/slam_toolbox/hook/cmake_prefix_path.ps1'
[2.323s] INFO:colcon.colcon_core.shell:Creating environment descriptor '/home/rob1/eeng_462/lab4/install/slam_toolbox/share/slam_toolbox/hook/cmake_prefix_path.dsv'
[2.324s] INFO:colcon.colcon_core.shell:Creating environment hook '/home/rob1/eeng_462/lab4/install/slam_toolbox/share/slam_toolbox/hook/cmake_prefix_path.sh'
[2.326s] Level 1:colcon.colcon_core.environment:checking '/home/rob1/eeng_462/lab4/install/slam_toolbox/lib'
[2.326s] Level 1:colcon.colcon_core.shell:create_environment_hook('slam_toolbox', 'ld_library_path_lib')
[2.327s] INFO:colcon.colcon_core.shell:Creating environment hook '/home/rob1/eeng_462/lab4/install/slam_toolbox/share/slam_toolbox/hook/ld_library_path_lib.ps1'
[2.328s] INFO:colcon.colcon_core.shell:Creating environment descriptor '/home/rob1/eeng_462/lab4/install/slam_toolbox/share/slam_toolbox/hook/ld_library_path_lib.dsv'
[2.329s] INFO:colcon.colcon_core.shell:Creating environment hook '/home/rob1/eeng_462/lab4/install/slam_toolbox/share/slam_toolbox/hook/ld_library_path_lib.sh'
[2.330s] Level 1:colcon.colcon_core.environment:checking '/home/rob1/eeng_462/lab4/install/slam_toolbox/bin'
[2.331s] Level 1:colcon.colcon_core.environment:checking '/home/rob1/eeng_462/lab4/install/slam_toolbox/lib/pkgconfig/slam_toolbox.pc'
[2.331s] Level 1:colcon.colcon_core.environment:checking '/home/rob1/eeng_462/lab4/install/slam_toolbox/lib/python3.10/site-packages'
[2.332s] Level 1:colcon.colcon_core.environment:checking '/home/rob1/eeng_462/lab4/install/slam_toolbox/bin'
[2.333s] INFO:colcon.colcon_core.shell:Creating package script '/home/rob1/eeng_462/lab4/install/slam_toolbox/share/slam_toolbox/package.ps1'
[2.335s] INFO:colcon.colcon_core.shell:Creating package descriptor '/home/rob1/eeng_462/lab4/install/slam_toolbox/share/slam_toolbox/package.dsv'
[2.337s] INFO:colcon.colcon_core.shell:Creating package script '/home/rob1/eeng_462/lab4/install/slam_toolbox/share/slam_toolbox/package.sh'
[2.338s] INFO:colcon.colcon_core.shell:Creating package script '/home/rob1/eeng_462/lab4/install/slam_toolbox/share/slam_toolbox/package.bash'
[2.340s] INFO:colcon.colcon_core.shell:Creating package script '/home/rob1/eeng_462/lab4/install/slam_toolbox/share/slam_toolbox/package.zsh'
[2.341s] Level 1:colcon.colcon_core.environment:create_file_with_runtime_dependencies(/home/rob1/eeng_462/lab4/install/slam_toolbox/share/colcon-core/packages/slam_toolbox)
[2.936s] DEBUG:colcon.colcon_core.event_handler.log_command:Invoking command in '/home/rob1/eeng_462/lab4/build/mecanum_robot': CMAKE_PREFIX_PATH=/home/rob1/eeng_462/lab4/install/rplidar_ros:/home/rob1/eeng_462/lab4/install/sllidar_ros2:/home/rob1/eeng_462/lab4/install/slam_toolbox:/home/rob1/eeng_462/lab4/install/slam_gmapping:/home/rob1/eeng_462/lab4/install/openslam_gmapping PYTHONPATH=/home/rob1/eeng_462/lab4/build/mecanum_robot/prefix_override:/usr/lib/python3/dist-packages/colcon_core/task/python/colcon_distutils_commands:/home/rob1/eeng_462/lab4/install/mecanum_robot/lib/python3.10/site-packages:${PYTHONPATH} /usr/bin/python3 -W ignore:setup.py install is deprecated -W ignore:easy_install command is deprecated setup.py develop --editable --build-directory /home/rob1/eeng_462/lab4/build/mecanum_robot/build --no-deps symlink_data
[4.178s] Level 1:colcon.colcon_core.shell:create_environment_hook('mecanum_robot', 'pythonpath_develop')
[4.179s] INFO:colcon.colcon_core.shell:Creating environment hook '/home/rob1/eeng_462/lab4/build/mecanum_robot/share/mecanum_robot/hook/pythonpath_develop.ps1'
[4.180s] DEBUG:colcon.colcon_core.event_handler.log_command:Invoked command in '/home/rob1/eeng_462/lab4/build/mecanum_robot' returned '0': CMAKE_PREFIX_PATH=/home/rob1/eeng_462/lab4/install/rplidar_ros:/home/rob1/eeng_462/lab4/install/sllidar_ros2:/home/rob1/eeng_462/lab4/install/slam_toolbox:/home/rob1/eeng_462/lab4/install/slam_gmapping:/home/rob1/eeng_462/lab4/install/openslam_gmapping PYTHONPATH=/home/rob1/eeng_462/lab4/build/mecanum_robot/prefix_override:/usr/lib/python3/dist-packages/colcon_core/task/python/colcon_distutils_commands:/home/rob1/eeng_462/lab4/install/mecanum_robot/lib/python3.10/site-packages:${PYTHONPATH} /usr/bin/python3 -W ignore:setup.py install is deprecated -W ignore:easy_install command is deprecated setup.py develop --editable --build-directory /home/rob1/eeng_462/lab4/build/mecanum_robot/build --no-deps symlink_data
[4.182s] INFO:colcon.colcon_core.shell:Creating environment descriptor '/home/rob1/eeng_462/lab4/build/mecanum_robot/share/mecanum_robot/hook/pythonpath_develop.dsv'
[4.183s] INFO:colcon.colcon_core.shell:Creating environment hook '/home/rob1/eeng_462/lab4/build/mecanum_robot/share/mecanum_robot/hook/pythonpath_develop.sh'
[4.185s] Level 1:colcon.colcon_core.environment:checking '/home/rob1/eeng_462/lab4/install/mecanum_robot' for CMake module files
[4.187s] Level 1:colcon.colcon_core.environment:checking '/home/rob1/eeng_462/lab4/install/mecanum_robot' for CMake config files
[4.189s] Level 1:colcon.colcon_core.environment:checking '/home/rob1/eeng_462/lab4/install/mecanum_robot/lib'
[4.189s] Level 1:colcon.colcon_core.environment:checking '/home/rob1/eeng_462/lab4/install/mecanum_robot/bin'
[4.190s] Level 1:colcon.colcon_core.environment:checking '/home/rob1/eeng_462/lab4/install/mecanum_robot/lib/pkgconfig/mecanum_robot.pc'
[4.190s] Level 1:colcon.colcon_core.environment:checking '/home/rob1/eeng_462/lab4/install/mecanum_robot/lib/python3.10/site-packages'
[4.191s] Level 1:colcon.colcon_core.shell:create_environment_hook('mecanum_robot', 'pythonpath')
[4.192s] INFO:colcon.colcon_core.shell:Creating environment hook '/home/rob1/eeng_462/lab4/install/mecanum_robot/share/mecanum_robot/hook/pythonpath.ps1'
[4.193s] INFO:colcon.colcon_core.shell:Creating environment descriptor '/home/rob1/eeng_462/lab4/install/mecanum_robot/share/mecanum_robot/hook/pythonpath.dsv'
[4.194s] INFO:colcon.colcon_core.shell:Creating environment hook '/home/rob1/eeng_462/lab4/install/mecanum_robot/share/mecanum_robot/hook/pythonpath.sh'
[4.197s] Level 1:colcon.colcon_core.environment:checking '/home/rob1/eeng_462/lab4/install/mecanum_robot/bin'
[4.197s] Level 1:colcon.colcon_core.environment:create_environment_scripts_only(mecanum_robot)
[4.198s] INFO:colcon.colcon_core.shell:Creating package script '/home/rob1/eeng_462/lab4/install/mecanum_robot/share/mecanum_robot/package.ps1'
[4.201s] INFO:colcon.colcon_core.shell:Creating package descriptor '/home/rob1/eeng_462/lab4/install/mecanum_robot/share/mecanum_robot/package.dsv'
[4.202s] INFO:colcon.colcon_core.shell:Creating package script '/home/rob1/eeng_462/lab4/install/mecanum_robot/share/mecanum_robot/package.sh'
[4.204s] INFO:colcon.colcon_core.shell:Creating package script '/home/rob1/eeng_462/lab4/install/mecanum_robot/share/mecanum_robot/package.bash'
[4.206s] INFO:colcon.colcon_core.shell:Creating package script '/home/rob1/eeng_462/lab4/install/mecanum_robot/share/mecanum_robot/package.zsh'
[4.207s] Level 1:colcon.colcon_core.environment:create_file_with_runtime_dependencies(/home/rob1/eeng_462/lab4/install/mecanum_robot/share/colcon-core/packages/mecanum_robot)
[4.208s] DEBUG:colcon.colcon_parallel_executor.executor.parallel:closing loop
[4.209s] DEBUG:colcon.colcon_parallel_executor.executor.parallel:loop closed
[4.209s] DEBUG:colcon.colcon_parallel_executor.executor.parallel:run_until_complete finished with '0'
[4.210s] DEBUG:colcon.colcon_core.event_reactor:joining thread
[4.229s] INFO:colcon.colcon_core.plugin_system:Skipping extension 'colcon_notification.desktop_notification.terminal_notifier': Not used on non-Darwin systems
[4.229s] INFO:colcon.colcon_core.plugin_system:Skipping extension 'colcon_notification.desktop_notification.win32': Not used on non-Windows systems
[4.229s] INFO:colcon.colcon_notification.desktop_notification:Sending desktop notification using 'notify2'
[4.359s] DEBUG:colcon.colcon_core.event_reactor:joined thread
[4.360s] INFO:colcon.colcon_core.shell:Creating prefix script '/home/rob1/eeng_462/lab4/install/local_setup.ps1'
[4.364s] INFO:colcon.colcon_core.shell:Creating prefix util module '/home/rob1/eeng_462/lab4/install/_local_setup_util_ps1.py'
[4.367s] INFO:colcon.colcon_core.shell:Creating prefix chain script '/home/rob1/eeng_462/lab4/install/setup.ps1'
[4.371s] INFO:colcon.colcon_core.shell:Creating prefix script '/home/rob1/eeng_462/lab4/install/local_setup.sh'
[4.372s] INFO:colcon.colcon_core.shell:Creating prefix util module '/home/rob1/eeng_462/lab4/install/_local_setup_util_sh.py'
[4.373s] INFO:colcon.colcon_core.shell:Creating prefix chain script '/home/rob1/eeng_462/lab4/install/setup.sh'
[4.376s] INFO:colcon.colcon_core.shell:Creating prefix script '/home/rob1/eeng_462/lab4/install/local_setup.bash'
[4.377s] INFO:colcon.colcon_core.shell:Creating prefix chain script '/home/rob1/eeng_462/lab4/install/setup.bash'
[4.380s] INFO:colcon.colcon_core.shell:Creating prefix script '/home/rob1/eeng_462/lab4/install/local_setup.zsh'
[4.381s] INFO:colcon.colcon_core.shell:Creating prefix chain script '/home/rob1/eeng_462/lab4/install/setup.zsh'
