[0.283s] DEBUG:colcon:Command line arguments: ['/usr/bin/colcon', 'build']
[0.283s] DEBUG:colcon:Parsed command line arguments: Namespace(log_base=None, log_level=None, verb_name='build', build_base='build', install_base='install', merge_install=False, symlink_install=False, test_result_base=None, continue_on_error=False, executor='parallel', parallel_workers=6, event_handlers=None, ignore_user_meta=False, metas=['./colcon.meta'], base_paths=['.'], packages_ignore=None, packages_ignore_regex=None, paths=None, packages_up_to=None, packages_up_to_regex=None, packages_above=None, packages_above_and_dependencies=None, packages_above_depth=None, packages_select_by_dep=None, packages_skip_by_dep=None, packages_skip_up_to=None, packages_select_build_failed=False, packages_skip_build_finished=False, packages_select_test_failures=False, packages_skip_test_passed=False, packages_select=None, packages_skip=None, packages_select_regex=None, packages_skip_regex=None, packages_start=None, packages_end=None, allow_overriding=[], cmake_args=None, cmake_target=None, cmake_target_skip_unavailable=False, cmake_clean_cache=False, cmake_clean_first=False, cmake_force_configure=False, ament_cmake_args=None, catkin_cmake_args=None, catkin_skip_building_tests=False, mixin_files=None, mixin=None, verb_parser=<colcon_mixin.mixin.mixin_argument.MixinArgumentDecorator object at 0xffff88aeead0>, verb_extension=<colcon_core.verb.build.BuildVerb object at 0xffff88ce84f0>, main=<bound method BuildVerb.main of <colcon_core.verb.build.BuildVerb object at 0xffff88ce84f0>>, mixin_verb=('build',))
[0.713s] Level 1:colcon.colcon_core.package_discovery:discover_packages(colcon_meta) check parameters
[0.714s] Level 1:colcon.colcon_core.package_discovery:discover_packages(recursive) check parameters
[0.714s] Level 1:colcon.colcon_core.package_discovery:discover_packages(ignore) check parameters
[0.714s] Level 1:colcon.colcon_core.package_discovery:discover_packages(path) check parameters
[0.714s] Level 1:colcon.colcon_core.package_discovery:discover_packages(colcon_meta) discover
[0.714s] Level 1:colcon.colcon_core.package_discovery:discover_packages(recursive) discover
[0.714s] INFO:colcon.colcon_core.package_discovery:Crawling recursively for packages in '/home/rob1/eeng_462/lab4'
[0.714s] Level 1:colcon.colcon_core.package_identification:_identify(.) by extensions ['ignore', 'ignore_ament_install']
[0.715s] Level 1:colcon.colcon_core.package_identification:_identify(.) by extension 'ignore'
[0.715s] Level 1:colcon.colcon_core.package_identification:_identify(.) by extension 'ignore_ament_install'
[0.715s] Level 1:colcon.colcon_core.package_identification:_identify(.) by extensions ['colcon_pkg']
[0.715s] Level 1:colcon.colcon_core.package_identification:_identify(.) by extension 'colcon_pkg'
[0.715s] Level 1:colcon.colcon_core.package_identification:_identify(.) by extensions ['colcon_meta']
[0.715s] Level 1:colcon.colcon_core.package_identification:_identify(.) by extension 'colcon_meta'
[0.715s] Level 1:colcon.colcon_core.package_identification:_identify(.) by extensions ['ros']
[0.716s] Level 1:colcon.colcon_core.package_identification:_identify(.) by extension 'ros'
[0.768s] Level 1:colcon.colcon_core.package_identification:_identify(.) by extensions ['cmake', 'python']
[0.768s] Level 1:colcon.colcon_core.package_identification:_identify(.) by extension 'cmake'
[0.768s] Level 1:colcon.colcon_core.package_identification:_identify(.) by extension 'python'
[0.769s] Level 1:colcon.colcon_core.package_identification:_identify(.) by extensions ['python_setup_py']
[0.769s] Level 1:colcon.colcon_core.package_identification:_identify(.) by extension 'python_setup_py'
[0.769s] Level 1:colcon.colcon_core.package_identification:_identify(build) by extensions ['ignore', 'ignore_ament_install']
[0.769s] Level 1:colcon.colcon_core.package_identification:_identify(build) by extension 'ignore'
[0.769s] Level 1:colcon.colcon_core.package_identification:_identify(build) ignored
[0.770s] Level 1:colcon.colcon_core.package_identification:_identify(install) by extensions ['ignore', 'ignore_ament_install']
[0.770s] Level 1:colcon.colcon_core.package_identification:_identify(install) by extension 'ignore'
[0.770s] Level 1:colcon.colcon_core.package_identification:_identify(install) ignored
[0.770s] Level 1:colcon.colcon_core.package_identification:_identify(log) by extensions ['ignore', 'ignore_ament_install']
[0.771s] Level 1:colcon.colcon_core.package_identification:_identify(log) by extension 'ignore'
[0.771s] Level 1:colcon.colcon_core.package_identification:_identify(log) ignored
[0.771s] Level 1:colcon.colcon_core.package_identification:_identify(src) by extensions ['ignore', 'ignore_ament_install']
[0.771s] Level 1:colcon.colcon_core.package_identification:_identify(src) by extension 'ignore'
[0.771s] Level 1:colcon.colcon_core.package_identification:_identify(src) by extension 'ignore_ament_install'
[0.771s] Level 1:colcon.colcon_core.package_identification:_identify(src) by extensions ['colcon_pkg']
[0.772s] Level 1:colcon.colcon_core.package_identification:_identify(src) by extension 'colcon_pkg'
[0.772s] Level 1:colcon.colcon_core.package_identification:_identify(src) by extensions ['colcon_meta']
[0.772s] Level 1:colcon.colcon_core.package_identification:_identify(src) by extension 'colcon_meta'
[0.772s] Level 1:colcon.colcon_core.package_identification:_identify(src) by extensions ['ros']
[0.772s] Level 1:colcon.colcon_core.package_identification:_identify(src) by extension 'ros'
[0.772s] Level 1:colcon.colcon_core.package_identification:_identify(src) by extensions ['cmake', 'python']
[0.772s] Level 1:colcon.colcon_core.package_identification:_identify(src) by extension 'cmake'
[0.772s] Level 1:colcon.colcon_core.package_identification:_identify(src) by extension 'python'
[0.772s] Level 1:colcon.colcon_core.package_identification:_identify(src) by extensions ['python_setup_py']
[0.773s] Level 1:colcon.colcon_core.package_identification:_identify(src) by extension 'python_setup_py'
[0.773s] Level 1:colcon.colcon_core.package_identification:_identify(src/mecanum_robot) by extensions ['ignore', 'ignore_ament_install']
[0.773s] Level 1:colcon.colcon_core.package_identification:_identify(src/mecanum_robot) by extension 'ignore'
[0.773s] Level 1:colcon.colcon_core.package_identification:_identify(src/mecanum_robot) by extension 'ignore_ament_install'
[0.773s] Level 1:colcon.colcon_core.package_identification:_identify(src/mecanum_robot) by extensions ['colcon_pkg']
[0.773s] Level 1:colcon.colcon_core.package_identification:_identify(src/mecanum_robot) by extension 'colcon_pkg'
[0.773s] Level 1:colcon.colcon_core.package_identification:_identify(src/mecanum_robot) by extensions ['colcon_meta']
[0.773s] Level 1:colcon.colcon_core.package_identification:_identify(src/mecanum_robot) by extension 'colcon_meta'
[0.774s] Level 1:colcon.colcon_core.package_identification:_identify(src/mecanum_robot) by extensions ['ros']
[0.774s] Level 1:colcon.colcon_core.package_identification:_identify(src/mecanum_robot) by extension 'ros'
[0.779s] DEBUG:colcon.colcon_core.package_identification:Package 'src/mecanum_robot' with type 'ros.ament_python' and name 'mecanum_robot'
[0.780s] Level 1:colcon.colcon_core.package_identification:_identify(src/rplidar_ros) by extensions ['ignore', 'ignore_ament_install']
[0.780s] Level 1:colcon.colcon_core.package_identification:_identify(src/rplidar_ros) by extension 'ignore'
[0.780s] Level 1:colcon.colcon_core.package_identification:_identify(src/rplidar_ros) by extension 'ignore_ament_install'
[0.780s] Level 1:colcon.colcon_core.package_identification:_identify(src/rplidar_ros) by extensions ['colcon_pkg']
[0.780s] Level 1:colcon.colcon_core.package_identification:_identify(src/rplidar_ros) by extension 'colcon_pkg'
[0.780s] Level 1:colcon.colcon_core.package_identification:_identify(src/rplidar_ros) by extensions ['colcon_meta']
[0.781s] Level 1:colcon.colcon_core.package_identification:_identify(src/rplidar_ros) by extension 'colcon_meta'
[0.781s] Level 1:colcon.colcon_core.package_identification:_identify(src/rplidar_ros) by extensions ['ros']
[0.781s] Level 1:colcon.colcon_core.package_identification:_identify(src/rplidar_ros) by extension 'ros'
[0.782s] DEBUG:colcon.colcon_core.package_identification:Package 'src/rplidar_ros' with type 'ros.ament_cmake' and name 'rplidar_ros'
[0.782s] Level 1:colcon.colcon_core.package_identification:_identify(src/slam_toolbox) by extensions ['ignore', 'ignore_ament_install']
[0.783s] Level 1:colcon.colcon_core.package_identification:_identify(src/slam_toolbox) by extension 'ignore'
[0.783s] Level 1:colcon.colcon_core.package_identification:_identify(src/slam_toolbox) by extension 'ignore_ament_install'
[0.783s] Level 1:colcon.colcon_core.package_identification:_identify(src/slam_toolbox) by extensions ['colcon_pkg']
[0.783s] Level 1:colcon.colcon_core.package_identification:_identify(src/slam_toolbox) by extension 'colcon_pkg'
[0.783s] Level 1:colcon.colcon_core.package_identification:_identify(src/slam_toolbox) by extensions ['colcon_meta']
[0.783s] Level 1:colcon.colcon_core.package_identification:_identify(src/slam_toolbox) by extension 'colcon_meta'
[0.783s] Level 1:colcon.colcon_core.package_identification:_identify(src/slam_toolbox) by extensions ['ros']
[0.783s] Level 1:colcon.colcon_core.package_identification:_identify(src/slam_toolbox) by extension 'ros'
[0.787s] DEBUG:colcon.colcon_core.package_identification:Package 'src/slam_toolbox' with type 'ros.ament_cmake' and name 'slam_toolbox'
[0.787s] Level 1:colcon.colcon_core.package_discovery:discover_packages(recursive) using defaults
[0.787s] Level 1:colcon.colcon_core.package_discovery:discover_packages(ignore) discover
[0.788s] Level 1:colcon.colcon_core.package_discovery:discover_packages(ignore) using defaults
[0.788s] Level 1:colcon.colcon_core.package_discovery:discover_packages(path) discover
[0.788s] Level 1:colcon.colcon_core.package_discovery:discover_packages(path) using defaults
[0.832s] Level 1:colcon.colcon_core.package_discovery:discover_packages(prefix_path) check parameters
[0.832s] Level 1:colcon.colcon_core.package_discovery:discover_packages(prefix_path) discover
[0.837s] DEBUG:colcon.colcon_installed_package_information.package_discovery:Found 7 installed packages in /home/rob1/eeng_462/lab4/install
[0.840s] DEBUG:colcon.colcon_installed_package_information.package_discovery:Found 371 installed packages in /opt/ros/humble
[0.846s] Level 1:colcon.colcon_core.package_discovery:discover_packages(prefix_path) using defaults
[0.960s] Level 5:colcon.colcon_core.verb:set package 'rplidar_ros' build argument 'cmake_args' from command line to 'None'
[0.960s] Level 5:colcon.colcon_core.verb:set package 'rplidar_ros' build argument 'cmake_target' from command line to 'None'
[0.960s] Level 5:colcon.colcon_core.verb:set package 'rplidar_ros' build argument 'cmake_target_skip_unavailable' from command line to 'False'
[0.961s] Level 5:colcon.colcon_core.verb:set package 'rplidar_ros' build argument 'cmake_clean_cache' from command line to 'False'
[0.961s] Level 5:colcon.colcon_core.verb:set package 'rplidar_ros' build argument 'cmake_clean_first' from command line to 'False'
[0.961s] Level 5:colcon.colcon_core.verb:set package 'rplidar_ros' build argument 'cmake_force_configure' from command line to 'False'
[0.961s] Level 5:colcon.colcon_core.verb:set package 'rplidar_ros' build argument 'ament_cmake_args' from command line to 'None'
[0.961s] Level 5:colcon.colcon_core.verb:set package 'rplidar_ros' build argument 'catkin_cmake_args' from command line to 'None'
[0.961s] Level 5:colcon.colcon_core.verb:set package 'rplidar_ros' build argument 'catkin_skip_building_tests' from command line to 'False'
[0.961s] DEBUG:colcon.colcon_core.verb:Building package 'rplidar_ros' with the following arguments: {'ament_cmake_args': None, 'build_base': '/home/rob1/eeng_462/lab4/build/rplidar_ros', 'catkin_cmake_args': None, 'catkin_skip_building_tests': False, 'cmake_args': None, 'cmake_clean_cache': False, 'cmake_clean_first': False, 'cmake_force_configure': False, 'cmake_target': None, 'cmake_target_skip_unavailable': False, 'install_base': '/home/rob1/eeng_462/lab4/install/rplidar_ros', 'merge_install': False, 'path': '/home/rob1/eeng_462/lab4/src/rplidar_ros', 'symlink_install': False, 'test_result_base': None}
[0.962s] Level 5:colcon.colcon_core.verb:set package 'slam_toolbox' build argument 'cmake_args' from command line to 'None'
[0.962s] Level 5:colcon.colcon_core.verb:set package 'slam_toolbox' build argument 'cmake_target' from command line to 'None'
[0.962s] Level 5:colcon.colcon_core.verb:set package 'slam_toolbox' build argument 'cmake_target_skip_unavailable' from command line to 'False'
[0.962s] Level 5:colcon.colcon_core.verb:set package 'slam_toolbox' build argument 'cmake_clean_cache' from command line to 'False'
[0.962s] Level 5:colcon.colcon_core.verb:set package 'slam_toolbox' build argument 'cmake_clean_first' from command line to 'False'
[0.962s] Level 5:colcon.colcon_core.verb:set package 'slam_toolbox' build argument 'cmake_force_configure' from command line to 'False'
[0.962s] Level 5:colcon.colcon_core.verb:set package 'slam_toolbox' build argument 'ament_cmake_args' from command line to 'None'
[0.962s] Level 5:colcon.colcon_core.verb:set package 'slam_toolbox' build argument 'catkin_cmake_args' from command line to 'None'
[0.962s] Level 5:colcon.colcon_core.verb:set package 'slam_toolbox' build argument 'catkin_skip_building_tests' from command line to 'False'
[0.962s] DEBUG:colcon.colcon_core.verb:Building package 'slam_toolbox' with the following arguments: {'ament_cmake_args': None, 'build_base': '/home/rob1/eeng_462/lab4/build/slam_toolbox', 'catkin_cmake_args': None, 'catkin_skip_building_tests': False, 'cmake_args': None, 'cmake_clean_cache': False, 'cmake_clean_first': False, 'cmake_force_configure': False, 'cmake_target': None, 'cmake_target_skip_unavailable': False, 'install_base': '/home/rob1/eeng_462/lab4/install/slam_toolbox', 'merge_install': False, 'path': '/home/rob1/eeng_462/lab4/src/slam_toolbox', 'symlink_install': False, 'test_result_base': None}
[0.963s] Level 5:colcon.colcon_core.verb:set package 'mecanum_robot' build argument 'cmake_args' from command line to 'None'
[0.963s] Level 5:colcon.colcon_core.verb:set package 'mecanum_robot' build argument 'cmake_target' from command line to 'None'
[0.963s] Level 5:colcon.colcon_core.verb:set package 'mecanum_robot' build argument 'cmake_target_skip_unavailable' from command line to 'False'
[0.963s] Level 5:colcon.colcon_core.verb:set package 'mecanum_robot' build argument 'cmake_clean_cache' from command line to 'False'
[0.963s] Level 5:colcon.colcon_core.verb:set package 'mecanum_robot' build argument 'cmake_clean_first' from command line to 'False'
[0.963s] Level 5:colcon.colcon_core.verb:set package 'mecanum_robot' build argument 'cmake_force_configure' from command line to 'False'
[0.963s] Level 5:colcon.colcon_core.verb:set package 'mecanum_robot' build argument 'ament_cmake_args' from command line to 'None'
[0.963s] Level 5:colcon.colcon_core.verb:set package 'mecanum_robot' build argument 'catkin_cmake_args' from command line to 'None'
[0.963s] Level 5:colcon.colcon_core.verb:set package 'mecanum_robot' build argument 'catkin_skip_building_tests' from command line to 'False'
[0.963s] DEBUG:colcon.colcon_core.verb:Building package 'mecanum_robot' with the following arguments: {'ament_cmake_args': None, 'build_base': '/home/rob1/eeng_462/lab4/build/mecanum_robot', 'catkin_cmake_args': None, 'catkin_skip_building_tests': False, 'cmake_args': None, 'cmake_clean_cache': False, 'cmake_clean_first': False, 'cmake_force_configure': False, 'cmake_target': None, 'cmake_target_skip_unavailable': False, 'install_base': '/home/rob1/eeng_462/lab4/install/mecanum_robot', 'merge_install': False, 'path': '/home/rob1/eeng_462/lab4/src/mecanum_robot', 'symlink_install': False, 'test_result_base': None}
[0.964s] INFO:colcon.colcon_core.executor:Executing jobs using 'parallel' executor
[0.966s] DEBUG:colcon.colcon_parallel_executor.executor.parallel:run_until_complete
[0.967s] INFO:colcon.colcon_ros.task.ament_cmake.build:Building ROS package in '/home/rob1/eeng_462/lab4/src/rplidar_ros' with build type 'ament_cmake'
[0.967s] INFO:colcon.colcon_cmake.task.cmake.build:Building CMake package in '/home/rob1/eeng_462/lab4/src/rplidar_ros'
[0.972s] INFO:colcon.colcon_core.plugin_system:Skipping extension 'colcon_core.shell.bat': Not used on non-Windows systems
[0.972s] INFO:colcon.colcon_core.shell:Skip shell extension 'powershell' for command environment: Not usable outside of PowerShell
[0.972s] DEBUG:colcon.colcon_core.shell:Skip shell extension 'dsv' for command environment
[0.981s] INFO:colcon.colcon_ros.task.ament_cmake.build:Building ROS package in '/home/rob1/eeng_462/lab4/src/slam_toolbox' with build type 'ament_cmake'
[0.982s] INFO:colcon.colcon_cmake.task.cmake.build:Building CMake package in '/home/rob1/eeng_462/lab4/src/slam_toolbox'
[0.982s] INFO:colcon.colcon_core.shell:Skip shell extension 'powershell' for command environment: Not usable outside of PowerShell
[0.983s] DEBUG:colcon.colcon_core.shell:Skip shell extension 'dsv' for command environment
[0.998s] DEBUG:colcon.colcon_core.event_handler.log_command:Invoking command in '/home/rob1/eeng_462/lab4/build/rplidar_ros': CMAKE_PREFIX_PATH=/home/rob1/eeng_462/lab4/install/sllidar_ros2:/home/rob1/eeng_462/lab4/install/slam_toolbox:/home/rob1/eeng_462/lab4/install/slam_gmapping:/home/rob1/eeng_462/lab4/install/mecanum_robot:/opt/ros/humble:/home/rob1/eeng_462/lab4/install/rplidar_ros:/home/rob1/eeng_462/lab4/install/openslam_gmapping /usr/bin/cmake --build /home/rob1/eeng_462/lab4/build/rplidar_ros -- -j6 -l6
[1.010s] DEBUG:colcon.colcon_core.event_handler.log_command:Invoking command in '/home/rob1/eeng_462/lab4/build/slam_toolbox': CMAKE_PREFIX_PATH=/home/rob1/eeng_462/lab4/install/sllidar_ros2:/home/rob1/eeng_462/lab4/install/slam_toolbox:/home/rob1/eeng_462/lab4/install/slam_gmapping:/home/rob1/eeng_462/lab4/install/mecanum_robot:/opt/ros/humble:/home/rob1/eeng_462/lab4/install/rplidar_ros:/home/rob1/eeng_462/lab4/install/openslam_gmapping /usr/bin/cmake --build /home/rob1/eeng_462/lab4/build/slam_toolbox -- -j6 -l6
[1.173s] DEBUG:colcon.colcon_core.event_handler.log_command:Invoked command in '/home/rob1/eeng_462/lab4/build/rplidar_ros' returned '0': CMAKE_PREFIX_PATH=/home/rob1/eeng_462/lab4/install/sllidar_ros2:/home/rob1/eeng_462/lab4/install/slam_toolbox:/home/rob1/eeng_462/lab4/install/slam_gmapping:/home/rob1/eeng_462/lab4/install/mecanum_robot:/opt/ros/humble:/home/rob1/eeng_462/lab4/install/rplidar_ros:/home/rob1/eeng_462/lab4/install/openslam_gmapping /usr/bin/cmake --build /home/rob1/eeng_462/lab4/build/rplidar_ros -- -j6 -l6
[1.197s] DEBUG:colcon.colcon_core.event_handler.log_command:Invoking command in '/home/rob1/eeng_462/lab4/build/rplidar_ros': CMAKE_PREFIX_PATH=/home/rob1/eeng_462/lab4/install/sllidar_ros2:/home/rob1/eeng_462/lab4/install/slam_toolbox:/home/rob1/eeng_462/lab4/install/slam_gmapping:/home/rob1/eeng_462/lab4/install/mecanum_robot:/opt/ros/humble:/home/rob1/eeng_462/lab4/install/rplidar_ros:/home/rob1/eeng_462/lab4/install/openslam_gmapping /usr/bin/cmake --install /home/rob1/eeng_462/lab4/build/rplidar_ros
[1.279s] Level 1:colcon.colcon_core.environment:create_environment_scripts_only(rplidar_ros)
[1.280s] DEBUG:colcon.colcon_core.event_handler.log_command:Invoked command in '/home/rob1/eeng_462/lab4/build/rplidar_ros' returned '0': CMAKE_PREFIX_PATH=/home/rob1/eeng_462/lab4/install/sllidar_ros2:/home/rob1/eeng_462/lab4/install/slam_toolbox:/home/rob1/eeng_462/lab4/install/slam_gmapping:/home/rob1/eeng_462/lab4/install/mecanum_robot:/opt/ros/humble:/home/rob1/eeng_462/lab4/install/rplidar_ros:/home/rob1/eeng_462/lab4/install/openslam_gmapping /usr/bin/cmake --install /home/rob1/eeng_462/lab4/build/rplidar_ros
[1.286s] Level 1:colcon.colcon_core.environment:checking '/home/rob1/eeng_462/lab4/install/rplidar_ros' for CMake module files
[1.287s] Level 1:colcon.colcon_core.environment:checking '/home/rob1/eeng_462/lab4/install/rplidar_ros' for CMake config files
[1.288s] Level 1:colcon.colcon_core.shell:create_environment_hook('rplidar_ros', 'cmake_prefix_path')
[1.289s] INFO:colcon.colcon_core.shell:Creating environment hook '/home/rob1/eeng_462/lab4/install/rplidar_ros/share/rplidar_ros/hook/cmake_prefix_path.ps1'
[1.291s] INFO:colcon.colcon_core.shell:Creating environment descriptor '/home/rob1/eeng_462/lab4/install/rplidar_ros/share/rplidar_ros/hook/cmake_prefix_path.dsv'
[1.292s] INFO:colcon.colcon_core.shell:Creating environment hook '/home/rob1/eeng_462/lab4/install/rplidar_ros/share/rplidar_ros/hook/cmake_prefix_path.sh'
[1.294s] Level 1:colcon.colcon_core.environment:checking '/home/rob1/eeng_462/lab4/install/rplidar_ros/lib'
[1.294s] Level 1:colcon.colcon_core.environment:checking '/home/rob1/eeng_462/lab4/install/rplidar_ros/bin'
[1.295s] Level 1:colcon.colcon_core.environment:checking '/home/rob1/eeng_462/lab4/install/rplidar_ros/lib/pkgconfig/rplidar_ros.pc'
[1.295s] Level 1:colcon.colcon_core.environment:checking '/home/rob1/eeng_462/lab4/install/rplidar_ros/lib/python3.10/site-packages'
[1.296s] Level 1:colcon.colcon_core.environment:checking '/home/rob1/eeng_462/lab4/install/rplidar_ros/bin'
[1.297s] INFO:colcon.colcon_core.shell:Creating package script '/home/rob1/eeng_462/lab4/install/rplidar_ros/share/rplidar_ros/package.ps1'
[1.299s] INFO:colcon.colcon_core.shell:Creating package descriptor '/home/rob1/eeng_462/lab4/install/rplidar_ros/share/rplidar_ros/package.dsv'
[1.301s] INFO:colcon.colcon_core.shell:Creating package script '/home/rob1/eeng_462/lab4/install/rplidar_ros/share/rplidar_ros/package.sh'
[1.303s] INFO:colcon.colcon_core.shell:Creating package script '/home/rob1/eeng_462/lab4/install/rplidar_ros/share/rplidar_ros/package.bash'
[1.305s] INFO:colcon.colcon_core.shell:Creating package script '/home/rob1/eeng_462/lab4/install/rplidar_ros/share/rplidar_ros/package.zsh'
[1.306s] Level 1:colcon.colcon_core.environment:create_file_with_runtime_dependencies(/home/rob1/eeng_462/lab4/install/rplidar_ros/share/colcon-core/packages/rplidar_ros)
[1.309s] Level 1:colcon.colcon_core.environment:create_environment_scripts_only(rplidar_ros)
[1.309s] Level 1:colcon.colcon_core.environment:checking '/home/rob1/eeng_462/lab4/install/rplidar_ros' for CMake module files
[1.310s] Level 1:colcon.colcon_core.environment:checking '/home/rob1/eeng_462/lab4/install/rplidar_ros' for CMake config files
[1.312s] Level 1:colcon.colcon_core.shell:create_environment_hook('rplidar_ros', 'cmake_prefix_path')
[1.312s] INFO:colcon.colcon_core.shell:Creating environment hook '/home/rob1/eeng_462/lab4/install/rplidar_ros/share/rplidar_ros/hook/cmake_prefix_path.ps1'
[1.313s] INFO:colcon.colcon_core.shell:Creating environment descriptor '/home/rob1/eeng_462/lab4/install/rplidar_ros/share/rplidar_ros/hook/cmake_prefix_path.dsv'
[1.314s] INFO:colcon.colcon_core.shell:Creating environment hook '/home/rob1/eeng_462/lab4/install/rplidar_ros/share/rplidar_ros/hook/cmake_prefix_path.sh'
[1.316s] Level 1:colcon.colcon_core.environment:checking '/home/rob1/eeng_462/lab4/install/rplidar_ros/lib'
[1.316s] Level 1:colcon.colcon_core.environment:checking '/home/rob1/eeng_462/lab4/install/rplidar_ros/bin'
[1.316s] Level 1:colcon.colcon_core.environment:checking '/home/rob1/eeng_462/lab4/install/rplidar_ros/lib/pkgconfig/rplidar_ros.pc'
[1.317s] Level 1:colcon.colcon_core.environment:checking '/home/rob1/eeng_462/lab4/install/rplidar_ros/lib/python3.10/site-packages'
[1.318s] Level 1:colcon.colcon_core.environment:checking '/home/rob1/eeng_462/lab4/install/rplidar_ros/bin'
[1.318s] INFO:colcon.colcon_core.shell:Creating package script '/home/rob1/eeng_462/lab4/install/rplidar_ros/share/rplidar_ros/package.ps1'
[1.320s] INFO:colcon.colcon_core.shell:Creating package descriptor '/home/rob1/eeng_462/lab4/install/rplidar_ros/share/rplidar_ros/package.dsv'
[1.321s] INFO:colcon.colcon_core.shell:Creating package script '/home/rob1/eeng_462/lab4/install/rplidar_ros/share/rplidar_ros/package.sh'
[1.322s] INFO:colcon.colcon_core.shell:Creating package script '/home/rob1/eeng_462/lab4/install/rplidar_ros/share/rplidar_ros/package.bash'
[1.323s] INFO:colcon.colcon_core.shell:Creating package script '/home/rob1/eeng_462/lab4/install/rplidar_ros/share/rplidar_ros/package.zsh'
[1.324s] Level 1:colcon.colcon_core.environment:create_file_with_runtime_dependencies(/home/rob1/eeng_462/lab4/install/rplidar_ros/share/colcon-core/packages/rplidar_ros)
[1.326s] INFO:colcon.colcon_ros.task.ament_python.build:Building ROS package in '/home/rob1/eeng_462/lab4/src/mecanum_robot' with build type 'ament_python'
[1.326s] Level 1:colcon.colcon_core.shell:create_environment_hook('mecanum_robot', 'ament_prefix_path')
[1.327s] INFO:colcon.colcon_core.shell:Creating environment hook '/home/rob1/eeng_462/lab4/install/mecanum_robot/share/mecanum_robot/hook/ament_prefix_path.ps1'
[1.328s] INFO:colcon.colcon_core.shell:Creating environment descriptor '/home/rob1/eeng_462/lab4/install/mecanum_robot/share/mecanum_robot/hook/ament_prefix_path.dsv'
[1.329s] INFO:colcon.colcon_core.shell:Creating environment hook '/home/rob1/eeng_462/lab4/install/mecanum_robot/share/mecanum_robot/hook/ament_prefix_path.sh'
[1.330s] INFO:colcon.colcon_core.shell:Skip shell extension 'powershell' for command environment: Not usable outside of PowerShell
[1.330s] DEBUG:colcon.colcon_core.shell:Skip shell extension 'dsv' for command environment
[2.018s] INFO:colcon.colcon_core.task.python.build:Building Python package in '/home/rob1/eeng_462/lab4/src/mecanum_robot'
[2.019s] INFO:colcon.colcon_core.shell:Skip shell extension 'powershell' for command environment: Not usable outside of PowerShell
[2.020s] DEBUG:colcon.colcon_core.shell:Skip shell extension 'dsv' for command environment
[2.032s] DEBUG:colcon.colcon_core.event_handler.log_command:Invoked command in '/home/rob1/eeng_462/lab4/build/slam_toolbox' returned '0': CMAKE_PREFIX_PATH=/home/rob1/eeng_462/lab4/install/sllidar_ros2:/home/rob1/eeng_462/lab4/install/slam_toolbox:/home/rob1/eeng_462/lab4/install/slam_gmapping:/home/rob1/eeng_462/lab4/install/mecanum_robot:/opt/ros/humble:/home/rob1/eeng_462/lab4/install/rplidar_ros:/home/rob1/eeng_462/lab4/install/openslam_gmapping /usr/bin/cmake --build /home/rob1/eeng_462/lab4/build/slam_toolbox -- -j6 -l6
[2.037s] DEBUG:colcon.colcon_core.event_handler.log_command:Invoking command in '/home/rob1/eeng_462/lab4/build/slam_toolbox': CMAKE_PREFIX_PATH=/home/rob1/eeng_462/lab4/install/sllidar_ros2:/home/rob1/eeng_462/lab4/install/slam_toolbox:/home/rob1/eeng_462/lab4/install/slam_gmapping:/home/rob1/eeng_462/lab4/install/mecanum_robot:/opt/ros/humble:/home/rob1/eeng_462/lab4/install/rplidar_ros:/home/rob1/eeng_462/lab4/install/openslam_gmapping /usr/bin/cmake --install /home/rob1/eeng_462/lab4/build/slam_toolbox
[2.258s] Level 1:colcon.colcon_core.environment:create_environment_scripts_only(slam_toolbox)
[2.259s] Level 1:colcon.colcon_core.environment:checking '/home/rob1/eeng_462/lab4/install/slam_toolbox' for CMake module files
[2.260s] DEBUG:colcon.colcon_core.event_handler.log_command:Invoked command in '/home/rob1/eeng_462/lab4/build/slam_toolbox' returned '0': CMAKE_PREFIX_PATH=/home/rob1/eeng_462/lab4/install/sllidar_ros2:/home/rob1/eeng_462/lab4/install/slam_toolbox:/home/rob1/eeng_462/lab4/install/slam_gmapping:/home/rob1/eeng_462/lab4/install/mecanum_robot:/opt/ros/humble:/home/rob1/eeng_462/lab4/install/rplidar_ros:/home/rob1/eeng_462/lab4/install/openslam_gmapping /usr/bin/cmake --install /home/rob1/eeng_462/lab4/build/slam_toolbox
[2.263s] Level 1:colcon.colcon_core.environment:checking '/home/rob1/eeng_462/lab4/install/slam_toolbox' for CMake config files
[2.271s] Level 1:colcon.colcon_core.shell:create_environment_hook('slam_toolbox', 'cmake_prefix_path')
[2.271s] INFO:colcon.colcon_core.shell:Creating environment hook '/home/rob1/eeng_462/lab4/install/slam_toolbox/share/slam_toolbox/hook/cmake_prefix_path.ps1'
[2.273s] INFO:colcon.colcon_core.shell:Creating environment descriptor '/home/rob1/eeng_462/lab4/install/slam_toolbox/share/slam_toolbox/hook/cmake_prefix_path.dsv'
[2.274s] INFO:colcon.colcon_core.shell:Creating environment hook '/home/rob1/eeng_462/lab4/install/slam_toolbox/share/slam_toolbox/hook/cmake_prefix_path.sh'
[2.275s] Level 1:colcon.colcon_core.environment:checking '/home/rob1/eeng_462/lab4/install/slam_toolbox/lib'
[2.276s] Level 1:colcon.colcon_core.shell:create_environment_hook('slam_toolbox', 'ld_library_path_lib')
[2.277s] INFO:colcon.colcon_core.shell:Creating environment hook '/home/rob1/eeng_462/lab4/install/slam_toolbox/share/slam_toolbox/hook/ld_library_path_lib.ps1'
[2.278s] INFO:colcon.colcon_core.shell:Creating environment descriptor '/home/rob1/eeng_462/lab4/install/slam_toolbox/share/slam_toolbox/hook/ld_library_path_lib.dsv'
[2.279s] INFO:colcon.colcon_core.shell:Creating environment hook '/home/rob1/eeng_462/lab4/install/slam_toolbox/share/slam_toolbox/hook/ld_library_path_lib.sh'
[2.281s] Level 1:colcon.colcon_core.environment:checking '/home/rob1/eeng_462/lab4/install/slam_toolbox/bin'
[2.281s] Level 1:colcon.colcon_core.environment:checking '/home/rob1/eeng_462/lab4/install/slam_toolbox/lib/pkgconfig/slam_toolbox.pc'
[2.282s] Level 1:colcon.colcon_core.environment:checking '/home/rob1/eeng_462/lab4/install/slam_toolbox/lib/python3.10/site-packages'
[2.283s] Level 1:colcon.colcon_core.environment:checking '/home/rob1/eeng_462/lab4/install/slam_toolbox/bin'
[2.284s] INFO:colcon.colcon_core.shell:Creating package script '/home/rob1/eeng_462/lab4/install/slam_toolbox/share/slam_toolbox/package.ps1'
[2.286s] INFO:colcon.colcon_core.shell:Creating package descriptor '/home/rob1/eeng_462/lab4/install/slam_toolbox/share/slam_toolbox/package.dsv'
[2.288s] INFO:colcon.colcon_core.shell:Creating package script '/home/rob1/eeng_462/lab4/install/slam_toolbox/share/slam_toolbox/package.sh'
[2.289s] INFO:colcon.colcon_core.shell:Creating package script '/home/rob1/eeng_462/lab4/install/slam_toolbox/share/slam_toolbox/package.bash'
[2.291s] INFO:colcon.colcon_core.shell:Creating package script '/home/rob1/eeng_462/lab4/install/slam_toolbox/share/slam_toolbox/package.zsh'
[2.291s] Level 1:colcon.colcon_core.environment:create_file_with_runtime_dependencies(/home/rob1/eeng_462/lab4/install/slam_toolbox/share/colcon-core/packages/slam_toolbox)
[2.293s] Level 1:colcon.colcon_core.environment:create_environment_scripts_only(slam_toolbox)
[2.294s] Level 1:colcon.colcon_core.environment:checking '/home/rob1/eeng_462/lab4/install/slam_toolbox' for CMake module files
[2.296s] Level 1:colcon.colcon_core.environment:checking '/home/rob1/eeng_462/lab4/install/slam_toolbox' for CMake config files
[2.304s] Level 1:colcon.colcon_core.shell:create_environment_hook('slam_toolbox', 'cmake_prefix_path')
[2.304s] INFO:colcon.colcon_core.shell:Creating environment hook '/home/rob1/eeng_462/lab4/install/slam_toolbox/share/slam_toolbox/hook/cmake_prefix_path.ps1'
[2.306s] INFO:colcon.colcon_core.shell:Creating environment descriptor '/home/rob1/eeng_462/lab4/install/slam_toolbox/share/slam_toolbox/hook/cmake_prefix_path.dsv'
[2.307s] INFO:colcon.colcon_core.shell:Creating environment hook '/home/rob1/eeng_462/lab4/install/slam_toolbox/share/slam_toolbox/hook/cmake_prefix_path.sh'
[2.309s] Level 1:colcon.colcon_core.environment:checking '/home/rob1/eeng_462/lab4/install/slam_toolbox/lib'
[2.309s] Level 1:colcon.colcon_core.shell:create_environment_hook('slam_toolbox', 'ld_library_path_lib')
[2.310s] INFO:colcon.colcon_core.shell:Creating environment hook '/home/rob1/eeng_462/lab4/install/slam_toolbox/share/slam_toolbox/hook/ld_library_path_lib.ps1'
[2.311s] INFO:colcon.colcon_core.shell:Creating environment descriptor '/home/rob1/eeng_462/lab4/install/slam_toolbox/share/slam_toolbox/hook/ld_library_path_lib.dsv'
[2.312s] INFO:colcon.colcon_core.shell:Creating environment hook '/home/rob1/eeng_462/lab4/install/slam_toolbox/share/slam_toolbox/hook/ld_library_path_lib.sh'
[2.313s] Level 1:colcon.colcon_core.environment:checking '/home/rob1/eeng_462/lab4/install/slam_toolbox/bin'
[2.313s] Level 1:colcon.colcon_core.environment:checking '/home/rob1/eeng_462/lab4/install/slam_toolbox/lib/pkgconfig/slam_toolbox.pc'
[2.314s] Level 1:colcon.colcon_core.environment:checking '/home/rob1/eeng_462/lab4/install/slam_toolbox/lib/python3.10/site-packages'
[2.315s] Level 1:colcon.colcon_core.environment:checking '/home/rob1/eeng_462/lab4/install/slam_toolbox/bin'
[2.315s] INFO:colcon.colcon_core.shell:Creating package script '/home/rob1/eeng_462/lab4/install/slam_toolbox/share/slam_toolbox/package.ps1'
[2.317s] INFO:colcon.colcon_core.shell:Creating package descriptor '/home/rob1/eeng_462/lab4/install/slam_toolbox/share/slam_toolbox/package.dsv'
[2.318s] INFO:colcon.colcon_core.shell:Creating package script '/home/rob1/eeng_462/lab4/install/slam_toolbox/share/slam_toolbox/package.sh'
[2.319s] INFO:colcon.colcon_core.shell:Creating package script '/home/rob1/eeng_462/lab4/install/slam_toolbox/share/slam_toolbox/package.bash'
[2.320s] INFO:colcon.colcon_core.shell:Creating package script '/home/rob1/eeng_462/lab4/install/slam_toolbox/share/slam_toolbox/package.zsh'
[2.321s] Level 1:colcon.colcon_core.environment:create_file_with_runtime_dependencies(/home/rob1/eeng_462/lab4/install/slam_toolbox/share/colcon-core/packages/slam_toolbox)
[2.933s] DEBUG:colcon.colcon_core.event_handler.log_command:Invoking command in '/home/rob1/eeng_462/lab4/src/mecanum_robot': CMAKE_PREFIX_PATH=/home/rob1/eeng_462/lab4/install/rplidar_ros:/home/rob1/eeng_462/lab4/install/sllidar_ros2:/home/rob1/eeng_462/lab4/install/slam_toolbox:/home/rob1/eeng_462/lab4/install/slam_gmapping:/home/rob1/eeng_462/lab4/install/openslam_gmapping PYTHONPATH=/home/rob1/eeng_462/lab4/build/mecanum_robot/prefix_override:/usr/lib/python3/dist-packages/colcon_core/task/python/colcon_distutils_commands:/home/rob1/eeng_462/lab4/install/mecanum_robot/lib/python3.10/site-packages:${PYTHONPATH} /usr/bin/python3 -W ignore:setup.py install is deprecated -W ignore:easy_install command is deprecated setup.py egg_info --egg-base ../../build/mecanum_robot build --build-base /home/rob1/eeng_462/lab4/build/mecanum_robot/build install --record /home/rob1/eeng_462/lab4/build/mecanum_robot/install.log --single-version-externally-managed install_data
[3.658s] Level 1:colcon.colcon_core.environment:checking '/home/rob1/eeng_462/lab4/install/mecanum_robot' for CMake module files
[3.660s] DEBUG:colcon.colcon_core.event_handler.log_command:Invoked command in '/home/rob1/eeng_462/lab4/src/mecanum_robot' returned '0': CMAKE_PREFIX_PATH=/home/rob1/eeng_462/lab4/install/rplidar_ros:/home/rob1/eeng_462/lab4/install/sllidar_ros2:/home/rob1/eeng_462/lab4/install/slam_toolbox:/home/rob1/eeng_462/lab4/install/slam_gmapping:/home/rob1/eeng_462/lab4/install/openslam_gmapping PYTHONPATH=/home/rob1/eeng_462/lab4/build/mecanum_robot/prefix_override:/usr/lib/python3/dist-packages/colcon_core/task/python/colcon_distutils_commands:/home/rob1/eeng_462/lab4/install/mecanum_robot/lib/python3.10/site-packages:${PYTHONPATH} /usr/bin/python3 -W ignore:setup.py install is deprecated -W ignore:easy_install command is deprecated setup.py egg_info --egg-base ../../build/mecanum_robot build --build-base /home/rob1/eeng_462/lab4/build/mecanum_robot/build install --record /home/rob1/eeng_462/lab4/build/mecanum_robot/install.log --single-version-externally-managed install_data
[3.661s] Level 1:colcon.colcon_core.environment:checking '/home/rob1/eeng_462/lab4/install/mecanum_robot' for CMake config files
[3.663s] Level 1:colcon.colcon_core.environment:checking '/home/rob1/eeng_462/lab4/install/mecanum_robot/lib'
[3.663s] Level 1:colcon.colcon_core.environment:checking '/home/rob1/eeng_462/lab4/install/mecanum_robot/bin'
[3.664s] Level 1:colcon.colcon_core.environment:checking '/home/rob1/eeng_462/lab4/install/mecanum_robot/lib/pkgconfig/mecanum_robot.pc'
[3.664s] Level 1:colcon.colcon_core.environment:checking '/home/rob1/eeng_462/lab4/install/mecanum_robot/lib/python3.10/site-packages'
[3.665s] Level 1:colcon.colcon_core.shell:create_environment_hook('mecanum_robot', 'pythonpath')
[3.665s] INFO:colcon.colcon_core.shell:Creating environment hook '/home/rob1/eeng_462/lab4/install/mecanum_robot/share/mecanum_robot/hook/pythonpath.ps1'
[3.667s] INFO:colcon.colcon_core.shell:Creating environment descriptor '/home/rob1/eeng_462/lab4/install/mecanum_robot/share/mecanum_robot/hook/pythonpath.dsv'
[3.669s] INFO:colcon.colcon_core.shell:Creating environment hook '/home/rob1/eeng_462/lab4/install/mecanum_robot/share/mecanum_robot/hook/pythonpath.sh'
[3.671s] Level 1:colcon.colcon_core.environment:checking '/home/rob1/eeng_462/lab4/install/mecanum_robot/bin'
[3.672s] Level 1:colcon.colcon_core.environment:create_environment_scripts_only(mecanum_robot)
[3.673s] INFO:colcon.colcon_core.shell:Creating package script '/home/rob1/eeng_462/lab4/install/mecanum_robot/share/mecanum_robot/package.ps1'
[3.675s] INFO:colcon.colcon_core.shell:Creating package descriptor '/home/rob1/eeng_462/lab4/install/mecanum_robot/share/mecanum_robot/package.dsv'
[3.677s] INFO:colcon.colcon_core.shell:Creating package script '/home/rob1/eeng_462/lab4/install/mecanum_robot/share/mecanum_robot/package.sh'
[3.679s] INFO:colcon.colcon_core.shell:Creating package script '/home/rob1/eeng_462/lab4/install/mecanum_robot/share/mecanum_robot/package.bash'
[3.680s] INFO:colcon.colcon_core.shell:Creating package script '/home/rob1/eeng_462/lab4/install/mecanum_robot/share/mecanum_robot/package.zsh'
[3.681s] Level 1:colcon.colcon_core.environment:create_file_with_runtime_dependencies(/home/rob1/eeng_462/lab4/install/mecanum_robot/share/colcon-core/packages/mecanum_robot)
[3.683s] DEBUG:colcon.colcon_parallel_executor.executor.parallel:closing loop
[3.684s] DEBUG:colcon.colcon_parallel_executor.executor.parallel:loop closed
[3.684s] DEBUG:colcon.colcon_parallel_executor.executor.parallel:run_until_complete finished with '0'
[3.685s] DEBUG:colcon.colcon_core.event_reactor:joining thread
[3.703s] INFO:colcon.colcon_core.plugin_system:Skipping extension 'colcon_notification.desktop_notification.terminal_notifier': Not used on non-Darwin systems
[3.704s] INFO:colcon.colcon_core.plugin_system:Skipping extension 'colcon_notification.desktop_notification.win32': Not used on non-Windows systems
[3.704s] INFO:colcon.colcon_notification.desktop_notification:Sending desktop notification using 'notify2'
[3.836s] DEBUG:colcon.colcon_core.event_reactor:joined thread
[3.837s] INFO:colcon.colcon_core.shell:Creating prefix script '/home/rob1/eeng_462/lab4/install/local_setup.ps1'
[3.840s] INFO:colcon.colcon_core.shell:Creating prefix util module '/home/rob1/eeng_462/lab4/install/_local_setup_util_ps1.py'
[3.843s] INFO:colcon.colcon_core.shell:Creating prefix chain script '/home/rob1/eeng_462/lab4/install/setup.ps1'
[3.846s] INFO:colcon.colcon_core.shell:Creating prefix script '/home/rob1/eeng_462/lab4/install/local_setup.sh'
[3.848s] INFO:colcon.colcon_core.shell:Creating prefix util module '/home/rob1/eeng_462/lab4/install/_local_setup_util_sh.py'
[3.850s] INFO:colcon.colcon_core.shell:Creating prefix chain script '/home/rob1/eeng_462/lab4/install/setup.sh'
[3.853s] INFO:colcon.colcon_core.shell:Creating prefix script '/home/rob1/eeng_462/lab4/install/local_setup.bash'
[3.854s] INFO:colcon.colcon_core.shell:Creating prefix chain script '/home/rob1/eeng_462/lab4/install/setup.bash'
[3.857s] INFO:colcon.colcon_core.shell:Creating prefix script '/home/rob1/eeng_462/lab4/install/local_setup.zsh'
[3.858s] INFO:colcon.colcon_core.shell:Creating prefix chain script '/home/rob1/eeng_462/lab4/install/setup.zsh'
