running develop
Removing /home/rob1/eeng_462/lab4/install/mecanum_robot/lib/python3.10/site-packages/mecanum-robot.egg-link (link to .)
running egg_info
writing ../../build/mecanum_robot/mecanum_robot.egg-info/PKG-INFO
writing dependency_links to ../../build/mecanum_robot/mecanum_robot.egg-info/dependency_links.txt
writing entry points to ../../build/mecanum_robot/mecanum_robot.egg-info/entry_points.txt
writing requirements to ../../build/mecanum_robot/mecanum_robot.egg-info/requires.txt
writing top-level names to ../../build/mecanum_robot/mecanum_robot.egg-info/top_level.txt
reading manifest file '../../build/mecanum_robot/mecanum_robot.egg-info/SOURCES.txt'
adding license file 'LICENSE'
writing manifest file '../../build/mecanum_robot/mecanum_robot.egg-info/SOURCES.txt'
running build
running build_py
creating /home/rob1/eeng_462/lab4/build/mecanum_robot/build
creating /home/rob1/eeng_462/lab4/build/mecanum_robot/build/lib
creating /home/rob1/eeng_462/lab4/build/mecanum_robot/build/lib/mecanum_robot
copying mecanum_robot/mecanum_robot.py -> /home/rob1/eeng_462/lab4/build/mecanum_robot/build/lib/mecanum_robot
copying mecanum_robot/__init__.py -> /home/rob1/eeng_462/lab4/build/mecanum_robot/build/lib/mecanum_robot
running install
running install_lib
creating /home/rob1/eeng_462/lab4/install/mecanum_robot/lib/python3.10/site-packages/mecanum_robot
copying /home/rob1/eeng_462/lab4/build/mecanum_robot/build/lib/mecanum_robot/mecanum_robot.py -> /home/rob1/eeng_462/lab4/install/mecanum_robot/lib/python3.10/site-packages/mecanum_robot
copying /home/rob1/eeng_462/lab4/build/mecanum_robot/build/lib/mecanum_robot/__init__.py -> /home/rob1/eeng_462/lab4/install/mecanum_robot/lib/python3.10/site-packages/mecanum_robot
byte-compiling /home/rob1/eeng_462/lab4/install/mecanum_robot/lib/python3.10/site-packages/mecanum_robot/mecanum_robot.py to mecanum_robot.cpython-310.pyc
byte-compiling /home/rob1/eeng_462/lab4/install/mecanum_robot/lib/python3.10/site-packages/mecanum_robot/__init__.py to __init__.cpython-310.pyc
running install_data
copying resource/mecanum_robot -> /home/rob1/eeng_462/lab4/install/mecanum_robot/share/ament_index/resource_index/packages
copying package.xml -> /home/rob1/eeng_462/lab4/install/mecanum_robot/share/mecanum_robot
running install_egg_info
Copying ../../build/mecanum_robot/mecanum_robot.egg-info to /home/rob1/eeng_462/lab4/install/mecanum_robot/lib/python3.10/site-packages/mecanum_robot-0.0.0-py3.10.egg-info
running install_scripts
Installing mecanum_robot script to /home/rob1/eeng_462/lab4/install/mecanum_robot/lib/mecanum_robot
writing list of installed files to '/home/rob1/eeng_462/lab4/build/mecanum_robot/install.log'
