[1.502s] Invoking command in '/home/rob1/eeng_462/lab4/build/mecanum_robot': PYTHONPATH=/home/rob1/eeng_462/lab4/build/mecanum_robot/prefix_override:/usr/lib/python3/dist-packages/colcon_core/task/python/colcon_distutils_commands:/home/rob1/eeng_462/lab4/install/mecanum_robot/lib/python3.10/site-packages:${PYTHONPATH} /usr/bin/python3 -W ignore:setup.py install is deprecated -W ignore:easy_install command is deprecated setup.py develop --uninstall --editable --build-directory /home/rob1/eeng_462/lab4/build/mecanum_robot/build
[2.115s] running develop
[2.527s] Removing /home/rob1/eeng_462/lab4/install/mecanum_robot/lib/python3.10/site-packages/mecanum-robot.egg-link (link to .)
[2.605s] Invoked command in '/home/rob1/eeng_462/lab4/build/mecanum_robot' returned '0': PYTHONPATH=/home/rob1/eeng_462/lab4/build/mecanum_robot/prefix_override:/usr/lib/python3/dist-packages/colcon_core/task/python/colcon_distutils_commands:/home/rob1/eeng_462/lab4/install/mecanum_robot/lib/python3.10/site-packages:${PYTHONPATH} /usr/bin/python3 -W ignore:setup.py install is deprecated -W ignore:easy_install command is deprecated setup.py develop --uninstall --editable --build-directory /home/rob1/eeng_462/lab4/build/mecanum_robot/build
[2.610s] Invoking command in '/home/rob1/eeng_462/lab4/src/mecanum_robot': PYTHONPATH=/home/rob1/eeng_462/lab4/build/mecanum_robot/prefix_override:/usr/lib/python3/dist-packages/colcon_core/task/python/colcon_distutils_commands:/home/rob1/eeng_462/lab4/install/mecanum_robot/lib/python3.10/site-packages:${PYTHONPATH} /usr/bin/python3 -W ignore:setup.py install is deprecated -W ignore:easy_install command is deprecated setup.py egg_info --egg-base ../../build/mecanum_robot build --build-base /home/rob1/eeng_462/lab4/build/mecanum_robot/build install --record /home/rob1/eeng_462/lab4/build/mecanum_robot/install.log --single-version-externally-managed install_data --force
[3.178s] running egg_info
[3.179s] writing ../../build/mecanum_robot/mecanum_robot.egg-info/PKG-INFO
[3.179s] writing dependency_links to ../../build/mecanum_robot/mecanum_robot.egg-info/dependency_links.txt
[3.180s] writing entry points to ../../build/mecanum_robot/mecanum_robot.egg-info/entry_points.txt
[3.180s] writing requirements to ../../build/mecanum_robot/mecanum_robot.egg-info/requires.txt
[3.180s] writing top-level names to ../../build/mecanum_robot/mecanum_robot.egg-info/top_level.txt
[3.185s] reading manifest file '../../build/mecanum_robot/mecanum_robot.egg-info/SOURCES.txt'
[3.185s] adding license file 'LICENSE'
[3.186s] writing manifest file '../../build/mecanum_robot/mecanum_robot.egg-info/SOURCES.txt'
[3.186s] running build
[3.187s] running build_py
[3.187s] creating /home/rob1/eeng_462/lab4/build/mecanum_robot/build
[3.187s] creating /home/rob1/eeng_462/lab4/build/mecanum_robot/build/lib
[3.187s] creating /home/rob1/eeng_462/lab4/build/mecanum_robot/build/lib/mecanum_robot
[3.187s] copying mecanum_robot/mecanum_robot.py -> /home/rob1/eeng_462/lab4/build/mecanum_robot/build/lib/mecanum_robot
[3.188s] copying mecanum_robot/__init__.py -> /home/rob1/eeng_462/lab4/build/mecanum_robot/build/lib/mecanum_robot
[3.188s] running install
[3.189s] running install_lib
[3.190s] creating /home/rob1/eeng_462/lab4/install/mecanum_robot/lib/python3.10/site-packages/mecanum_robot
[3.190s] copying /home/rob1/eeng_462/lab4/build/mecanum_robot/build/lib/mecanum_robot/mecanum_robot.py -> /home/rob1/eeng_462/lab4/install/mecanum_robot/lib/python3.10/site-packages/mecanum_robot
[3.191s] copying /home/rob1/eeng_462/lab4/build/mecanum_robot/build/lib/mecanum_robot/__init__.py -> /home/rob1/eeng_462/lab4/install/mecanum_robot/lib/python3.10/site-packages/mecanum_robot
[3.192s] byte-compiling /home/rob1/eeng_462/lab4/install/mecanum_robot/lib/python3.10/site-packages/mecanum_robot/mecanum_robot.py to mecanum_robot.cpython-310.pyc
[3.193s] byte-compiling /home/rob1/eeng_462/lab4/install/mecanum_robot/lib/python3.10/site-packages/mecanum_robot/__init__.py to __init__.cpython-310.pyc
[3.194s] running install_data
[3.194s] copying resource/mecanum_robot -> /home/rob1/eeng_462/lab4/install/mecanum_robot/share/ament_index/resource_index/packages
[3.194s] copying package.xml -> /home/rob1/eeng_462/lab4/install/mecanum_robot/share/mecanum_robot
[3.194s] running install_egg_info
[3.199s] Copying ../../build/mecanum_robot/mecanum_robot.egg-info to /home/rob1/eeng_462/lab4/install/mecanum_robot/lib/python3.10/site-packages/mecanum_robot-0.0.0-py3.10.egg-info
[3.201s] running install_scripts
[3.245s] Installing mecanum_robot script to /home/rob1/eeng_462/lab4/install/mecanum_robot/lib/mecanum_robot
[3.246s] writing list of installed files to '/home/rob1/eeng_462/lab4/build/mecanum_robot/install.log'
[3.317s] Invoked command in '/home/rob1/eeng_462/lab4/src/mecanum_robot' returned '0': PYTHONPATH=/home/rob1/eeng_462/lab4/build/mecanum_robot/prefix_override:/usr/lib/python3/dist-packages/colcon_core/task/python/colcon_distutils_commands:/home/rob1/eeng_462/lab4/install/mecanum_robot/lib/python3.10/site-packages:${PYTHONPATH} /usr/bin/python3 -W ignore:setup.py install is deprecated -W ignore:easy_install command is deprecated setup.py egg_info --egg-base ../../build/mecanum_robot build --build-base /home/rob1/eeng_462/lab4/build/mecanum_robot/build install --record /home/rob1/eeng_462/lab4/build/mecanum_robot/install.log --single-version-externally-managed install_data --force
