[0.308s] DEBUG:colcon:Command line arguments: ['/usr/bin/colcon', 'build', '--symlink-install']
[0.309s] DEBUG:colcon:Parsed command line arguments: Namespace(log_base=None, log_level=None, verb_name='build', build_base='build', install_base='install', merge_install=False, symlink_install=True, test_result_base=None, continue_on_error=False, executor='parallel', parallel_workers=6, event_handlers=None, ignore_user_meta=False, metas=['./colcon.meta'], base_paths=['.'], packages_ignore=None, packages_ignore_regex=None, paths=None, packages_up_to=None, packages_up_to_regex=None, packages_above=None, packages_above_and_dependencies=None, packages_above_depth=None, packages_select_by_dep=None, packages_skip_by_dep=None, packages_skip_up_to=None, packages_select_build_failed=False, packages_skip_build_finished=False, packages_select_test_failures=False, packages_skip_test_passed=False, packages_select=None, packages_skip=None, packages_select_regex=None, packages_skip_regex=None, packages_start=None, packages_end=None, allow_overriding=[], cmake_args=None, cmake_target=None, cmake_target_skip_unavailable=False, cmake_clean_cache=False, cmake_clean_first=False, cmake_force_configure=False, ament_cmake_args=None, catkin_cmake_args=None, catkin_skip_building_tests=False, mixin_files=None, mixin=None, verb_parser=<colcon_mixin.mixin.mixin_argument.MixinArgumentDecorator object at 0xffffa72772b0>, verb_extension=<colcon_core.verb.build.BuildVerb object at 0xffffa7464cd0>, main=<bound method BuildVerb.main of <colcon_core.verb.build.BuildVerb object at 0xffffa7464cd0>>, mixin_verb=('build',))
[0.741s] Level 1:colcon.colcon_core.package_discovery:discover_packages(colcon_meta) check parameters
[0.741s] Level 1:colcon.colcon_core.package_discovery:discover_packages(recursive) check parameters
[0.741s] Level 1:colcon.colcon_core.package_discovery:discover_packages(ignore) check parameters
[0.741s] Level 1:colcon.colcon_core.package_discovery:discover_packages(path) check parameters
[0.741s] Level 1:colcon.colcon_core.package_discovery:discover_packages(colcon_meta) discover
[0.741s] Level 1:colcon.colcon_core.package_discovery:discover_packages(recursive) discover
[0.741s] INFO:colcon.colcon_core.package_discovery:Crawling recursively for packages in '/home/rob1/eeng_462/lab4'
[0.742s] Level 1:colcon.colcon_core.package_identification:_identify(.) by extensions ['ignore', 'ignore_ament_install']
[0.742s] Level 1:colcon.colcon_core.package_identification:_identify(.) by extension 'ignore'
[0.742s] Level 1:colcon.colcon_core.package_identification:_identify(.) by extension 'ignore_ament_install'
[0.742s] Level 1:colcon.colcon_core.package_identification:_identify(.) by extensions ['colcon_pkg']
[0.743s] Level 1:colcon.colcon_core.package_identification:_identify(.) by extension 'colcon_pkg'
[0.743s] Level 1:colcon.colcon_core.package_identification:_identify(.) by extensions ['colcon_meta']
[0.743s] Level 1:colcon.colcon_core.package_identification:_identify(.) by extension 'colcon_meta'
[0.743s] Level 1:colcon.colcon_core.package_identification:_identify(.) by extensions ['ros']
[0.743s] Level 1:colcon.colcon_core.package_identification:_identify(.) by extension 'ros'
[0.795s] Level 1:colcon.colcon_core.package_identification:_identify(.) by extensions ['cmake', 'python']
[0.795s] Level 1:colcon.colcon_core.package_identification:_identify(.) by extension 'cmake'
[0.796s] Level 1:colcon.colcon_core.package_identification:_identify(.) by extension 'python'
[0.796s] Level 1:colcon.colcon_core.package_identification:_identify(.) by extensions ['python_setup_py']
[0.796s] Level 1:colcon.colcon_core.package_identification:_identify(.) by extension 'python_setup_py'
[0.796s] Level 1:colcon.colcon_core.package_identification:_identify(build) by extensions ['ignore', 'ignore_ament_install']
[0.796s] Level 1:colcon.colcon_core.package_identification:_identify(build) by extension 'ignore'
[0.797s] Level 1:colcon.colcon_core.package_identification:_identify(build) ignored
[0.797s] Level 1:colcon.colcon_core.package_identification:_identify(install) by extensions ['ignore', 'ignore_ament_install']
[0.797s] Level 1:colcon.colcon_core.package_identification:_identify(install) by extension 'ignore'
[0.797s] Level 1:colcon.colcon_core.package_identification:_identify(install) ignored
[0.798s] Level 1:colcon.colcon_core.package_identification:_identify(log) by extensions ['ignore', 'ignore_ament_install']
[0.798s] Level 1:colcon.colcon_core.package_identification:_identify(log) by extension 'ignore'
[0.798s] Level 1:colcon.colcon_core.package_identification:_identify(log) ignored
[0.798s] Level 1:colcon.colcon_core.package_identification:_identify(src) by extensions ['ignore', 'ignore_ament_install']
[0.798s] Level 1:colcon.colcon_core.package_identification:_identify(src) by extension 'ignore'
[0.798s] Level 1:colcon.colcon_core.package_identification:_identify(src) by extension 'ignore_ament_install'
[0.799s] Level 1:colcon.colcon_core.package_identification:_identify(src) by extensions ['colcon_pkg']
[0.799s] Level 1:colcon.colcon_core.package_identification:_identify(src) by extension 'colcon_pkg'
[0.799s] Level 1:colcon.colcon_core.package_identification:_identify(src) by extensions ['colcon_meta']
[0.799s] Level 1:colcon.colcon_core.package_identification:_identify(src) by extension 'colcon_meta'
[0.799s] Level 1:colcon.colcon_core.package_identification:_identify(src) by extensions ['ros']
[0.799s] Level 1:colcon.colcon_core.package_identification:_identify(src) by extension 'ros'
[0.799s] Level 1:colcon.colcon_core.package_identification:_identify(src) by extensions ['cmake', 'python']
[0.799s] Level 1:colcon.colcon_core.package_identification:_identify(src) by extension 'cmake'
[0.799s] Level 1:colcon.colcon_core.package_identification:_identify(src) by extension 'python'
[0.800s] Level 1:colcon.colcon_core.package_identification:_identify(src) by extensions ['python_setup_py']
[0.800s] Level 1:colcon.colcon_core.package_identification:_identify(src) by extension 'python_setup_py'
[0.800s] Level 1:colcon.colcon_core.package_identification:_identify(src/mecanum_robot) by extensions ['ignore', 'ignore_ament_install']
[0.800s] Level 1:colcon.colcon_core.package_identification:_identify(src/mecanum_robot) by extension 'ignore'
[0.800s] Level 1:colcon.colcon_core.package_identification:_identify(src/mecanum_robot) by extension 'ignore_ament_install'
[0.800s] Level 1:colcon.colcon_core.package_identification:_identify(src/mecanum_robot) by extensions ['colcon_pkg']
[0.800s] Level 1:colcon.colcon_core.package_identification:_identify(src/mecanum_robot) by extension 'colcon_pkg'
[0.800s] Level 1:colcon.colcon_core.package_identification:_identify(src/mecanum_robot) by extensions ['colcon_meta']
[0.801s] Level 1:colcon.colcon_core.package_identification:_identify(src/mecanum_robot) by extension 'colcon_meta'
[0.801s] Level 1:colcon.colcon_core.package_identification:_identify(src/mecanum_robot) by extensions ['ros']
[0.801s] Level 1:colcon.colcon_core.package_identification:_identify(src/mecanum_robot) by extension 'ros'
[0.806s] DEBUG:colcon.colcon_core.package_identification:Package 'src/mecanum_robot' with type 'ros.ament_python' and name 'mecanum_robot'
[0.807s] Level 1:colcon.colcon_core.package_identification:_identify(src/rplidar_ros) by extensions ['ignore', 'ignore_ament_install']
[0.807s] Level 1:colcon.colcon_core.package_identification:_identify(src/rplidar_ros) by extension 'ignore'
[0.807s] Level 1:colcon.colcon_core.package_identification:_identify(src/rplidar_ros) by extension 'ignore_ament_install'
[0.807s] Level 1:colcon.colcon_core.package_identification:_identify(src/rplidar_ros) by extensions ['colcon_pkg']
[0.807s] Level 1:colcon.colcon_core.package_identification:_identify(src/rplidar_ros) by extension 'colcon_pkg'
[0.808s] Level 1:colcon.colcon_core.package_identification:_identify(src/rplidar_ros) by extensions ['colcon_meta']
[0.808s] Level 1:colcon.colcon_core.package_identification:_identify(src/rplidar_ros) by extension 'colcon_meta'
[0.808s] Level 1:colcon.colcon_core.package_identification:_identify(src/rplidar_ros) by extensions ['ros']
[0.808s] Level 1:colcon.colcon_core.package_identification:_identify(src/rplidar_ros) by extension 'ros'
[0.809s] DEBUG:colcon.colcon_core.package_identification:Package 'src/rplidar_ros' with type 'ros.ament_cmake' and name 'rplidar_ros'
[0.809s] Level 1:colcon.colcon_core.package_discovery:discover_packages(recursive) using defaults
[0.810s] Level 1:colcon.colcon_core.package_discovery:discover_packages(ignore) discover
[0.810s] Level 1:colcon.colcon_core.package_discovery:discover_packages(ignore) using defaults
[0.810s] Level 1:colcon.colcon_core.package_discovery:discover_packages(path) discover
[0.810s] Level 1:colcon.colcon_core.package_discovery:discover_packages(path) using defaults
[0.853s] Level 1:colcon.colcon_core.package_discovery:discover_packages(prefix_path) check parameters
[0.853s] Level 1:colcon.colcon_core.package_discovery:discover_packages(prefix_path) discover
[0.858s] DEBUG:colcon.colcon_installed_package_information.package_discovery:Found 7 installed packages in /home/rob1/eeng_462/lab4/install
[0.862s] DEBUG:colcon.colcon_installed_package_information.package_discovery:Found 371 installed packages in /opt/ros/humble
[0.867s] Level 1:colcon.colcon_core.package_discovery:discover_packages(prefix_path) using defaults
[0.978s] Level 5:colcon.colcon_core.verb:set package 'rplidar_ros' build argument 'cmake_args' from command line to 'None'
[0.979s] Level 5:colcon.colcon_core.verb:set package 'rplidar_ros' build argument 'cmake_target' from command line to 'None'
[0.979s] Level 5:colcon.colcon_core.verb:set package 'rplidar_ros' build argument 'cmake_target_skip_unavailable' from command line to 'False'
[0.979s] Level 5:colcon.colcon_core.verb:set package 'rplidar_ros' build argument 'cmake_clean_cache' from command line to 'False'
[0.979s] Level 5:colcon.colcon_core.verb:set package 'rplidar_ros' build argument 'cmake_clean_first' from command line to 'False'
[0.979s] Level 5:colcon.colcon_core.verb:set package 'rplidar_ros' build argument 'cmake_force_configure' from command line to 'False'
[0.979s] Level 5:colcon.colcon_core.verb:set package 'rplidar_ros' build argument 'ament_cmake_args' from command line to 'None'
[0.979s] Level 5:colcon.colcon_core.verb:set package 'rplidar_ros' build argument 'catkin_cmake_args' from command line to 'None'
[0.979s] Level 5:colcon.colcon_core.verb:set package 'rplidar_ros' build argument 'catkin_skip_building_tests' from command line to 'False'
[0.979s] DEBUG:colcon.colcon_core.verb:Building package 'rplidar_ros' with the following arguments: {'ament_cmake_args': None, 'build_base': '/home/rob1/eeng_462/lab4/build/rplidar_ros', 'catkin_cmake_args': None, 'catkin_skip_building_tests': False, 'cmake_args': None, 'cmake_clean_cache': False, 'cmake_clean_first': False, 'cmake_force_configure': False, 'cmake_target': None, 'cmake_target_skip_unavailable': False, 'install_base': '/home/rob1/eeng_462/lab4/install/rplidar_ros', 'merge_install': False, 'path': '/home/rob1/eeng_462/lab4/src/rplidar_ros', 'symlink_install': True, 'test_result_base': None}
[0.980s] Level 5:colcon.colcon_core.verb:set package 'mecanum_robot' build argument 'cmake_args' from command line to 'None'
[0.980s] Level 5:colcon.colcon_core.verb:set package 'mecanum_robot' build argument 'cmake_target' from command line to 'None'
[0.980s] Level 5:colcon.colcon_core.verb:set package 'mecanum_robot' build argument 'cmake_target_skip_unavailable' from command line to 'False'
[0.980s] Level 5:colcon.colcon_core.verb:set package 'mecanum_robot' build argument 'cmake_clean_cache' from command line to 'False'
[0.980s] Level 5:colcon.colcon_core.verb:set package 'mecanum_robot' build argument 'cmake_clean_first' from command line to 'False'
[0.980s] Level 5:colcon.colcon_core.verb:set package 'mecanum_robot' build argument 'cmake_force_configure' from command line to 'False'
[0.980s] Level 5:colcon.colcon_core.verb:set package 'mecanum_robot' build argument 'ament_cmake_args' from command line to 'None'
[0.980s] Level 5:colcon.colcon_core.verb:set package 'mecanum_robot' build argument 'catkin_cmake_args' from command line to 'None'
[0.980s] Level 5:colcon.colcon_core.verb:set package 'mecanum_robot' build argument 'catkin_skip_building_tests' from command line to 'False'
[0.981s] DEBUG:colcon.colcon_core.verb:Building package 'mecanum_robot' with the following arguments: {'ament_cmake_args': None, 'build_base': '/home/rob1/eeng_462/lab4/build/mecanum_robot', 'catkin_cmake_args': None, 'catkin_skip_building_tests': False, 'cmake_args': None, 'cmake_clean_cache': False, 'cmake_clean_first': False, 'cmake_force_configure': False, 'cmake_target': None, 'cmake_target_skip_unavailable': False, 'install_base': '/home/rob1/eeng_462/lab4/install/mecanum_robot', 'merge_install': False, 'path': '/home/rob1/eeng_462/lab4/src/mecanum_robot', 'symlink_install': True, 'test_result_base': None}
[0.981s] INFO:colcon.colcon_core.executor:Executing jobs using 'parallel' executor
[0.983s] DEBUG:colcon.colcon_parallel_executor.executor.parallel:run_until_complete
[0.984s] INFO:colcon.colcon_ros.task.ament_cmake.build:Building ROS package in '/home/rob1/eeng_462/lab4/src/rplidar_ros' with build type 'ament_cmake'
[0.984s] INFO:colcon.colcon_cmake.task.cmake.build:Building CMake package in '/home/rob1/eeng_462/lab4/src/rplidar_ros'
[0.988s] INFO:colcon.colcon_core.plugin_system:Skipping extension 'colcon_core.shell.bat': Not used on non-Windows systems
[0.989s] INFO:colcon.colcon_core.shell:Skip shell extension 'powershell' for command environment: Not usable outside of PowerShell
[0.989s] DEBUG:colcon.colcon_core.shell:Skip shell extension 'dsv' for command environment
[1.005s] DEBUG:colcon.colcon_core.event_handler.log_command:Invoking command in '/home/rob1/eeng_462/lab4/build/rplidar_ros': CMAKE_PREFIX_PATH=/home/rob1/eeng_462/lab4/install/sllidar_ros2:/home/rob1/eeng_462/lab4/install/slam_toolbox:/home/rob1/eeng_462/lab4/install/slam_gmapping:/home/rob1/eeng_462/lab4/install/mecanum_robot:/opt/ros/humble:/home/rob1/eeng_462/lab4/install/rplidar_ros:/home/rob1/eeng_462/lab4/install/openslam_gmapping /usr/bin/cmake /home/rob1/eeng_462/lab4/src/rplidar_ros -DAMENT_CMAKE_SYMLINK_INSTALL=1 -DCMAKE_INSTALL_PREFIX=/home/rob1/eeng_462/lab4/install/rplidar_ros
[2.270s] DEBUG:colcon.colcon_core.event_handler.log_command:Invoked command in '/home/rob1/eeng_462/lab4/build/rplidar_ros' returned '0': CMAKE_PREFIX_PATH=/home/rob1/eeng_462/lab4/install/sllidar_ros2:/home/rob1/eeng_462/lab4/install/slam_toolbox:/home/rob1/eeng_462/lab4/install/slam_gmapping:/home/rob1/eeng_462/lab4/install/mecanum_robot:/opt/ros/humble:/home/rob1/eeng_462/lab4/install/rplidar_ros:/home/rob1/eeng_462/lab4/install/openslam_gmapping /usr/bin/cmake /home/rob1/eeng_462/lab4/src/rplidar_ros -DAMENT_CMAKE_SYMLINK_INSTALL=1 -DCMAKE_INSTALL_PREFIX=/home/rob1/eeng_462/lab4/install/rplidar_ros
[2.275s] DEBUG:colcon.colcon_core.event_handler.log_command:Invoking command in '/home/rob1/eeng_462/lab4/build/rplidar_ros': CMAKE_PREFIX_PATH=/home/rob1/eeng_462/lab4/install/sllidar_ros2:/home/rob1/eeng_462/lab4/install/slam_toolbox:/home/rob1/eeng_462/lab4/install/slam_gmapping:/home/rob1/eeng_462/lab4/install/mecanum_robot:/opt/ros/humble:/home/rob1/eeng_462/lab4/install/rplidar_ros:/home/rob1/eeng_462/lab4/install/openslam_gmapping /usr/bin/cmake --build /home/rob1/eeng_462/lab4/build/rplidar_ros -- -j6 -l6
[24.058s] DEBUG:colcon.colcon_core.event_handler.log_command:Invoked command in '/home/rob1/eeng_462/lab4/build/rplidar_ros' returned '0': CMAKE_PREFIX_PATH=/home/rob1/eeng_462/lab4/install/sllidar_ros2:/home/rob1/eeng_462/lab4/install/slam_toolbox:/home/rob1/eeng_462/lab4/install/slam_gmapping:/home/rob1/eeng_462/lab4/install/mecanum_robot:/opt/ros/humble:/home/rob1/eeng_462/lab4/install/rplidar_ros:/home/rob1/eeng_462/lab4/install/openslam_gmapping /usr/bin/cmake --build /home/rob1/eeng_462/lab4/build/rplidar_ros -- -j6 -l6
[24.080s] DEBUG:colcon.colcon_core.event_handler.log_command:Invoking command in '/home/rob1/eeng_462/lab4/build/rplidar_ros': CMAKE_PREFIX_PATH=/home/rob1/eeng_462/lab4/install/sllidar_ros2:/home/rob1/eeng_462/lab4/install/slam_toolbox:/home/rob1/eeng_462/lab4/install/slam_gmapping:/home/rob1/eeng_462/lab4/install/mecanum_robot:/opt/ros/humble:/home/rob1/eeng_462/lab4/install/rplidar_ros:/home/rob1/eeng_462/lab4/install/openslam_gmapping /usr/bin/cmake --install /home/rob1/eeng_462/lab4/build/rplidar_ros
[24.130s] Level 1:colcon.colcon_core.environment:create_environment_scripts_only(rplidar_ros)
[24.131s] DEBUG:colcon.colcon_core.event_handler.log_command:Invoked command in '/home/rob1/eeng_462/lab4/build/rplidar_ros' returned '0': CMAKE_PREFIX_PATH=/home/rob1/eeng_462/lab4/install/sllidar_ros2:/home/rob1/eeng_462/lab4/install/slam_toolbox:/home/rob1/eeng_462/lab4/install/slam_gmapping:/home/rob1/eeng_462/lab4/install/mecanum_robot:/opt/ros/humble:/home/rob1/eeng_462/lab4/install/rplidar_ros:/home/rob1/eeng_462/lab4/install/openslam_gmapping /usr/bin/cmake --install /home/rob1/eeng_462/lab4/build/rplidar_ros
[24.140s] Level 1:colcon.colcon_core.environment:checking '/home/rob1/eeng_462/lab4/install/rplidar_ros' for CMake module files
[24.142s] Level 1:colcon.colcon_core.environment:checking '/home/rob1/eeng_462/lab4/install/rplidar_ros' for CMake config files
[24.144s] Level 1:colcon.colcon_core.shell:create_environment_hook('rplidar_ros', 'cmake_prefix_path')
[24.145s] INFO:colcon.colcon_core.shell:Creating environment hook '/home/rob1/eeng_462/lab4/install/rplidar_ros/share/rplidar_ros/hook/cmake_prefix_path.ps1'
[24.147s] INFO:colcon.colcon_core.shell:Creating environment descriptor '/home/rob1/eeng_462/lab4/install/rplidar_ros/share/rplidar_ros/hook/cmake_prefix_path.dsv'
[24.149s] INFO:colcon.colcon_core.shell:Creating environment hook '/home/rob1/eeng_462/lab4/install/rplidar_ros/share/rplidar_ros/hook/cmake_prefix_path.sh'
[24.152s] Level 1:colcon.colcon_core.environment:checking '/home/rob1/eeng_462/lab4/install/rplidar_ros/lib'
[24.153s] Level 1:colcon.colcon_core.environment:checking '/home/rob1/eeng_462/lab4/install/rplidar_ros/bin'
[24.153s] Level 1:colcon.colcon_core.environment:checking '/home/rob1/eeng_462/lab4/install/rplidar_ros/lib/pkgconfig/rplidar_ros.pc'
[24.154s] Level 1:colcon.colcon_core.environment:checking '/home/rob1/eeng_462/lab4/install/rplidar_ros/lib/python3.10/site-packages'
[24.155s] Level 1:colcon.colcon_core.environment:checking '/home/rob1/eeng_462/lab4/install/rplidar_ros/bin'
[24.156s] INFO:colcon.colcon_core.shell:Creating package script '/home/rob1/eeng_462/lab4/install/rplidar_ros/share/rplidar_ros/package.ps1'
[24.159s] INFO:colcon.colcon_core.shell:Creating package descriptor '/home/rob1/eeng_462/lab4/install/rplidar_ros/share/rplidar_ros/package.dsv'
[24.161s] INFO:colcon.colcon_core.shell:Creating package script '/home/rob1/eeng_462/lab4/install/rplidar_ros/share/rplidar_ros/package.sh'
[24.164s] INFO:colcon.colcon_core.shell:Creating package script '/home/rob1/eeng_462/lab4/install/rplidar_ros/share/rplidar_ros/package.bash'
[24.166s] INFO:colcon.colcon_core.shell:Creating package script '/home/rob1/eeng_462/lab4/install/rplidar_ros/share/rplidar_ros/package.zsh'
[24.169s] Level 1:colcon.colcon_core.environment:create_file_with_runtime_dependencies(/home/rob1/eeng_462/lab4/install/rplidar_ros/share/colcon-core/packages/rplidar_ros)
[24.171s] Level 1:colcon.colcon_core.environment:create_environment_scripts_only(rplidar_ros)
[24.172s] Level 1:colcon.colcon_core.environment:checking '/home/rob1/eeng_462/lab4/install/rplidar_ros' for CMake module files
[24.174s] Level 1:colcon.colcon_core.environment:checking '/home/rob1/eeng_462/lab4/install/rplidar_ros' for CMake config files
[24.176s] Level 1:colcon.colcon_core.shell:create_environment_hook('rplidar_ros', 'cmake_prefix_path')
[24.176s] INFO:colcon.colcon_core.shell:Creating environment hook '/home/rob1/eeng_462/lab4/install/rplidar_ros/share/rplidar_ros/hook/cmake_prefix_path.ps1'
[24.178s] INFO:colcon.colcon_core.shell:Creating environment descriptor '/home/rob1/eeng_462/lab4/install/rplidar_ros/share/rplidar_ros/hook/cmake_prefix_path.dsv'
[24.179s] INFO:colcon.colcon_core.shell:Creating environment hook '/home/rob1/eeng_462/lab4/install/rplidar_ros/share/rplidar_ros/hook/cmake_prefix_path.sh'
[24.181s] Level 1:colcon.colcon_core.environment:checking '/home/rob1/eeng_462/lab4/install/rplidar_ros/lib'
[24.181s] Level 1:colcon.colcon_core.environment:checking '/home/rob1/eeng_462/lab4/install/rplidar_ros/bin'
[24.181s] Level 1:colcon.colcon_core.environment:checking '/home/rob1/eeng_462/lab4/install/rplidar_ros/lib/pkgconfig/rplidar_ros.pc'
[24.182s] Level 1:colcon.colcon_core.environment:checking '/home/rob1/eeng_462/lab4/install/rplidar_ros/lib/python3.10/site-packages'
[24.183s] Level 1:colcon.colcon_core.environment:checking '/home/rob1/eeng_462/lab4/install/rplidar_ros/bin'
[24.184s] INFO:colcon.colcon_core.shell:Creating package script '/home/rob1/eeng_462/lab4/install/rplidar_ros/share/rplidar_ros/package.ps1'
[24.185s] INFO:colcon.colcon_core.shell:Creating package descriptor '/home/rob1/eeng_462/lab4/install/rplidar_ros/share/rplidar_ros/package.dsv'
[24.187s] INFO:colcon.colcon_core.shell:Creating package script '/home/rob1/eeng_462/lab4/install/rplidar_ros/share/rplidar_ros/package.sh'
[24.188s] INFO:colcon.colcon_core.shell:Creating package script '/home/rob1/eeng_462/lab4/install/rplidar_ros/share/rplidar_ros/package.bash'
[24.189s] INFO:colcon.colcon_core.shell:Creating package script '/home/rob1/eeng_462/lab4/install/rplidar_ros/share/rplidar_ros/package.zsh'
[24.191s] Level 1:colcon.colcon_core.environment:create_file_with_runtime_dependencies(/home/rob1/eeng_462/lab4/install/rplidar_ros/share/colcon-core/packages/rplidar_ros)
[24.192s] INFO:colcon.colcon_ros.task.ament_python.build:Building ROS package in '/home/rob1/eeng_462/lab4/src/mecanum_robot' with build type 'ament_python'
[24.192s] Level 1:colcon.colcon_core.shell:create_environment_hook('mecanum_robot', 'ament_prefix_path')
[24.193s] INFO:colcon.colcon_core.shell:Creating environment hook '/home/rob1/eeng_462/lab4/install/mecanum_robot/share/mecanum_robot/hook/ament_prefix_path.ps1'
[24.196s] INFO:colcon.colcon_core.shell:Creating environment descriptor '/home/rob1/eeng_462/lab4/install/mecanum_robot/share/mecanum_robot/hook/ament_prefix_path.dsv'
[24.197s] INFO:colcon.colcon_core.shell:Creating environment hook '/home/rob1/eeng_462/lab4/install/mecanum_robot/share/mecanum_robot/hook/ament_prefix_path.sh'
[24.199s] INFO:colcon.colcon_core.shell:Skip shell extension 'powershell' for command environment: Not usable outside of PowerShell
[24.200s] DEBUG:colcon.colcon_core.shell:Skip shell extension 'dsv' for command environment
[24.869s] INFO:colcon.colcon_core.task.python.build:Building Python package in '/home/rob1/eeng_462/lab4/src/mecanum_robot'
[24.870s] INFO:colcon.colcon_core.shell:Skip shell extension 'powershell' for command environment: Not usable outside of PowerShell
[24.870s] DEBUG:colcon.colcon_core.shell:Skip shell extension 'dsv' for command environment
[25.781s] DEBUG:colcon.colcon_core.event_handler.log_command:Invoking command in '/home/rob1/eeng_462/lab4/build/mecanum_robot': CMAKE_PREFIX_PATH=/home/rob1/eeng_462/lab4/install/rplidar_ros:/home/rob1/eeng_462/lab4/install/sllidar_ros2:/home/rob1/eeng_462/lab4/install/slam_toolbox:/home/rob1/eeng_462/lab4/install/slam_gmapping:/home/rob1/eeng_462/lab4/install/openslam_gmapping PYTHONPATH=/home/rob1/eeng_462/lab4/build/mecanum_robot/prefix_override:/usr/lib/python3/dist-packages/colcon_core/task/python/colcon_distutils_commands:/home/rob1/eeng_462/lab4/install/mecanum_robot/lib/python3.10/site-packages:${PYTHONPATH} /usr/bin/python3 -W ignore:setup.py install is deprecated -W ignore:easy_install command is deprecated setup.py develop --editable --build-directory /home/rob1/eeng_462/lab4/build/mecanum_robot/build --no-deps symlink_data
[26.995s] Level 1:colcon.colcon_core.shell:create_environment_hook('mecanum_robot', 'pythonpath_develop')
[26.996s] INFO:colcon.colcon_core.shell:Creating environment hook '/home/rob1/eeng_462/lab4/build/mecanum_robot/share/mecanum_robot/hook/pythonpath_develop.ps1'
[26.997s] DEBUG:colcon.colcon_core.event_handler.log_command:Invoked command in '/home/rob1/eeng_462/lab4/build/mecanum_robot' returned '0': CMAKE_PREFIX_PATH=/home/rob1/eeng_462/lab4/install/rplidar_ros:/home/rob1/eeng_462/lab4/install/sllidar_ros2:/home/rob1/eeng_462/lab4/install/slam_toolbox:/home/rob1/eeng_462/lab4/install/slam_gmapping:/home/rob1/eeng_462/lab4/install/openslam_gmapping PYTHONPATH=/home/rob1/eeng_462/lab4/build/mecanum_robot/prefix_override:/usr/lib/python3/dist-packages/colcon_core/task/python/colcon_distutils_commands:/home/rob1/eeng_462/lab4/install/mecanum_robot/lib/python3.10/site-packages:${PYTHONPATH} /usr/bin/python3 -W ignore:setup.py install is deprecated -W ignore:easy_install command is deprecated setup.py develop --editable --build-directory /home/rob1/eeng_462/lab4/build/mecanum_robot/build --no-deps symlink_data
[26.999s] INFO:colcon.colcon_core.shell:Creating environment descriptor '/home/rob1/eeng_462/lab4/build/mecanum_robot/share/mecanum_robot/hook/pythonpath_develop.dsv'
[27.000s] INFO:colcon.colcon_core.shell:Creating environment hook '/home/rob1/eeng_462/lab4/build/mecanum_robot/share/mecanum_robot/hook/pythonpath_develop.sh'
[27.003s] Level 1:colcon.colcon_core.environment:checking '/home/rob1/eeng_462/lab4/install/mecanum_robot' for CMake module files
[27.004s] Level 1:colcon.colcon_core.environment:checking '/home/rob1/eeng_462/lab4/install/mecanum_robot' for CMake config files
[27.006s] Level 1:colcon.colcon_core.environment:checking '/home/rob1/eeng_462/lab4/install/mecanum_robot/lib'
[27.006s] Level 1:colcon.colcon_core.environment:checking '/home/rob1/eeng_462/lab4/install/mecanum_robot/bin'
[27.006s] Level 1:colcon.colcon_core.environment:checking '/home/rob1/eeng_462/lab4/install/mecanum_robot/lib/pkgconfig/mecanum_robot.pc'
[27.007s] Level 1:colcon.colcon_core.environment:checking '/home/rob1/eeng_462/lab4/install/mecanum_robot/lib/python3.10/site-packages'
[27.007s] Level 1:colcon.colcon_core.shell:create_environment_hook('mecanum_robot', 'pythonpath')
[27.008s] INFO:colcon.colcon_core.shell:Creating environment hook '/home/rob1/eeng_462/lab4/install/mecanum_robot/share/mecanum_robot/hook/pythonpath.ps1'
[27.010s] INFO:colcon.colcon_core.shell:Creating environment descriptor '/home/rob1/eeng_462/lab4/install/mecanum_robot/share/mecanum_robot/hook/pythonpath.dsv'
[27.011s] INFO:colcon.colcon_core.shell:Creating environment hook '/home/rob1/eeng_462/lab4/install/mecanum_robot/share/mecanum_robot/hook/pythonpath.sh'
[27.013s] Level 1:colcon.colcon_core.environment:checking '/home/rob1/eeng_462/lab4/install/mecanum_robot/bin'
[27.014s] Level 1:colcon.colcon_core.environment:create_environment_scripts_only(mecanum_robot)
[27.015s] INFO:colcon.colcon_core.shell:Creating package script '/home/rob1/eeng_462/lab4/install/mecanum_robot/share/mecanum_robot/package.ps1'
[27.017s] INFO:colcon.colcon_core.shell:Creating package descriptor '/home/rob1/eeng_462/lab4/install/mecanum_robot/share/mecanum_robot/package.dsv'
[27.019s] INFO:colcon.colcon_core.shell:Creating package script '/home/rob1/eeng_462/lab4/install/mecanum_robot/share/mecanum_robot/package.sh'
[27.020s] INFO:colcon.colcon_core.shell:Creating package script '/home/rob1/eeng_462/lab4/install/mecanum_robot/share/mecanum_robot/package.bash'
[27.022s] INFO:colcon.colcon_core.shell:Creating package script '/home/rob1/eeng_462/lab4/install/mecanum_robot/share/mecanum_robot/package.zsh'
[27.023s] Level 1:colcon.colcon_core.environment:create_file_with_runtime_dependencies(/home/rob1/eeng_462/lab4/install/mecanum_robot/share/colcon-core/packages/mecanum_robot)
[27.024s] DEBUG:colcon.colcon_parallel_executor.executor.parallel:closing loop
[27.025s] DEBUG:colcon.colcon_parallel_executor.executor.parallel:loop closed
[27.025s] DEBUG:colcon.colcon_parallel_executor.executor.parallel:run_until_complete finished with '0'
[27.026s] DEBUG:colcon.colcon_core.event_reactor:joining thread
[27.045s] INFO:colcon.colcon_core.plugin_system:Skipping extension 'colcon_notification.desktop_notification.terminal_notifier': Not used on non-Darwin systems
[27.045s] INFO:colcon.colcon_core.plugin_system:Skipping extension 'colcon_notification.desktop_notification.win32': Not used on non-Windows systems
[27.045s] INFO:colcon.colcon_notification.desktop_notification:Sending desktop notification using 'notify2'
[27.174s] DEBUG:colcon.colcon_core.event_reactor:joined thread
[27.175s] INFO:colcon.colcon_core.shell:Creating prefix script '/home/rob1/eeng_462/lab4/install/local_setup.ps1'
[27.178s] INFO:colcon.colcon_core.shell:Creating prefix util module '/home/rob1/eeng_462/lab4/install/_local_setup_util_ps1.py'
[27.182s] INFO:colcon.colcon_core.shell:Creating prefix chain script '/home/rob1/eeng_462/lab4/install/setup.ps1'
[27.185s] INFO:colcon.colcon_core.shell:Creating prefix script '/home/rob1/eeng_462/lab4/install/local_setup.sh'
[27.187s] INFO:colcon.colcon_core.shell:Creating prefix util module '/home/rob1/eeng_462/lab4/install/_local_setup_util_sh.py'
[27.189s] INFO:colcon.colcon_core.shell:Creating prefix chain script '/home/rob1/eeng_462/lab4/install/setup.sh'
[27.192s] INFO:colcon.colcon_core.shell:Creating prefix script '/home/rob1/eeng_462/lab4/install/local_setup.bash'
[27.193s] INFO:colcon.colcon_core.shell:Creating prefix chain script '/home/rob1/eeng_462/lab4/install/setup.bash'
[27.196s] INFO:colcon.colcon_core.shell:Creating prefix script '/home/rob1/eeng_462/lab4/install/local_setup.zsh'
[27.197s] INFO:colcon.colcon_core.shell:Creating prefix chain script '/home/rob1/eeng_462/lab4/install/setup.zsh'
