[1.668s] Invoking command in '/home/rob1/eeng_462/lab4/build/mecanum_robot': PYTHONPATH=/home/rob1/eeng_462/lab4/build/mecanum_robot/prefix_override:/usr/lib/python3/dist-packages/colcon_core/task/python/colcon_distutils_commands:/home/rob1/eeng_462/lab4/install/mecanum_robot/lib/python3.10/site-packages:${PYTHONPATH} /usr/bin/python3 -W ignore:setup.py install is deprecated -W ignore:easy_install command is deprecated setup.py develop --editable --build-directory /home/rob1/eeng_462/lab4/build/mecanum_robot/build --no-deps symlink_data
[2.278s] running develop
[2.681s] running egg_info
[2.682s] creating mecanum_robot.egg-info
[2.682s] writing mecanum_robot.egg-info/PKG-INFO
[2.682s] writing dependency_links to mecanum_robot.egg-info/dependency_links.txt
[2.683s] writing entry points to mecanum_robot.egg-info/entry_points.txt
[2.683s] writing requirements to mecanum_robot.egg-info/requires.txt
[2.683s] writing top-level names to mecanum_robot.egg-info/top_level.txt
[2.684s] writing manifest file 'mecanum_robot.egg-info/SOURCES.txt'
[2.688s] reading manifest file 'mecanum_robot.egg-info/SOURCES.txt'
[2.689s] writing manifest file 'mecanum_robot.egg-info/SOURCES.txt'
[2.693s] running build_ext
[2.693s] Creating /home/rob1/eeng_462/lab4/install/mecanum_robot/lib/python3.10/site-packages/mecanum-robot.egg-link (link to .)
[2.695s] Installing mecanum_robot script to /home/rob1/eeng_462/lab4/install/mecanum_robot/lib/mecanum_robot
[2.696s] 
[2.696s] Installed /home/rob1/eeng_462/lab4/build/mecanum_robot
[2.696s] running symlink_data
[2.696s] creating /home/rob1/eeng_462/lab4/install/mecanum_robot/share/ament_index
[2.696s] creating /home/rob1/eeng_462/lab4/install/mecanum_robot/share/ament_index/resource_index
[2.697s] creating /home/rob1/eeng_462/lab4/install/mecanum_robot/share/ament_index/resource_index/packages
[2.697s] symbolically linking /home/rob1/eeng_462/lab4/build/mecanum_robot/resource/mecanum_robot -> /home/rob1/eeng_462/lab4/install/mecanum_robot/share/ament_index/resource_index/packages
[2.697s] symbolically linking /home/rob1/eeng_462/lab4/build/mecanum_robot/package.xml -> /home/rob1/eeng_462/lab4/install/mecanum_robot/share/mecanum_robot
[2.782s] Invoked command in '/home/rob1/eeng_462/lab4/build/mecanum_robot' returned '0': PYTHONPATH=/home/rob1/eeng_462/lab4/build/mecanum_robot/prefix_override:/usr/lib/python3/dist-packages/colcon_core/task/python/colcon_distutils_commands:/home/rob1/eeng_462/lab4/install/mecanum_robot/lib/python3.10/site-packages:${PYTHONPATH} /usr/bin/python3 -W ignore:setup.py install is deprecated -W ignore:easy_install command is deprecated setup.py develop --editable --build-directory /home/rob1/eeng_462/lab4/build/mecanum_robot/build --no-deps symlink_data
