[0.283s] DEBUG:colcon:Command line arguments: ['/usr/bin/colcon', 'build', '--symlink-install']
[0.283s] DEBUG:colcon:Parsed command line arguments: Namespace(log_base=None, log_level=None, verb_name='build', build_base='build', install_base='install', merge_install=False, symlink_install=True, test_result_base=None, continue_on_error=False, executor='parallel', parallel_workers=6, event_handlers=None, ignore_user_meta=False, metas=['./colcon.meta'], base_paths=['.'], packages_ignore=None, packages_ignore_regex=None, paths=None, packages_up_to=None, packages_up_to_regex=None, packages_above=None, packages_above_and_dependencies=None, packages_above_depth=None, packages_select_by_dep=None, packages_skip_by_dep=None, packages_skip_up_to=None, packages_select_build_failed=False, packages_skip_build_finished=False, packages_select_test_failures=False, packages_skip_test_passed=False, packages_select=None, packages_skip=None, packages_select_regex=None, packages_skip_regex=None, packages_start=None, packages_end=None, allow_overriding=[], cmake_args=None, cmake_target=None, cmake_target_skip_unavailable=False, cmake_clean_cache=False, cmake_clean_first=False, cmake_force_configure=False, ament_cmake_args=None, catkin_cmake_args=None, catkin_skip_building_tests=False, mixin_files=None, mixin=None, verb_parser=<colcon_mixin.mixin.mixin_argument.MixinArgumentDecorator object at 0xffff8c366530>, verb_extension=<colcon_core.verb.build.BuildVerb object at 0xffff8c51fe80>, main=<bound method BuildVerb.main of <colcon_core.verb.build.BuildVerb object at 0xffff8c51fe80>>, mixin_verb=('build',))
[0.685s] Level 1:colcon.colcon_core.package_discovery:discover_packages(colcon_meta) check parameters
[0.685s] Level 1:colcon.colcon_core.package_discovery:discover_packages(recursive) check parameters
[0.685s] Level 1:colcon.colcon_core.package_discovery:discover_packages(ignore) check parameters
[0.685s] Level 1:colcon.colcon_core.package_discovery:discover_packages(path) check parameters
[0.686s] Level 1:colcon.colcon_core.package_discovery:discover_packages(colcon_meta) discover
[0.686s] Level 1:colcon.colcon_core.package_discovery:discover_packages(recursive) discover
[0.686s] INFO:colcon.colcon_core.package_discovery:Crawling recursively for packages in '/home/rob1/eeng_462/lab4'
[0.686s] Level 1:colcon.colcon_core.package_identification:_identify(.) by extensions ['ignore', 'ignore_ament_install']
[0.686s] Level 1:colcon.colcon_core.package_identification:_identify(.) by extension 'ignore'
[0.686s] Level 1:colcon.colcon_core.package_identification:_identify(.) by extension 'ignore_ament_install'
[0.687s] Level 1:colcon.colcon_core.package_identification:_identify(.) by extensions ['colcon_pkg']
[0.687s] Level 1:colcon.colcon_core.package_identification:_identify(.) by extension 'colcon_pkg'
[0.687s] Level 1:colcon.colcon_core.package_identification:_identify(.) by extensions ['colcon_meta']
[0.687s] Level 1:colcon.colcon_core.package_identification:_identify(.) by extension 'colcon_meta'
[0.687s] Level 1:colcon.colcon_core.package_identification:_identify(.) by extensions ['ros']
[0.687s] Level 1:colcon.colcon_core.package_identification:_identify(.) by extension 'ros'
[0.711s] Level 1:colcon.colcon_core.package_identification:_identify(.) by extensions ['cmake', 'python']
[0.711s] Level 1:colcon.colcon_core.package_identification:_identify(.) by extension 'cmake'
[0.712s] Level 1:colcon.colcon_core.package_identification:_identify(.) by extension 'python'
[0.712s] Level 1:colcon.colcon_core.package_identification:_identify(.) by extensions ['python_setup_py']
[0.712s] Level 1:colcon.colcon_core.package_identification:_identify(.) by extension 'python_setup_py'
[0.712s] Level 1:colcon.colcon_core.package_identification:_identify(build) by extensions ['ignore', 'ignore_ament_install']
[0.712s] Level 1:colcon.colcon_core.package_identification:_identify(build) by extension 'ignore'
[0.713s] Level 1:colcon.colcon_core.package_identification:_identify(build) ignored
[0.713s] Level 1:colcon.colcon_core.package_identification:_identify(install) by extensions ['ignore', 'ignore_ament_install']
[0.713s] Level 1:colcon.colcon_core.package_identification:_identify(install) by extension 'ignore'
[0.713s] Level 1:colcon.colcon_core.package_identification:_identify(install) ignored
[0.714s] Level 1:colcon.colcon_core.package_identification:_identify(log) by extensions ['ignore', 'ignore_ament_install']
[0.714s] Level 1:colcon.colcon_core.package_identification:_identify(log) by extension 'ignore'
[0.714s] Level 1:colcon.colcon_core.package_identification:_identify(log) ignored
[0.714s] Level 1:colcon.colcon_core.package_identification:_identify(src) by extensions ['ignore', 'ignore_ament_install']
[0.714s] Level 1:colcon.colcon_core.package_identification:_identify(src) by extension 'ignore'
[0.714s] Level 1:colcon.colcon_core.package_identification:_identify(src) by extension 'ignore_ament_install'
[0.715s] Level 1:colcon.colcon_core.package_identification:_identify(src) by extensions ['colcon_pkg']
[0.715s] Level 1:colcon.colcon_core.package_identification:_identify(src) by extension 'colcon_pkg'
[0.715s] Level 1:colcon.colcon_core.package_identification:_identify(src) by extensions ['colcon_meta']
[0.715s] Level 1:colcon.colcon_core.package_identification:_identify(src) by extension 'colcon_meta'
[0.715s] Level 1:colcon.colcon_core.package_identification:_identify(src) by extensions ['ros']
[0.715s] Level 1:colcon.colcon_core.package_identification:_identify(src) by extension 'ros'
[0.715s] Level 1:colcon.colcon_core.package_identification:_identify(src) by extensions ['cmake', 'python']
[0.715s] Level 1:colcon.colcon_core.package_identification:_identify(src) by extension 'cmake'
[0.715s] Level 1:colcon.colcon_core.package_identification:_identify(src) by extension 'python'
[0.715s] Level 1:colcon.colcon_core.package_identification:_identify(src) by extensions ['python_setup_py']
[0.716s] Level 1:colcon.colcon_core.package_identification:_identify(src) by extension 'python_setup_py'
[0.716s] Level 1:colcon.colcon_core.package_identification:_identify(src/slam_gmapping) by extensions ['ignore', 'ignore_ament_install']
[0.716s] Level 1:colcon.colcon_core.package_identification:_identify(src/slam_gmapping) by extension 'ignore'
[0.716s] Level 1:colcon.colcon_core.package_identification:_identify(src/slam_gmapping) by extension 'ignore_ament_install'
[0.716s] Level 1:colcon.colcon_core.package_identification:_identify(src/slam_gmapping) by extensions ['colcon_pkg']
[0.716s] Level 1:colcon.colcon_core.package_identification:_identify(src/slam_gmapping) by extension 'colcon_pkg'
[0.716s] Level 1:colcon.colcon_core.package_identification:_identify(src/slam_gmapping) by extensions ['colcon_meta']
[0.716s] Level 1:colcon.colcon_core.package_identification:_identify(src/slam_gmapping) by extension 'colcon_meta'
[0.717s] Level 1:colcon.colcon_core.package_identification:_identify(src/slam_gmapping) by extensions ['ros']
[0.717s] Level 1:colcon.colcon_core.package_identification:_identify(src/slam_gmapping) by extension 'ros'
[0.717s] Level 1:colcon.colcon_core.package_identification:_identify(src/slam_gmapping) by extensions ['cmake', 'python']
[0.717s] Level 1:colcon.colcon_core.package_identification:_identify(src/slam_gmapping) by extension 'cmake'
[0.717s] Level 1:colcon.colcon_core.package_identification:_identify(src/slam_gmapping) by extension 'python'
[0.717s] Level 1:colcon.colcon_core.package_identification:_identify(src/slam_gmapping) by extensions ['python_setup_py']
[0.717s] Level 1:colcon.colcon_core.package_identification:_identify(src/slam_gmapping) by extension 'python_setup_py'
[0.717s] Level 1:colcon.colcon_core.package_identification:_identify(src/slam_gmapping/openslam_gmapping) by extensions ['ignore', 'ignore_ament_install']
[0.718s] Level 1:colcon.colcon_core.package_identification:_identify(src/slam_gmapping/openslam_gmapping) by extension 'ignore'
[0.718s] Level 1:colcon.colcon_core.package_identification:_identify(src/slam_gmapping/openslam_gmapping) by extension 'ignore_ament_install'
[0.718s] Level 1:colcon.colcon_core.package_identification:_identify(src/slam_gmapping/openslam_gmapping) by extensions ['colcon_pkg']
[0.718s] Level 1:colcon.colcon_core.package_identification:_identify(src/slam_gmapping/openslam_gmapping) by extension 'colcon_pkg'
[0.718s] Level 1:colcon.colcon_core.package_identification:_identify(src/slam_gmapping/openslam_gmapping) by extensions ['colcon_meta']
[0.718s] Level 1:colcon.colcon_core.package_identification:_identify(src/slam_gmapping/openslam_gmapping) by extension 'colcon_meta'
[0.718s] Level 1:colcon.colcon_core.package_identification:_identify(src/slam_gmapping/openslam_gmapping) by extensions ['ros']
[0.718s] Level 1:colcon.colcon_core.package_identification:_identify(src/slam_gmapping/openslam_gmapping) by extension 'ros'
[0.724s] DEBUG:colcon.colcon_core.package_identification:Package 'src/slam_gmapping/openslam_gmapping' with type 'ros.ament_cmake' and name 'openslam_gmapping'
[0.724s] Level 1:colcon.colcon_core.package_identification:_identify(src/slam_gmapping/slam_gmapping) by extensions ['ignore', 'ignore_ament_install']
[0.725s] Level 1:colcon.colcon_core.package_identification:_identify(src/slam_gmapping/slam_gmapping) by extension 'ignore'
[0.725s] Level 1:colcon.colcon_core.package_identification:_identify(src/slam_gmapping/slam_gmapping) by extension 'ignore_ament_install'
[0.725s] Level 1:colcon.colcon_core.package_identification:_identify(src/slam_gmapping/slam_gmapping) by extensions ['colcon_pkg']
[0.725s] Level 1:colcon.colcon_core.package_identification:_identify(src/slam_gmapping/slam_gmapping) by extension 'colcon_pkg'
[0.725s] Level 1:colcon.colcon_core.package_identification:_identify(src/slam_gmapping/slam_gmapping) by extensions ['colcon_meta']
[0.725s] Level 1:colcon.colcon_core.package_identification:_identify(src/slam_gmapping/slam_gmapping) by extension 'colcon_meta'
[0.725s] Level 1:colcon.colcon_core.package_identification:_identify(src/slam_gmapping/slam_gmapping) by extensions ['ros']
[0.726s] Level 1:colcon.colcon_core.package_identification:_identify(src/slam_gmapping/slam_gmapping) by extension 'ros'
[0.728s] DEBUG:colcon.colcon_core.package_identification:Package 'src/slam_gmapping/slam_gmapping' with type 'ros.ament_cmake' and name 'slam_gmapping'
[0.728s] Level 1:colcon.colcon_core.package_discovery:discover_packages(recursive) using defaults
[0.728s] Level 1:colcon.colcon_core.package_discovery:discover_packages(ignore) discover
[0.729s] Level 1:colcon.colcon_core.package_discovery:discover_packages(ignore) using defaults
[0.729s] Level 1:colcon.colcon_core.package_discovery:discover_packages(path) discover
[0.729s] Level 1:colcon.colcon_core.package_discovery:discover_packages(path) using defaults
[0.802s] Level 1:colcon.colcon_core.package_discovery:discover_packages(prefix_path) check parameters
[0.802s] Level 1:colcon.colcon_core.package_discovery:discover_packages(prefix_path) discover
[0.807s] DEBUG:colcon.colcon_installed_package_information.package_discovery:Found 3 installed packages in /home/rob1/eeng_462/lab4/install
[0.810s] DEBUG:colcon.colcon_installed_package_information.package_discovery:Found 359 installed packages in /opt/ros/humble
[0.814s] Level 1:colcon.colcon_core.package_discovery:discover_packages(prefix_path) using defaults
[0.922s] Level 5:colcon.colcon_core.verb:set package 'openslam_gmapping' build argument 'cmake_args' from command line to 'None'
[0.922s] Level 5:colcon.colcon_core.verb:set package 'openslam_gmapping' build argument 'cmake_target' from command line to 'None'
[0.922s] Level 5:colcon.colcon_core.verb:set package 'openslam_gmapping' build argument 'cmake_target_skip_unavailable' from command line to 'False'
[0.922s] Level 5:colcon.colcon_core.verb:set package 'openslam_gmapping' build argument 'cmake_clean_cache' from command line to 'False'
[0.922s] Level 5:colcon.colcon_core.verb:set package 'openslam_gmapping' build argument 'cmake_clean_first' from command line to 'False'
[0.922s] Level 5:colcon.colcon_core.verb:set package 'openslam_gmapping' build argument 'cmake_force_configure' from command line to 'False'
[0.922s] Level 5:colcon.colcon_core.verb:set package 'openslam_gmapping' build argument 'ament_cmake_args' from command line to 'None'
[0.922s] Level 5:colcon.colcon_core.verb:set package 'openslam_gmapping' build argument 'catkin_cmake_args' from command line to 'None'
[0.923s] Level 5:colcon.colcon_core.verb:set package 'openslam_gmapping' build argument 'catkin_skip_building_tests' from command line to 'False'
[0.923s] DEBUG:colcon.colcon_core.verb:Building package 'openslam_gmapping' with the following arguments: {'ament_cmake_args': None, 'build_base': '/home/rob1/eeng_462/lab4/build/openslam_gmapping', 'catkin_cmake_args': None, 'catkin_skip_building_tests': False, 'cmake_args': None, 'cmake_clean_cache': False, 'cmake_clean_first': False, 'cmake_force_configure': False, 'cmake_target': None, 'cmake_target_skip_unavailable': False, 'install_base': '/home/rob1/eeng_462/lab4/install/openslam_gmapping', 'merge_install': False, 'path': '/home/rob1/eeng_462/lab4/src/slam_gmapping/openslam_gmapping', 'symlink_install': True, 'test_result_base': None}
[0.923s] Level 5:colcon.colcon_core.verb:set package 'slam_gmapping' build argument 'cmake_args' from command line to 'None'
[0.924s] Level 5:colcon.colcon_core.verb:set package 'slam_gmapping' build argument 'cmake_target' from command line to 'None'
[0.924s] Level 5:colcon.colcon_core.verb:set package 'slam_gmapping' build argument 'cmake_target_skip_unavailable' from command line to 'False'
[0.924s] Level 5:colcon.colcon_core.verb:set package 'slam_gmapping' build argument 'cmake_clean_cache' from command line to 'False'
[0.924s] Level 5:colcon.colcon_core.verb:set package 'slam_gmapping' build argument 'cmake_clean_first' from command line to 'False'
[0.924s] Level 5:colcon.colcon_core.verb:set package 'slam_gmapping' build argument 'cmake_force_configure' from command line to 'False'
[0.924s] Level 5:colcon.colcon_core.verb:set package 'slam_gmapping' build argument 'ament_cmake_args' from command line to 'None'
[0.924s] Level 5:colcon.colcon_core.verb:set package 'slam_gmapping' build argument 'catkin_cmake_args' from command line to 'None'
[0.924s] Level 5:colcon.colcon_core.verb:set package 'slam_gmapping' build argument 'catkin_skip_building_tests' from command line to 'False'
[0.924s] DEBUG:colcon.colcon_core.verb:Building package 'slam_gmapping' with the following arguments: {'ament_cmake_args': None, 'build_base': '/home/rob1/eeng_462/lab4/build/slam_gmapping', 'catkin_cmake_args': None, 'catkin_skip_building_tests': False, 'cmake_args': None, 'cmake_clean_cache': False, 'cmake_clean_first': False, 'cmake_force_configure': False, 'cmake_target': None, 'cmake_target_skip_unavailable': False, 'install_base': '/home/rob1/eeng_462/lab4/install/slam_gmapping', 'merge_install': False, 'path': '/home/rob1/eeng_462/lab4/src/slam_gmapping/slam_gmapping', 'symlink_install': True, 'test_result_base': None}
[0.924s] INFO:colcon.colcon_core.executor:Executing jobs using 'parallel' executor
[0.927s] DEBUG:colcon.colcon_parallel_executor.executor.parallel:run_until_complete
[0.927s] INFO:colcon.colcon_ros.task.ament_cmake.build:Building ROS package in '/home/rob1/eeng_462/lab4/src/slam_gmapping/openslam_gmapping' with build type 'ament_cmake'
[0.928s] INFO:colcon.colcon_cmake.task.cmake.build:Building CMake package in '/home/rob1/eeng_462/lab4/src/slam_gmapping/openslam_gmapping'
[0.932s] INFO:colcon.colcon_core.plugin_system:Skipping extension 'colcon_core.shell.bat': Not used on non-Windows systems
[0.932s] INFO:colcon.colcon_core.shell:Skip shell extension 'powershell' for command environment: Not usable outside of PowerShell
[0.932s] DEBUG:colcon.colcon_core.shell:Skip shell extension 'dsv' for command environment
[0.948s] DEBUG:colcon.colcon_core.event_handler.log_command:Invoking command in '/home/rob1/eeng_462/lab4/build/openslam_gmapping': CMAKE_PREFIX_PATH=${CMAKE_PREFIX_PATH}:/opt/ros/humble /usr/bin/cmake --build /home/rob1/eeng_462/lab4/build/openslam_gmapping -- -j6 -l6
[1.210s] DEBUG:colcon.colcon_core.event_handler.log_command:Invoked command in '/home/rob1/eeng_462/lab4/build/openslam_gmapping' returned '0': CMAKE_PREFIX_PATH=${CMAKE_PREFIX_PATH}:/opt/ros/humble /usr/bin/cmake --build /home/rob1/eeng_462/lab4/build/openslam_gmapping -- -j6 -l6
[1.233s] DEBUG:colcon.colcon_core.event_handler.log_command:Invoking command in '/home/rob1/eeng_462/lab4/build/openslam_gmapping': CMAKE_PREFIX_PATH=${CMAKE_PREFIX_PATH}:/opt/ros/humble /usr/bin/cmake --install /home/rob1/eeng_462/lab4/build/openslam_gmapping
[1.294s] Level 1:colcon.colcon_core.environment:create_environment_scripts_only(openslam_gmapping)
[1.296s] DEBUG:colcon.colcon_core.event_handler.log_command:Invoked command in '/home/rob1/eeng_462/lab4/build/openslam_gmapping' returned '0': CMAKE_PREFIX_PATH=${CMAKE_PREFIX_PATH}:/opt/ros/humble /usr/bin/cmake --install /home/rob1/eeng_462/lab4/build/openslam_gmapping
[1.304s] Level 1:colcon.colcon_core.environment:checking '/home/rob1/eeng_462/lab4/install/openslam_gmapping' for CMake module files
[1.306s] Level 1:colcon.colcon_core.environment:checking '/home/rob1/eeng_462/lab4/install/openslam_gmapping' for CMake config files
[1.309s] Level 1:colcon.colcon_core.shell:create_environment_hook('openslam_gmapping', 'cmake_prefix_path')
[1.310s] INFO:colcon.colcon_core.shell:Creating environment hook '/home/rob1/eeng_462/lab4/install/openslam_gmapping/share/openslam_gmapping/hook/cmake_prefix_path.ps1'
[1.312s] INFO:colcon.colcon_core.shell:Creating environment descriptor '/home/rob1/eeng_462/lab4/install/openslam_gmapping/share/openslam_gmapping/hook/cmake_prefix_path.dsv'
[1.313s] INFO:colcon.colcon_core.shell:Creating environment hook '/home/rob1/eeng_462/lab4/install/openslam_gmapping/share/openslam_gmapping/hook/cmake_prefix_path.sh'
[1.316s] Level 1:colcon.colcon_core.environment:checking '/home/rob1/eeng_462/lab4/install/openslam_gmapping/lib'
[1.317s] Level 1:colcon.colcon_core.environment:checking '/home/rob1/eeng_462/lab4/install/openslam_gmapping/bin'
[1.317s] Level 1:colcon.colcon_core.environment:checking '/home/rob1/eeng_462/lab4/install/openslam_gmapping/lib/pkgconfig/openslam_gmapping.pc'
[1.318s] Level 1:colcon.colcon_core.environment:checking '/home/rob1/eeng_462/lab4/install/openslam_gmapping/lib/python3.10/site-packages'
[1.319s] Level 1:colcon.colcon_core.environment:checking '/home/rob1/eeng_462/lab4/install/openslam_gmapping/bin'
[1.319s] INFO:colcon.colcon_core.shell:Creating package script '/home/rob1/eeng_462/lab4/install/openslam_gmapping/share/openslam_gmapping/package.ps1'
[1.321s] INFO:colcon.colcon_core.shell:Creating package descriptor '/home/rob1/eeng_462/lab4/install/openslam_gmapping/share/openslam_gmapping/package.dsv'
[1.324s] INFO:colcon.colcon_core.shell:Creating package script '/home/rob1/eeng_462/lab4/install/openslam_gmapping/share/openslam_gmapping/package.sh'
[1.326s] INFO:colcon.colcon_core.shell:Creating package script '/home/rob1/eeng_462/lab4/install/openslam_gmapping/share/openslam_gmapping/package.bash'
[1.329s] INFO:colcon.colcon_core.shell:Creating package script '/home/rob1/eeng_462/lab4/install/openslam_gmapping/share/openslam_gmapping/package.zsh'
[1.332s] Level 1:colcon.colcon_core.environment:create_file_with_runtime_dependencies(/home/rob1/eeng_462/lab4/install/openslam_gmapping/share/colcon-core/packages/openslam_gmapping)
[1.334s] Level 1:colcon.colcon_core.environment:create_environment_scripts_only(openslam_gmapping)
[1.335s] Level 1:colcon.colcon_core.environment:checking '/home/rob1/eeng_462/lab4/install/openslam_gmapping' for CMake module files
[1.336s] Level 1:colcon.colcon_core.environment:checking '/home/rob1/eeng_462/lab4/install/openslam_gmapping' for CMake config files
[1.339s] Level 1:colcon.colcon_core.shell:create_environment_hook('openslam_gmapping', 'cmake_prefix_path')
[1.340s] INFO:colcon.colcon_core.shell:Creating environment hook '/home/rob1/eeng_462/lab4/install/openslam_gmapping/share/openslam_gmapping/hook/cmake_prefix_path.ps1'
[1.341s] INFO:colcon.colcon_core.shell:Creating environment descriptor '/home/rob1/eeng_462/lab4/install/openslam_gmapping/share/openslam_gmapping/hook/cmake_prefix_path.dsv'
[1.342s] INFO:colcon.colcon_core.shell:Creating environment hook '/home/rob1/eeng_462/lab4/install/openslam_gmapping/share/openslam_gmapping/hook/cmake_prefix_path.sh'
[1.343s] Level 1:colcon.colcon_core.environment:checking '/home/rob1/eeng_462/lab4/install/openslam_gmapping/lib'
[1.343s] Level 1:colcon.colcon_core.environment:checking '/home/rob1/eeng_462/lab4/install/openslam_gmapping/bin'
[1.344s] Level 1:colcon.colcon_core.environment:checking '/home/rob1/eeng_462/lab4/install/openslam_gmapping/lib/pkgconfig/openslam_gmapping.pc'
[1.344s] Level 1:colcon.colcon_core.environment:checking '/home/rob1/eeng_462/lab4/install/openslam_gmapping/lib/python3.10/site-packages'
[1.345s] Level 1:colcon.colcon_core.environment:checking '/home/rob1/eeng_462/lab4/install/openslam_gmapping/bin'
[1.346s] INFO:colcon.colcon_core.shell:Creating package script '/home/rob1/eeng_462/lab4/install/openslam_gmapping/share/openslam_gmapping/package.ps1'
[1.348s] INFO:colcon.colcon_core.shell:Creating package descriptor '/home/rob1/eeng_462/lab4/install/openslam_gmapping/share/openslam_gmapping/package.dsv'
[1.350s] INFO:colcon.colcon_core.shell:Creating package script '/home/rob1/eeng_462/lab4/install/openslam_gmapping/share/openslam_gmapping/package.sh'
[1.352s] INFO:colcon.colcon_core.shell:Creating package script '/home/rob1/eeng_462/lab4/install/openslam_gmapping/share/openslam_gmapping/package.bash'
[1.353s] INFO:colcon.colcon_core.shell:Creating package script '/home/rob1/eeng_462/lab4/install/openslam_gmapping/share/openslam_gmapping/package.zsh'
[1.355s] Level 1:colcon.colcon_core.environment:create_file_with_runtime_dependencies(/home/rob1/eeng_462/lab4/install/openslam_gmapping/share/colcon-core/packages/openslam_gmapping)
[1.356s] INFO:colcon.colcon_ros.task.ament_cmake.build:Building ROS package in '/home/rob1/eeng_462/lab4/src/slam_gmapping/slam_gmapping' with build type 'ament_cmake'
[1.356s] INFO:colcon.colcon_cmake.task.cmake.build:Building CMake package in '/home/rob1/eeng_462/lab4/src/slam_gmapping/slam_gmapping'
[1.357s] INFO:colcon.colcon_core.shell:Skip shell extension 'powershell' for command environment: Not usable outside of PowerShell
[1.357s] DEBUG:colcon.colcon_core.shell:Skip shell extension 'dsv' for command environment
[1.379s] DEBUG:colcon.colcon_core.event_handler.log_command:Invoking command in '/home/rob1/eeng_462/lab4/build/slam_gmapping': CMAKE_PREFIX_PATH=/home/rob1/eeng_462/lab4/install/openslam_gmapping:/home/rob1/eeng_462/lab4/install/slam_gmapping:/home/rob1/eeng_462/lab4/install/sllidar_ros2:/opt/ros/humble /usr/bin/cmake --build /home/rob1/eeng_462/lab4/build/slam_gmapping -- -j6 -l6
[1.515s] DEBUG:colcon.colcon_core.event_handler.log_command:Invoked command in '/home/rob1/eeng_462/lab4/build/slam_gmapping' returned '0': CMAKE_PREFIX_PATH=/home/rob1/eeng_462/lab4/install/openslam_gmapping:/home/rob1/eeng_462/lab4/install/slam_gmapping:/home/rob1/eeng_462/lab4/install/sllidar_ros2:/opt/ros/humble /usr/bin/cmake --build /home/rob1/eeng_462/lab4/build/slam_gmapping -- -j6 -l6
[1.519s] DEBUG:colcon.colcon_core.event_handler.log_command:Invoking command in '/home/rob1/eeng_462/lab4/build/slam_gmapping': CMAKE_PREFIX_PATH=/home/rob1/eeng_462/lab4/install/openslam_gmapping:/home/rob1/eeng_462/lab4/install/slam_gmapping:/home/rob1/eeng_462/lab4/install/sllidar_ros2:/opt/ros/humble /usr/bin/cmake --install /home/rob1/eeng_462/lab4/build/slam_gmapping
[1.561s] Level 1:colcon.colcon_core.environment:create_environment_scripts_only(slam_gmapping)
[1.562s] Level 1:colcon.colcon_core.environment:checking '/home/rob1/eeng_462/lab4/install/slam_gmapping' for CMake module files
[1.564s] DEBUG:colcon.colcon_core.event_handler.log_command:Invoked command in '/home/rob1/eeng_462/lab4/build/slam_gmapping' returned '0': CMAKE_PREFIX_PATH=/home/rob1/eeng_462/lab4/install/openslam_gmapping:/home/rob1/eeng_462/lab4/install/slam_gmapping:/home/rob1/eeng_462/lab4/install/sllidar_ros2:/opt/ros/humble /usr/bin/cmake --install /home/rob1/eeng_462/lab4/build/slam_gmapping
[1.565s] Level 1:colcon.colcon_core.environment:checking '/home/rob1/eeng_462/lab4/install/slam_gmapping' for CMake config files
[1.567s] Level 1:colcon.colcon_core.shell:create_environment_hook('slam_gmapping', 'cmake_prefix_path')
[1.567s] INFO:colcon.colcon_core.shell:Creating environment hook '/home/rob1/eeng_462/lab4/install/slam_gmapping/share/slam_gmapping/hook/cmake_prefix_path.ps1'
[1.569s] INFO:colcon.colcon_core.shell:Creating environment descriptor '/home/rob1/eeng_462/lab4/install/slam_gmapping/share/slam_gmapping/hook/cmake_prefix_path.dsv'
[1.570s] INFO:colcon.colcon_core.shell:Creating environment hook '/home/rob1/eeng_462/lab4/install/slam_gmapping/share/slam_gmapping/hook/cmake_prefix_path.sh'
[1.572s] Level 1:colcon.colcon_core.environment:checking '/home/rob1/eeng_462/lab4/install/slam_gmapping/lib'
[1.572s] Level 1:colcon.colcon_core.environment:checking '/home/rob1/eeng_462/lab4/install/slam_gmapping/bin'
[1.572s] Level 1:colcon.colcon_core.environment:checking '/home/rob1/eeng_462/lab4/install/slam_gmapping/lib/pkgconfig/slam_gmapping.pc'
[1.573s] Level 1:colcon.colcon_core.environment:checking '/home/rob1/eeng_462/lab4/install/slam_gmapping/lib/python3.10/site-packages'
[1.574s] Level 1:colcon.colcon_core.environment:checking '/home/rob1/eeng_462/lab4/install/slam_gmapping/bin'
[1.574s] INFO:colcon.colcon_core.shell:Creating package script '/home/rob1/eeng_462/lab4/install/slam_gmapping/share/slam_gmapping/package.ps1'
[1.575s] INFO:colcon.colcon_core.shell:Creating package descriptor '/home/rob1/eeng_462/lab4/install/slam_gmapping/share/slam_gmapping/package.dsv'
[1.577s] INFO:colcon.colcon_core.shell:Creating package script '/home/rob1/eeng_462/lab4/install/slam_gmapping/share/slam_gmapping/package.sh'
[1.578s] INFO:colcon.colcon_core.shell:Creating package script '/home/rob1/eeng_462/lab4/install/slam_gmapping/share/slam_gmapping/package.bash'
[1.580s] INFO:colcon.colcon_core.shell:Creating package script '/home/rob1/eeng_462/lab4/install/slam_gmapping/share/slam_gmapping/package.zsh'
[1.581s] Level 1:colcon.colcon_core.environment:create_file_with_runtime_dependencies(/home/rob1/eeng_462/lab4/install/slam_gmapping/share/colcon-core/packages/slam_gmapping)
[1.583s] Level 1:colcon.colcon_core.environment:create_environment_scripts_only(slam_gmapping)
[1.584s] Level 1:colcon.colcon_core.environment:checking '/home/rob1/eeng_462/lab4/install/slam_gmapping' for CMake module files
[1.585s] Level 1:colcon.colcon_core.environment:checking '/home/rob1/eeng_462/lab4/install/slam_gmapping' for CMake config files
[1.587s] Level 1:colcon.colcon_core.shell:create_environment_hook('slam_gmapping', 'cmake_prefix_path')
[1.587s] INFO:colcon.colcon_core.shell:Creating environment hook '/home/rob1/eeng_462/lab4/install/slam_gmapping/share/slam_gmapping/hook/cmake_prefix_path.ps1'
[1.589s] INFO:colcon.colcon_core.shell:Creating environment descriptor '/home/rob1/eeng_462/lab4/install/slam_gmapping/share/slam_gmapping/hook/cmake_prefix_path.dsv'
[1.590s] INFO:colcon.colcon_core.shell:Creating environment hook '/home/rob1/eeng_462/lab4/install/slam_gmapping/share/slam_gmapping/hook/cmake_prefix_path.sh'
[1.591s] Level 1:colcon.colcon_core.environment:checking '/home/rob1/eeng_462/lab4/install/slam_gmapping/lib'
[1.591s] Level 1:colcon.colcon_core.environment:checking '/home/rob1/eeng_462/lab4/install/slam_gmapping/bin'
[1.592s] Level 1:colcon.colcon_core.environment:checking '/home/rob1/eeng_462/lab4/install/slam_gmapping/lib/pkgconfig/slam_gmapping.pc'
[1.592s] Level 1:colcon.colcon_core.environment:checking '/home/rob1/eeng_462/lab4/install/slam_gmapping/lib/python3.10/site-packages'
[1.593s] Level 1:colcon.colcon_core.environment:checking '/home/rob1/eeng_462/lab4/install/slam_gmapping/bin'
[1.594s] INFO:colcon.colcon_core.shell:Creating package script '/home/rob1/eeng_462/lab4/install/slam_gmapping/share/slam_gmapping/package.ps1'
[1.596s] INFO:colcon.colcon_core.shell:Creating package descriptor '/home/rob1/eeng_462/lab4/install/slam_gmapping/share/slam_gmapping/package.dsv'
[1.597s] INFO:colcon.colcon_core.shell:Creating package script '/home/rob1/eeng_462/lab4/install/slam_gmapping/share/slam_gmapping/package.sh'
[1.598s] INFO:colcon.colcon_core.shell:Creating package script '/home/rob1/eeng_462/lab4/install/slam_gmapping/share/slam_gmapping/package.bash'
[1.599s] INFO:colcon.colcon_core.shell:Creating package script '/home/rob1/eeng_462/lab4/install/slam_gmapping/share/slam_gmapping/package.zsh'
[1.600s] Level 1:colcon.colcon_core.environment:create_file_with_runtime_dependencies(/home/rob1/eeng_462/lab4/install/slam_gmapping/share/colcon-core/packages/slam_gmapping)
[1.601s] DEBUG:colcon.colcon_parallel_executor.executor.parallel:closing loop
[1.602s] DEBUG:colcon.colcon_parallel_executor.executor.parallel:loop closed
[1.602s] DEBUG:colcon.colcon_parallel_executor.executor.parallel:run_until_complete finished with '0'
[1.603s] DEBUG:colcon.colcon_core.event_reactor:joining thread
[1.618s] INFO:colcon.colcon_core.plugin_system:Skipping extension 'colcon_notification.desktop_notification.terminal_notifier': Not used on non-Darwin systems
[1.619s] INFO:colcon.colcon_core.plugin_system:Skipping extension 'colcon_notification.desktop_notification.win32': Not used on non-Windows systems
[1.619s] INFO:colcon.colcon_notification.desktop_notification:Sending desktop notification using 'notify2'
[1.743s] DEBUG:colcon.colcon_core.event_reactor:joined thread
[1.744s] INFO:colcon.colcon_core.shell:Creating prefix script '/home/rob1/eeng_462/lab4/install/local_setup.ps1'
[1.747s] INFO:colcon.colcon_core.shell:Creating prefix util module '/home/rob1/eeng_462/lab4/install/_local_setup_util_ps1.py'
[1.751s] INFO:colcon.colcon_core.shell:Creating prefix chain script '/home/rob1/eeng_462/lab4/install/setup.ps1'
[1.754s] INFO:colcon.colcon_core.shell:Creating prefix script '/home/rob1/eeng_462/lab4/install/local_setup.sh'
[1.755s] INFO:colcon.colcon_core.shell:Creating prefix util module '/home/rob1/eeng_462/lab4/install/_local_setup_util_sh.py'
[1.756s] INFO:colcon.colcon_core.shell:Creating prefix chain script '/home/rob1/eeng_462/lab4/install/setup.sh'
[1.759s] INFO:colcon.colcon_core.shell:Creating prefix script '/home/rob1/eeng_462/lab4/install/local_setup.bash'
[1.760s] INFO:colcon.colcon_core.shell:Creating prefix chain script '/home/rob1/eeng_462/lab4/install/setup.bash'
[1.762s] INFO:colcon.colcon_core.shell:Creating prefix script '/home/rob1/eeng_462/lab4/install/local_setup.zsh'
[1.763s] INFO:colcon.colcon_core.shell:Creating prefix chain script '/home/rob1/eeng_462/lab4/install/setup.zsh'
