[0.020s] Invoking command in '/home/rob1/eeng_462/lab4/build/slam_gmapping': CMAKE_PREFIX_PATH=/home/rob1/eeng_462/lab4/install/openslam_gmapping:/home/rob1/eeng_462/lab4/install/sllidar_ros2:/home/rob1/eeng_462/lab4/install/slam_gmapping:/opt/ros/humble:/home/rob1/eeng_462/lab4/install/rplidar_ros /usr/bin/cmake --build /home/rob1/eeng_462/lab4/build/slam_gmapping -- -j6 -l6
[0.143s] [100%] Built target slam_gmapping
[0.168s] Invoked command in '/home/rob1/eeng_462/lab4/build/slam_gmapping' returned '0': CMAKE_PREFIX_PATH=/home/rob1/eeng_462/lab4/install/openslam_gmapping:/home/rob1/eeng_462/lab4/install/sllidar_ros2:/home/rob1/eeng_462/lab4/install/slam_gmapping:/opt/ros/humble:/home/rob1/eeng_462/lab4/install/rplidar_ros /usr/bin/cmake --build /home/rob1/eeng_462/lab4/build/slam_gmapping -- -j6 -l6
[0.172s] Invoking command in '/home/rob1/eeng_462/lab4/build/slam_gmapping': CMAKE_PREFIX_PATH=/home/rob1/eeng_462/lab4/install/openslam_gmapping:/home/rob1/eeng_462/lab4/install/sllidar_ros2:/home/rob1/eeng_462/lab4/install/slam_gmapping:/opt/ros/humble:/home/rob1/eeng_462/lab4/install/rplidar_ros /usr/bin/cmake --install /home/rob1/eeng_462/lab4/build/slam_gmapping
[0.188s] -- Install configuration: ""
[0.188s] -- Execute custom install script
[0.189s] -- Up-to-date symlink: /home/rob1/eeng_462/lab4/install/slam_gmapping/lib/slam_gmapping/slam_gmapping
[0.190s] -- Up-to-date symlink: /home/rob1/eeng_462/lab4/install/slam_gmapping/share/slam_gmapping/launch/slam_gmapping.launch.py
[0.190s] -- Up-to-date symlink: /home/rob1/eeng_462/lab4/install/slam_gmapping/share/ament_index/resource_index/package_run_dependencies/slam_gmapping
[0.190s] -- Up-to-date symlink: /home/rob1/eeng_462/lab4/install/slam_gmapping/share/ament_index/resource_index/parent_prefix_path/slam_gmapping
[0.191s] -- Up-to-date symlink: /home/rob1/eeng_462/lab4/install/slam_gmapping/share/slam_gmapping/environment/ament_prefix_path.sh
[0.191s] -- Up-to-date symlink: /home/rob1/eeng_462/lab4/install/slam_gmapping/share/slam_gmapping/environment/ament_prefix_path.dsv
[0.191s] -- Up-to-date symlink: /home/rob1/eeng_462/lab4/install/slam_gmapping/share/slam_gmapping/environment/path.sh
[0.192s] -- Up-to-date symlink: /home/rob1/eeng_462/lab4/install/slam_gmapping/share/slam_gmapping/environment/path.dsv
[0.192s] -- Up-to-date symlink: /home/rob1/eeng_462/lab4/install/slam_gmapping/share/slam_gmapping/local_setup.bash
[0.192s] -- Up-to-date symlink: /home/rob1/eeng_462/lab4/install/slam_gmapping/share/slam_gmapping/local_setup.sh
[0.193s] -- Up-to-date symlink: /home/rob1/eeng_462/lab4/install/slam_gmapping/share/slam_gmapping/local_setup.zsh
[0.193s] -- Up-to-date symlink: /home/rob1/eeng_462/lab4/install/slam_gmapping/share/slam_gmapping/local_setup.dsv
[0.193s] -- Symlinking: /home/rob1/eeng_462/lab4/install/slam_gmapping/share/slam_gmapping/package.dsv
[0.211s] -- Up-to-date symlink: /home/rob1/eeng_462/lab4/install/slam_gmapping/share/ament_index/resource_index/packages/slam_gmapping
[0.211s] -- Up-to-date symlink: /home/rob1/eeng_462/lab4/install/slam_gmapping/share/slam_gmapping/cmake/slam_gmappingConfig.cmake
[0.211s] -- Up-to-date symlink: /home/rob1/eeng_462/lab4/install/slam_gmapping/share/slam_gmapping/cmake/slam_gmappingConfig-version.cmake
[0.212s] -- Up-to-date symlink: /home/rob1/eeng_462/lab4/install/slam_gmapping/share/slam_gmapping/package.xml
[0.217s] Invoked command in '/home/rob1/eeng_462/lab4/build/slam_gmapping' returned '0': CMAKE_PREFIX_PATH=/home/rob1/eeng_462/lab4/install/openslam_gmapping:/home/rob1/eeng_462/lab4/install/sllidar_ros2:/home/rob1/eeng_462/lab4/install/slam_gmapping:/opt/ros/humble:/home/rob1/eeng_462/lab4/install/rplidar_ros /usr/bin/cmake --install /home/rob1/eeng_462/lab4/build/slam_gmapping
