[0.020s] Invoking command in '/home/rob1/eeng_462/lab4/build/openslam_gmapping': CMAKE_PREFIX_PATH=${CMAKE_PREFIX_PATH}:/opt/ros/humble /usr/bin/cmake --build /home/rob1/eeng_462/lab4/build/openslam_gmapping -- -j6 -l6
[0.099s] [35m[1mConsolidate compiler generated dependencies of target sensor_base[0m
[0.099s] [35m[1mConsolidate compiler generated dependencies of target utils[0m
[0.123s] [ 27%] Built target sensor_base
[0.123s] [ 27%] Built target utils
[0.144s] [35m[1mConsolidate compiler generated dependencies of target sensor_odometry[0m
[0.147s] [35m[1mConsolidate compiler generated dependencies of target sensor_range[0m
[0.170s] [ 40%] Built target sensor_odometry
[0.172s] [ 54%] Built target sensor_range
[0.195s] [35m[1mConsolidate compiler generated dependencies of target scanmatcher[0m
[0.223s] [ 77%] Built target scanmatcher
[0.247s] [35m[1mConsolidate compiler generated dependencies of target gridfastslam[0m
[0.278s] [100%] Built target gridfastslam
[0.303s] Invoked command in '/home/rob1/eeng_462/lab4/build/openslam_gmapping' returned '0': CMAKE_PREFIX_PATH=${CMAKE_PREFIX_PATH}:/opt/ros/humble /usr/bin/cmake --build /home/rob1/eeng_462/lab4/build/openslam_gmapping -- -j6 -l6
[0.325s] Invoking command in '/home/rob1/eeng_462/lab4/build/openslam_gmapping': CMAKE_PREFIX_PATH=${CMAKE_PREFIX_PATH}:/opt/ros/humble /usr/bin/cmake --install /home/rob1/eeng_462/lab4/build/openslam_gmapping
[0.339s] -- Install configuration: ""
[0.340s] -- Execute custom install script
[0.341s] -- Up-to-date symlink: /home/rob1/eeng_462/lab4/install/openslam_gmapping/lib/libgridfastslam.a
[0.341s] -- Up-to-date symlink: /home/rob1/eeng_462/lab4/install/openslam_gmapping/lib/libscanmatcher.a
[0.342s] -- Up-to-date symlink: /home/rob1/eeng_462/lab4/install/openslam_gmapping/lib/libsensor_base.a
[0.342s] -- Up-to-date symlink: /home/rob1/eeng_462/lab4/install/openslam_gmapping/share/openslam_gmapping/environment/library_path.sh
[0.343s] -- Up-to-date symlink: /home/rob1/eeng_462/lab4/install/openslam_gmapping/share/openslam_gmapping/environment/library_path.dsv
[0.343s] -- Up-to-date symlink: /home/rob1/eeng_462/lab4/install/openslam_gmapping/share/openslam_gmapping/environment/library_path.sh
[0.343s] -- Up-to-date symlink: /home/rob1/eeng_462/lab4/install/openslam_gmapping/share/openslam_gmapping/environment/library_path.dsv
[0.344s] -- Up-to-date symlink: /home/rob1/eeng_462/lab4/install/openslam_gmapping/lib/libsensor_odometry.a
[0.344s] -- Up-to-date symlink: /home/rob1/eeng_462/lab4/install/openslam_gmapping/lib/libsensor_range.a
[0.345s] -- Up-to-date symlink: /home/rob1/eeng_462/lab4/install/openslam_gmapping/lib/libutils.a
[0.345s] -- Up-to-date symlink: /home/rob1/eeng_462/lab4/install/openslam_gmapping/share/openslam_gmapping/environment/library_path.sh
[0.345s] -- Up-to-date symlink: /home/rob1/eeng_462/lab4/install/openslam_gmapping/share/openslam_gmapping/environment/library_path.dsv
[0.346s] -- Up-to-date symlink: /home/rob1/eeng_462/lab4/install/openslam_gmapping/share/openslam_gmapping/environment/library_path.sh
[0.346s] -- Up-to-date symlink: /home/rob1/eeng_462/lab4/install/openslam_gmapping/share/openslam_gmapping/environment/library_path.dsv
[0.347s] -- Up-to-date symlink: /home/rob1/eeng_462/lab4/install/openslam_gmapping/include//gmapping/grid/accessstate.h
[0.347s] -- Up-to-date symlink: /home/rob1/eeng_462/lab4/install/openslam_gmapping/include//gmapping/grid/array2d.h
[0.348s] -- Up-to-date symlink: /home/rob1/eeng_462/lab4/install/openslam_gmapping/include//gmapping/grid/harray2d.h
[0.348s] -- Up-to-date symlink: /home/rob1/eeng_462/lab4/install/openslam_gmapping/include//gmapping/grid/map.h
[0.348s] -- Up-to-date symlink: /home/rob1/eeng_462/lab4/install/openslam_gmapping/include//gmapping/gridfastslam/gridslamprocessor.h
[0.348s] -- Up-to-date symlink: /home/rob1/eeng_462/lab4/install/openslam_gmapping/include//gmapping/gridfastslam/gridslamprocessor.hxx
[0.349s] -- Up-to-date symlink: /home/rob1/eeng_462/lab4/install/openslam_gmapping/include//gmapping/gridfastslam/motionmodel.h
[0.349s] -- Up-to-date symlink: /home/rob1/eeng_462/lab4/install/openslam_gmapping/include//gmapping/log/configuration.h
[0.349s] -- Up-to-date symlink: /home/rob1/eeng_462/lab4/install/openslam_gmapping/include//gmapping/log/sensorlog.h
[0.349s] -- Up-to-date symlink: /home/rob1/eeng_462/lab4/install/openslam_gmapping/include//gmapping/particlefilter/particlefilter.h
[0.350s] -- Up-to-date symlink: /home/rob1/eeng_462/lab4/install/openslam_gmapping/include//gmapping/scanmatcher/icp.h
[0.350s] -- Up-to-date symlink: /home/rob1/eeng_462/lab4/install/openslam_gmapping/include//gmapping/scanmatcher/scanmatcher.h
[0.350s] -- Up-to-date symlink: /home/rob1/eeng_462/lab4/install/openslam_gmapping/include//gmapping/scanmatcher/smmap.h
[0.350s] -- Up-to-date symlink: /home/rob1/eeng_462/lab4/install/openslam_gmapping/include//gmapping/sensor/sensor_base/sensor.h
[0.351s] -- Up-to-date symlink: /home/rob1/eeng_462/lab4/install/openslam_gmapping/include//gmapping/sensor/sensor_base/sensorreading.h
[0.351s] -- Up-to-date symlink: /home/rob1/eeng_462/lab4/install/openslam_gmapping/include//gmapping/sensor/sensor_odometry/odometryreading.h
[0.351s] -- Up-to-date symlink: /home/rob1/eeng_462/lab4/install/openslam_gmapping/include//gmapping/sensor/sensor_odometry/odometrysensor.h
[0.351s] -- Up-to-date symlink: /home/rob1/eeng_462/lab4/install/openslam_gmapping/include//gmapping/sensor/sensor_range/rangereading.h
[0.352s] -- Up-to-date symlink: /home/rob1/eeng_462/lab4/install/openslam_gmapping/include//gmapping/sensor/sensor_range/rangesensor.h
[0.352s] -- Up-to-date symlink: /home/rob1/eeng_462/lab4/install/openslam_gmapping/include//gmapping/utils/autoptr.h
[0.352s] -- Up-to-date symlink: /home/rob1/eeng_462/lab4/install/openslam_gmapping/include//gmapping/utils/commandline.h
[0.352s] -- Up-to-date symlink: /home/rob1/eeng_462/lab4/install/openslam_gmapping/include//gmapping/utils/gvalues.h
[0.353s] -- Up-to-date symlink: /home/rob1/eeng_462/lab4/install/openslam_gmapping/include//gmapping/utils/macro_params.h
[0.353s] -- Up-to-date symlink: /home/rob1/eeng_462/lab4/install/openslam_gmapping/include//gmapping/utils/point.h
[0.353s] -- Up-to-date symlink: /home/rob1/eeng_462/lab4/install/openslam_gmapping/include//gmapping/utils/stat.h
[0.353s] -- Up-to-date symlink: /home/rob1/eeng_462/lab4/install/openslam_gmapping/share/ament_index/resource_index/package_run_dependencies/openslam_gmapping
[0.354s] -- Up-to-date symlink: /home/rob1/eeng_462/lab4/install/openslam_gmapping/share/ament_index/resource_index/parent_prefix_path/openslam_gmapping
[0.354s] -- Up-to-date symlink: /home/rob1/eeng_462/lab4/install/openslam_gmapping/share/openslam_gmapping/environment/ament_prefix_path.sh
[0.354s] -- Up-to-date symlink: /home/rob1/eeng_462/lab4/install/openslam_gmapping/share/openslam_gmapping/environment/ament_prefix_path.dsv
[0.355s] -- Up-to-date symlink: /home/rob1/eeng_462/lab4/install/openslam_gmapping/share/openslam_gmapping/environment/path.sh
[0.355s] -- Up-to-date symlink: /home/rob1/eeng_462/lab4/install/openslam_gmapping/share/openslam_gmapping/environment/path.dsv
[0.355s] -- Up-to-date symlink: /home/rob1/eeng_462/lab4/install/openslam_gmapping/share/openslam_gmapping/local_setup.bash
[0.356s] -- Up-to-date symlink: /home/rob1/eeng_462/lab4/install/openslam_gmapping/share/openslam_gmapping/local_setup.sh
[0.356s] -- Up-to-date symlink: /home/rob1/eeng_462/lab4/install/openslam_gmapping/share/openslam_gmapping/local_setup.zsh
[0.356s] -- Up-to-date symlink: /home/rob1/eeng_462/lab4/install/openslam_gmapping/share/openslam_gmapping/local_setup.dsv
[0.357s] -- Symlinking: /home/rob1/eeng_462/lab4/install/openslam_gmapping/share/openslam_gmapping/package.dsv
[0.374s] -- Up-to-date symlink: /home/rob1/eeng_462/lab4/install/openslam_gmapping/share/ament_index/resource_index/packages/openslam_gmapping
[0.374s] -- Up-to-date symlink: /home/rob1/eeng_462/lab4/install/openslam_gmapping/share/openslam_gmapping/cmake/ament_cmake_export_libraries-extras.cmake
[0.374s] -- Up-to-date symlink: /home/rob1/eeng_462/lab4/install/openslam_gmapping/share/openslam_gmapping/cmake/ament_cmake_export_include_directories-extras.cmake
[0.374s] -- Up-to-date symlink: /home/rob1/eeng_462/lab4/install/openslam_gmapping/share/openslam_gmapping/cmake/openslam_gmappingConfig.cmake
[0.375s] -- Up-to-date symlink: /home/rob1/eeng_462/lab4/install/openslam_gmapping/share/openslam_gmapping/cmake/openslam_gmappingConfig-version.cmake
[0.375s] -- Up-to-date symlink: /home/rob1/eeng_462/lab4/install/openslam_gmapping/share/openslam_gmapping/package.xml
[0.381s] Invoked command in '/home/rob1/eeng_462/lab4/build/openslam_gmapping' returned '0': CMAKE_PREFIX_PATH=${CMAKE_PREFIX_PATH}:/opt/ros/humble /usr/bin/cmake --install /home/rob1/eeng_462/lab4/build/openslam_gmapping
