-- Found ament_cmake: 1.3.13 (/opt/ros/humble/share/ament_cmake/cmake)
-- Found Python3: /usr/bin/python3 (found version "3.10.12") found components: Interpreter 
-- Override CMake install command with custom implementation using symlinks instead of copying resources
-- Found rosidl_default_generators: 1.2.0 (/opt/ros/humble/share/rosidl_default_generators/cmake)
-- Using all available rosidl_typesupport_c: rosidl_typesupport_fastrtps_c;rosidl_typesupport_introspection_c
-- Found rosidl_adapter: 3.1.8 (/opt/ros/humble/share/rosidl_adapter/cmake)
-- Using all available rosidl_typesupport_cpp: rosidl_typesupport_fastrtps_cpp;rosidl_typesupport_introspection_cpp
-- Found rclcpp: 16.0.18 (/opt/ros/humble/share/rclcpp/cmake)
-- Found rmw_implementation_cmake: 6.1.2 (/opt/ros/humble/share/rmw_implementation_cmake/cmake)
-- Found rmw_fastrtps_cpp: 6.2.10 (/opt/ros/humble/share/rmw_fastrtps_cpp/cmake)
-- Found OpenSSL: /usr/lib/aarch64-linux-gnu/libcrypto.so (found version "3.0.2")  
-- Found FastRTPS: /opt/ros/humble/include  
-- Using RMW implementation 'rmw_fastrtps_cpp' as default
-- Looking for pthread.h
-- Looking for pthread.h - found
-- Performing Test CMAKE_HAVE_LIBC_PTHREAD
-- Performing Test CMAKE_HAVE_LIBC_PTHREAD - Success
-- Found Threads: TRUE  
-- Found rclpy: 3.3.20 (/opt/ros/humble/share/rclpy/cmake)
-- Found cv_bridge: 3.2.1 (/opt/ros/humble/share/cv_bridge/cmake)
[31mCMake Error at /usr/lib/cmake/opencv4/OpenCVModules.cmake:172 (message):
  The imported target "opencv_core" references the file

     "/usr/lib/libopencv_core.so.4.8.0"

  but this file does not exist.  Possible reasons include:

  * The file was deleted, renamed, or moved to another location.

  * An install or uninstall procedure did not complete successfully.

  * The installation package was faulty and contained

     "/usr/lib/cmake/opencv4/OpenCVModules.cmake"

  but not all the files it references.

Call Stack (most recent call first):
  /usr/lib/cmake/opencv4/OpenCVConfig.cmake:126 (include)
  /opt/ros/humble/share/cv_bridge/cmake/ament_cmake_export_dependencies-extras.cmake:21 (find_package)
  /opt/ros/humble/share/cv_bridge/cmake/cv_bridgeConfig.cmake:41 (include)
  CMakeLists.txt:14 (find_package)

[0m
-- Configuring incomplete, errors occurred!
See also "/home/rob1/eeng_462/lab4/build/lio_sam/CMakeFiles/CMakeOutput.log".
