[0.023s] Invoking command in '/home/rob1/eeng_462/lab4/build/sllidar_ros2': CMAKE_PREFIX_PATH=${CMAKE_PREFIX_PATH}:/opt/ros/humble /usr/bin/cmake --build /home/rob1/eeng_462/lab4/build/sllidar_ros2 -- -j6 -l6
[0.137s] [ 10%] Built target sllidar_client
[0.149s] [100%] Built target sllidar_node
[0.177s] Invoked command in '/home/rob1/eeng_462/lab4/build/sllidar_ros2' returned '0': CMAKE_PREFIX_PATH=${CMAKE_PREFIX_PATH}:/opt/ros/humble /usr/bin/cmake --build /home/rob1/eeng_462/lab4/build/sllidar_ros2 -- -j6 -l6
[0.181s] Invoking command in '/home/rob1/eeng_462/lab4/build/sllidar_ros2': CMAKE_PREFIX_PATH=${CMAKE_PREFIX_PATH}:/opt/ros/humble /usr/bin/cmake --install /home/rob1/eeng_462/lab4/build/sllidar_ros2
[0.195s] -- Install configuration: ""
[0.196s] -- Execute custom install script
[0.197s] -- Up-to-date symlink: /home/rob1/eeng_462/lab4/install/sllidar_ros2/share/sllidar_ros2/launch/sllidar_a1_launch.py
[0.197s] -- Up-to-date symlink: /home/rob1/eeng_462/lab4/install/sllidar_ros2/share/sllidar_ros2/launch/sllidar_a2m12_launch .py
[0.198s] -- Up-to-date symlink: /home/rob1/eeng_462/lab4/install/sllidar_ros2/share/sllidar_ros2/launch/sllidar_a2m7_launch.py
[0.198s] -- Up-to-date symlink: /home/rob1/eeng_462/lab4/install/sllidar_ros2/share/sllidar_ros2/launch/sllidar_a2m8_launch.py
[0.198s] -- Up-to-date symlink: /home/rob1/eeng_462/lab4/install/sllidar_ros2/share/sllidar_ros2/launch/sllidar_a3_launch.py
[0.198s] -- Up-to-date symlink: /home/rob1/eeng_462/lab4/install/sllidar_ros2/share/sllidar_ros2/launch/sllidar_c1_launch.py
[0.198s] -- Up-to-date symlink: /home/rob1/eeng_462/lab4/install/sllidar_ros2/share/sllidar_ros2/launch/sllidar_s1_launch.py
[0.198s] -- Up-to-date symlink: /home/rob1/eeng_462/lab4/install/sllidar_ros2/share/sllidar_ros2/launch/sllidar_s1_tcp_launch.py
[0.199s] -- Up-to-date symlink: /home/rob1/eeng_462/lab4/install/sllidar_ros2/share/sllidar_ros2/launch/sllidar_s2_launch.py
[0.199s] -- Up-to-date symlink: /home/rob1/eeng_462/lab4/install/sllidar_ros2/share/sllidar_ros2/launch/sllidar_s2e_launch.py
[0.199s] -- Up-to-date symlink: /home/rob1/eeng_462/lab4/install/sllidar_ros2/share/sllidar_ros2/launch/sllidar_s3_launch.py
[0.200s] -- Up-to-date symlink: /home/rob1/eeng_462/lab4/install/sllidar_ros2/share/sllidar_ros2/launch/sllidar_t1_launch.py
[0.200s] -- Up-to-date symlink: /home/rob1/eeng_462/lab4/install/sllidar_ros2/share/sllidar_ros2/launch/view_sllidar_a1_launch.py
[0.200s] -- Up-to-date symlink: /home/rob1/eeng_462/lab4/install/sllidar_ros2/share/sllidar_ros2/launch/view_sllidar_a2m12_launch.py
[0.200s] -- Up-to-date symlink: /home/rob1/eeng_462/lab4/install/sllidar_ros2/share/sllidar_ros2/launch/view_sllidar_a2m7_launch.py
[0.200s] -- Up-to-date symlink: /home/rob1/eeng_462/lab4/install/sllidar_ros2/share/sllidar_ros2/launch/view_sllidar_a2m8_launch.py
[0.201s] -- Up-to-date symlink: /home/rob1/eeng_462/lab4/install/sllidar_ros2/share/sllidar_ros2/launch/view_sllidar_a3_launch.py
[0.201s] -- Up-to-date symlink: /home/rob1/eeng_462/lab4/install/sllidar_ros2/share/sllidar_ros2/launch/view_sllidar_c1_launch.py
[0.201s] -- Up-to-date symlink: /home/rob1/eeng_462/lab4/install/sllidar_ros2/share/sllidar_ros2/launch/view_sllidar_s1_launch.py
[0.201s] -- Up-to-date symlink: /home/rob1/eeng_462/lab4/install/sllidar_ros2/share/sllidar_ros2/launch/view_sllidar_s1_tcp_launch.py
[0.201s] -- Up-to-date symlink: /home/rob1/eeng_462/lab4/install/sllidar_ros2/share/sllidar_ros2/launch/view_sllidar_s2_launch.py
[0.202s] -- Up-to-date symlink: /home/rob1/eeng_462/lab4/install/sllidar_ros2/share/sllidar_ros2/launch/view_sllidar_s2e_launch.py
[0.202s] -- Up-to-date symlink: /home/rob1/eeng_462/lab4/install/sllidar_ros2/share/sllidar_ros2/launch/view_sllidar_s3_launch.py
[0.202s] -- Up-to-date symlink: /home/rob1/eeng_462/lab4/install/sllidar_ros2/share/sllidar_ros2/launch/view_sllidar_t1_launch.py
[0.203s] -- Up-to-date symlink: /home/rob1/eeng_462/lab4/install/sllidar_ros2/share/sllidar_ros2/rviz/sllidar_ros2.rviz
[0.203s] -- Up-to-date symlink: /home/rob1/eeng_462/lab4/install/sllidar_ros2/lib/sllidar_ros2/sllidar_node
[0.204s] -- Up-to-date symlink: /home/rob1/eeng_462/lab4/install/sllidar_ros2/lib/sllidar_ros2/sllidar_client
[0.204s] -- Up-to-date symlink: /home/rob1/eeng_462/lab4/install/sllidar_ros2/share/ament_index/resource_index/package_run_dependencies/sllidar_ros2
[0.204s] -- Up-to-date symlink: /home/rob1/eeng_462/lab4/install/sllidar_ros2/share/ament_index/resource_index/parent_prefix_path/sllidar_ros2
[0.205s] -- Up-to-date symlink: /home/rob1/eeng_462/lab4/install/sllidar_ros2/share/sllidar_ros2/environment/ament_prefix_path.sh
[0.205s] -- Up-to-date symlink: /home/rob1/eeng_462/lab4/install/sllidar_ros2/share/sllidar_ros2/environment/ament_prefix_path.dsv
[0.205s] -- Up-to-date symlink: /home/rob1/eeng_462/lab4/install/sllidar_ros2/share/sllidar_ros2/environment/path.sh
[0.206s] -- Up-to-date symlink: /home/rob1/eeng_462/lab4/install/sllidar_ros2/share/sllidar_ros2/environment/path.dsv
[0.206s] -- Up-to-date symlink: /home/rob1/eeng_462/lab4/install/sllidar_ros2/share/sllidar_ros2/local_setup.bash
[0.206s] -- Up-to-date symlink: /home/rob1/eeng_462/lab4/install/sllidar_ros2/share/sllidar_ros2/local_setup.sh
[0.206s] -- Up-to-date symlink: /home/rob1/eeng_462/lab4/install/sllidar_ros2/share/sllidar_ros2/local_setup.zsh
[0.207s] -- Up-to-date symlink: /home/rob1/eeng_462/lab4/install/sllidar_ros2/share/sllidar_ros2/local_setup.dsv
[0.207s] -- Symlinking: /home/rob1/eeng_462/lab4/install/sllidar_ros2/share/sllidar_ros2/package.dsv
[0.226s] -- Up-to-date symlink: /home/rob1/eeng_462/lab4/install/sllidar_ros2/share/ament_index/resource_index/packages/sllidar_ros2
[0.226s] -- Up-to-date symlink: /home/rob1/eeng_462/lab4/install/sllidar_ros2/share/sllidar_ros2/cmake/ament_cmake_export_dependencies-extras.cmake
[0.227s] -- Up-to-date symlink: /home/rob1/eeng_462/lab4/install/sllidar_ros2/share/sllidar_ros2/cmake/ament_cmake_export_include_directories-extras.cmake
[0.228s] -- Up-to-date symlink: /home/rob1/eeng_462/lab4/install/sllidar_ros2/share/sllidar_ros2/cmake/sllidar_ros2Config.cmake
[0.228s] -- Up-to-date symlink: /home/rob1/eeng_462/lab4/install/sllidar_ros2/share/sllidar_ros2/cmake/sllidar_ros2Config-version.cmake
[0.229s] -- Up-to-date symlink: /home/rob1/eeng_462/lab4/install/sllidar_ros2/share/sllidar_ros2/package.xml
[0.275s] Invoked command in '/home/rob1/eeng_462/lab4/build/sllidar_ros2' returned '0': CMAKE_PREFIX_PATH=${CMAKE_PREFIX_PATH}:/opt/ros/humble /usr/bin/cmake --install /home/rob1/eeng_462/lab4/build/sllidar_ros2
