[0.273s] DEBUG:colcon:Command line arguments: ['/usr/bin/colcon', 'build']
[0.273s] DEBUG:colcon:Parsed command line arguments: Namespace(log_base=None, log_level=None, verb_name='build', build_base='build', install_base='install', merge_install=False, symlink_install=False, test_result_base=None, continue_on_error=False, executor='parallel', parallel_workers=6, event_handlers=None, ignore_user_meta=False, metas=['./colcon.meta'], base_paths=['.'], packages_ignore=None, packages_ignore_regex=None, paths=None, packages_up_to=None, packages_up_to_regex=None, packages_above=None, packages_above_and_dependencies=None, packages_above_depth=None, packages_select_by_dep=None, packages_skip_by_dep=None, packages_skip_up_to=None, packages_select_build_failed=False, packages_skip_build_finished=False, packages_select_test_failures=False, packages_skip_test_passed=False, packages_select=None, packages_skip=None, packages_select_regex=None, packages_skip_regex=None, packages_start=None, packages_end=None, allow_overriding=[], cmake_args=None, cmake_target=None, cmake_target_skip_unavailable=False, cmake_clean_cache=False, cmake_clean_first=False, cmake_force_configure=False, ament_cmake_args=None, catkin_cmake_args=None, catkin_skip_building_tests=False, mixin_files=None, mixin=None, verb_parser=<colcon_mixin.mixin.mixin_argument.MixinArgumentDecorator object at 0xffff9a686530>, verb_extension=<colcon_core.verb.build.BuildVerb object at 0xffff9a843e80>, main=<bound method BuildVerb.main of <colcon_core.verb.build.BuildVerb object at 0xffff9a843e80>>, mixin_verb=('build',))
[0.672s] Level 1:colcon.colcon_core.package_discovery:discover_packages(colcon_meta) check parameters
[0.672s] Level 1:colcon.colcon_core.package_discovery:discover_packages(recursive) check parameters
[0.673s] Level 1:colcon.colcon_core.package_discovery:discover_packages(ignore) check parameters
[0.673s] Level 1:colcon.colcon_core.package_discovery:discover_packages(path) check parameters
[0.673s] Level 1:colcon.colcon_core.package_discovery:discover_packages(colcon_meta) discover
[0.673s] Level 1:colcon.colcon_core.package_discovery:discover_packages(recursive) discover
[0.673s] INFO:colcon.colcon_core.package_discovery:Crawling recursively for packages in '/home/rob1/eeng_462/lab4'
[0.673s] Level 1:colcon.colcon_core.package_identification:_identify(.) by extensions ['ignore', 'ignore_ament_install']
[0.673s] Level 1:colcon.colcon_core.package_identification:_identify(.) by extension 'ignore'
[0.674s] Level 1:colcon.colcon_core.package_identification:_identify(.) by extension 'ignore_ament_install'
[0.674s] Level 1:colcon.colcon_core.package_identification:_identify(.) by extensions ['colcon_pkg']
[0.674s] Level 1:colcon.colcon_core.package_identification:_identify(.) by extension 'colcon_pkg'
[0.674s] Level 1:colcon.colcon_core.package_identification:_identify(.) by extensions ['colcon_meta']
[0.674s] Level 1:colcon.colcon_core.package_identification:_identify(.) by extension 'colcon_meta'
[0.674s] Level 1:colcon.colcon_core.package_identification:_identify(.) by extensions ['ros']
[0.674s] Level 1:colcon.colcon_core.package_identification:_identify(.) by extension 'ros'
[0.698s] Level 1:colcon.colcon_core.package_identification:_identify(.) by extensions ['cmake', 'python']
[0.698s] Level 1:colcon.colcon_core.package_identification:_identify(.) by extension 'cmake'
[0.698s] Level 1:colcon.colcon_core.package_identification:_identify(.) by extension 'python'
[0.698s] Level 1:colcon.colcon_core.package_identification:_identify(.) by extensions ['python_setup_py']
[0.698s] Level 1:colcon.colcon_core.package_identification:_identify(.) by extension 'python_setup_py'
[0.699s] Level 1:colcon.colcon_core.package_identification:_identify(build) by extensions ['ignore', 'ignore_ament_install']
[0.699s] Level 1:colcon.colcon_core.package_identification:_identify(build) by extension 'ignore'
[0.699s] Level 1:colcon.colcon_core.package_identification:_identify(build) ignored
[0.699s] Level 1:colcon.colcon_core.package_identification:_identify(install) by extensions ['ignore', 'ignore_ament_install']
[0.700s] Level 1:colcon.colcon_core.package_identification:_identify(install) by extension 'ignore'
[0.700s] Level 1:colcon.colcon_core.package_identification:_identify(install) ignored
[0.700s] Level 1:colcon.colcon_core.package_identification:_identify(log) by extensions ['ignore', 'ignore_ament_install']
[0.700s] Level 1:colcon.colcon_core.package_identification:_identify(log) by extension 'ignore'
[0.700s] Level 1:colcon.colcon_core.package_identification:_identify(log) ignored
[0.700s] Level 1:colcon.colcon_core.package_identification:_identify(src) by extensions ['ignore', 'ignore_ament_install']
[0.701s] Level 1:colcon.colcon_core.package_identification:_identify(src) by extension 'ignore'
[0.701s] Level 1:colcon.colcon_core.package_identification:_identify(src) by extension 'ignore_ament_install'
[0.701s] Level 1:colcon.colcon_core.package_identification:_identify(src) by extensions ['colcon_pkg']
[0.701s] Level 1:colcon.colcon_core.package_identification:_identify(src) by extension 'colcon_pkg'
[0.701s] Level 1:colcon.colcon_core.package_identification:_identify(src) by extensions ['colcon_meta']
[0.701s] Level 1:colcon.colcon_core.package_identification:_identify(src) by extension 'colcon_meta'
[0.701s] Level 1:colcon.colcon_core.package_identification:_identify(src) by extensions ['ros']
[0.701s] Level 1:colcon.colcon_core.package_identification:_identify(src) by extension 'ros'
[0.701s] Level 1:colcon.colcon_core.package_identification:_identify(src) by extensions ['cmake', 'python']
[0.701s] Level 1:colcon.colcon_core.package_identification:_identify(src) by extension 'cmake'
[0.702s] Level 1:colcon.colcon_core.package_identification:_identify(src) by extension 'python'
[0.702s] Level 1:colcon.colcon_core.package_identification:_identify(src) by extensions ['python_setup_py']
[0.702s] Level 1:colcon.colcon_core.package_identification:_identify(src) by extension 'python_setup_py'
[0.702s] Level 1:colcon.colcon_core.package_identification:_identify(src/openslam_gmapping) by extensions ['ignore', 'ignore_ament_install']
[0.702s] Level 1:colcon.colcon_core.package_identification:_identify(src/openslam_gmapping) by extension 'ignore'
[0.702s] Level 1:colcon.colcon_core.package_identification:_identify(src/openslam_gmapping) by extension 'ignore_ament_install'
[0.702s] Level 1:colcon.colcon_core.package_identification:_identify(src/openslam_gmapping) by extensions ['colcon_pkg']
[0.703s] Level 1:colcon.colcon_core.package_identification:_identify(src/openslam_gmapping) by extension 'colcon_pkg'
[0.703s] Level 1:colcon.colcon_core.package_identification:_identify(src/openslam_gmapping) by extensions ['colcon_meta']
[0.703s] Level 1:colcon.colcon_core.package_identification:_identify(src/openslam_gmapping) by extension 'colcon_meta'
[0.703s] Level 1:colcon.colcon_core.package_identification:_identify(src/openslam_gmapping) by extensions ['ros']
[0.703s] Level 1:colcon.colcon_core.package_identification:_identify(src/openslam_gmapping) by extension 'ros'
[0.708s] DEBUG:colcon.colcon_core.package_identification:Package 'src/openslam_gmapping' with type 'ros.ament_cmake' and name 'openslam_gmapping'
[0.709s] Level 1:colcon.colcon_core.package_identification:_identify(src/slam_gmapping) by extensions ['ignore', 'ignore_ament_install']
[0.709s] Level 1:colcon.colcon_core.package_identification:_identify(src/slam_gmapping) by extension 'ignore'
[0.709s] Level 1:colcon.colcon_core.package_identification:_identify(src/slam_gmapping) by extension 'ignore_ament_install'
[0.709s] Level 1:colcon.colcon_core.package_identification:_identify(src/slam_gmapping) by extensions ['colcon_pkg']
[0.709s] Level 1:colcon.colcon_core.package_identification:_identify(src/slam_gmapping) by extension 'colcon_pkg'
[0.710s] Level 1:colcon.colcon_core.package_identification:_identify(src/slam_gmapping) by extensions ['colcon_meta']
[0.710s] Level 1:colcon.colcon_core.package_identification:_identify(src/slam_gmapping) by extension 'colcon_meta'
[0.710s] Level 1:colcon.colcon_core.package_identification:_identify(src/slam_gmapping) by extensions ['ros']
[0.710s] Level 1:colcon.colcon_core.package_identification:_identify(src/slam_gmapping) by extension 'ros'
[0.712s] DEBUG:colcon.colcon_core.package_identification:Package 'src/slam_gmapping' with type 'ros.ament_cmake' and name 'slam_gmapping'
[0.713s] Level 1:colcon.colcon_core.package_discovery:discover_packages(recursive) using defaults
[0.713s] Level 1:colcon.colcon_core.package_discovery:discover_packages(ignore) discover
[0.713s] Level 1:colcon.colcon_core.package_discovery:discover_packages(ignore) using defaults
[0.713s] Level 1:colcon.colcon_core.package_discovery:discover_packages(path) discover
[0.713s] Level 1:colcon.colcon_core.package_discovery:discover_packages(path) using defaults
[0.786s] Level 1:colcon.colcon_core.package_discovery:discover_packages(prefix_path) check parameters
[0.786s] Level 1:colcon.colcon_core.package_discovery:discover_packages(prefix_path) discover
[0.790s] DEBUG:colcon.colcon_installed_package_information.package_discovery:Found 3 installed packages in /home/rob1/eeng_462/lab4/install
[0.793s] DEBUG:colcon.colcon_installed_package_information.package_discovery:Found 359 installed packages in /opt/ros/humble
[0.797s] Level 1:colcon.colcon_core.package_discovery:discover_packages(prefix_path) using defaults
[0.904s] Level 5:colcon.colcon_core.verb:set package 'openslam_gmapping' build argument 'cmake_args' from command line to 'None'
[0.904s] Level 5:colcon.colcon_core.verb:set package 'openslam_gmapping' build argument 'cmake_target' from command line to 'None'
[0.904s] Level 5:colcon.colcon_core.verb:set package 'openslam_gmapping' build argument 'cmake_target_skip_unavailable' from command line to 'False'
[0.904s] Level 5:colcon.colcon_core.verb:set package 'openslam_gmapping' build argument 'cmake_clean_cache' from command line to 'False'
[0.904s] Level 5:colcon.colcon_core.verb:set package 'openslam_gmapping' build argument 'cmake_clean_first' from command line to 'False'
[0.904s] Level 5:colcon.colcon_core.verb:set package 'openslam_gmapping' build argument 'cmake_force_configure' from command line to 'False'
[0.904s] Level 5:colcon.colcon_core.verb:set package 'openslam_gmapping' build argument 'ament_cmake_args' from command line to 'None'
[0.905s] Level 5:colcon.colcon_core.verb:set package 'openslam_gmapping' build argument 'catkin_cmake_args' from command line to 'None'
[0.905s] Level 5:colcon.colcon_core.verb:set package 'openslam_gmapping' build argument 'catkin_skip_building_tests' from command line to 'False'
[0.905s] DEBUG:colcon.colcon_core.verb:Building package 'openslam_gmapping' with the following arguments: {'ament_cmake_args': None, 'build_base': '/home/rob1/eeng_462/lab4/build/openslam_gmapping', 'catkin_cmake_args': None, 'catkin_skip_building_tests': False, 'cmake_args': None, 'cmake_clean_cache': False, 'cmake_clean_first': False, 'cmake_force_configure': False, 'cmake_target': None, 'cmake_target_skip_unavailable': False, 'install_base': '/home/rob1/eeng_462/lab4/install/openslam_gmapping', 'merge_install': False, 'path': '/home/rob1/eeng_462/lab4/src/openslam_gmapping', 'symlink_install': False, 'test_result_base': None}
[0.905s] Level 5:colcon.colcon_core.verb:set package 'slam_gmapping' build argument 'cmake_args' from command line to 'None'
[0.905s] Level 5:colcon.colcon_core.verb:set package 'slam_gmapping' build argument 'cmake_target' from command line to 'None'
[0.906s] Level 5:colcon.colcon_core.verb:set package 'slam_gmapping' build argument 'cmake_target_skip_unavailable' from command line to 'False'
[0.906s] Level 5:colcon.colcon_core.verb:set package 'slam_gmapping' build argument 'cmake_clean_cache' from command line to 'False'
[0.906s] Level 5:colcon.colcon_core.verb:set package 'slam_gmapping' build argument 'cmake_clean_first' from command line to 'False'
[0.906s] Level 5:colcon.colcon_core.verb:set package 'slam_gmapping' build argument 'cmake_force_configure' from command line to 'False'
[0.906s] Level 5:colcon.colcon_core.verb:set package 'slam_gmapping' build argument 'ament_cmake_args' from command line to 'None'
[0.906s] Level 5:colcon.colcon_core.verb:set package 'slam_gmapping' build argument 'catkin_cmake_args' from command line to 'None'
[0.906s] Level 5:colcon.colcon_core.verb:set package 'slam_gmapping' build argument 'catkin_skip_building_tests' from command line to 'False'
[0.906s] DEBUG:colcon.colcon_core.verb:Building package 'slam_gmapping' with the following arguments: {'ament_cmake_args': None, 'build_base': '/home/rob1/eeng_462/lab4/build/slam_gmapping', 'catkin_cmake_args': None, 'catkin_skip_building_tests': False, 'cmake_args': None, 'cmake_clean_cache': False, 'cmake_clean_first': False, 'cmake_force_configure': False, 'cmake_target': None, 'cmake_target_skip_unavailable': False, 'install_base': '/home/rob1/eeng_462/lab4/install/slam_gmapping', 'merge_install': False, 'path': '/home/rob1/eeng_462/lab4/src/slam_gmapping', 'symlink_install': False, 'test_result_base': None}
[0.906s] INFO:colcon.colcon_core.executor:Executing jobs using 'parallel' executor
[0.909s] DEBUG:colcon.colcon_parallel_executor.executor.parallel:run_until_complete
[0.909s] INFO:colcon.colcon_ros.task.ament_cmake.build:Building ROS package in '/home/rob1/eeng_462/lab4/src/openslam_gmapping' with build type 'ament_cmake'
[0.910s] INFO:colcon.colcon_cmake.task.cmake.build:Building CMake package in '/home/rob1/eeng_462/lab4/src/openslam_gmapping'
[0.914s] INFO:colcon.colcon_core.plugin_system:Skipping extension 'colcon_core.shell.bat': Not used on non-Windows systems
[0.914s] INFO:colcon.colcon_core.shell:Skip shell extension 'powershell' for command environment: Not usable outside of PowerShell
[0.914s] DEBUG:colcon.colcon_core.shell:Skip shell extension 'dsv' for command environment
[0.930s] DEBUG:colcon.colcon_core.event_handler.log_command:Invoking command in '/home/rob1/eeng_462/lab4/build/openslam_gmapping': CMAKE_PREFIX_PATH=${CMAKE_PREFIX_PATH}:/opt/ros/humble /usr/bin/cmake /home/rob1/eeng_462/lab4/src/openslam_gmapping -DCMAKE_INSTALL_PREFIX=/home/rob1/eeng_462/lab4/install/openslam_gmapping
[0.949s] DEBUG:colcon.colcon_core.event_handler.log_command:Invoked command in '/home/rob1/eeng_462/lab4/build/openslam_gmapping' returned '1': CMAKE_PREFIX_PATH=${CMAKE_PREFIX_PATH}:/opt/ros/humble /usr/bin/cmake /home/rob1/eeng_462/lab4/src/openslam_gmapping -DCMAKE_INSTALL_PREFIX=/home/rob1/eeng_462/lab4/install/openslam_gmapping
[0.951s] Level 1:colcon.colcon_core.environment:create_environment_scripts_only(openslam_gmapping)
[0.956s] Level 1:colcon.colcon_core.environment:checking '/home/rob1/eeng_462/lab4/install/openslam_gmapping' for CMake module files
[0.957s] Level 1:colcon.colcon_core.environment:checking '/home/rob1/eeng_462/lab4/install/openslam_gmapping' for CMake config files
[0.959s] Level 1:colcon.colcon_core.shell:create_environment_hook('openslam_gmapping', 'cmake_prefix_path')
[0.959s] INFO:colcon.colcon_core.shell:Creating environment hook '/home/rob1/eeng_462/lab4/install/openslam_gmapping/share/openslam_gmapping/hook/cmake_prefix_path.ps1'
[0.961s] INFO:colcon.colcon_core.shell:Creating environment descriptor '/home/rob1/eeng_462/lab4/install/openslam_gmapping/share/openslam_gmapping/hook/cmake_prefix_path.dsv'
[0.962s] INFO:colcon.colcon_core.shell:Creating environment hook '/home/rob1/eeng_462/lab4/install/openslam_gmapping/share/openslam_gmapping/hook/cmake_prefix_path.sh'
[0.964s] Level 1:colcon.colcon_core.environment:checking '/home/rob1/eeng_462/lab4/install/openslam_gmapping/lib'
[0.964s] Level 1:colcon.colcon_core.environment:checking '/home/rob1/eeng_462/lab4/install/openslam_gmapping/bin'
[0.965s] Level 1:colcon.colcon_core.environment:checking '/home/rob1/eeng_462/lab4/install/openslam_gmapping/lib/pkgconfig/openslam_gmapping.pc'
[0.965s] Level 1:colcon.colcon_core.environment:checking '/home/rob1/eeng_462/lab4/install/openslam_gmapping/lib/python3.10/site-packages'
[0.966s] Level 1:colcon.colcon_core.environment:checking '/home/rob1/eeng_462/lab4/install/openslam_gmapping/bin'
[0.967s] INFO:colcon.colcon_core.shell:Creating package script '/home/rob1/eeng_462/lab4/install/openslam_gmapping/share/openslam_gmapping/package.ps1'
[0.969s] INFO:colcon.colcon_core.shell:Creating package descriptor '/home/rob1/eeng_462/lab4/install/openslam_gmapping/share/openslam_gmapping/package.dsv'
[0.970s] INFO:colcon.colcon_core.shell:Creating package script '/home/rob1/eeng_462/lab4/install/openslam_gmapping/share/openslam_gmapping/package.sh'
[0.972s] INFO:colcon.colcon_core.shell:Creating package script '/home/rob1/eeng_462/lab4/install/openslam_gmapping/share/openslam_gmapping/package.bash'
[0.973s] INFO:colcon.colcon_core.shell:Creating package script '/home/rob1/eeng_462/lab4/install/openslam_gmapping/share/openslam_gmapping/package.zsh'
[0.975s] Level 1:colcon.colcon_core.environment:create_file_with_runtime_dependencies(/home/rob1/eeng_462/lab4/install/openslam_gmapping/share/colcon-core/packages/openslam_gmapping)
[0.986s] DEBUG:colcon.colcon_parallel_executor.executor.parallel:closing loop
[0.986s] DEBUG:colcon.colcon_parallel_executor.executor.parallel:loop closed
[0.986s] DEBUG:colcon.colcon_parallel_executor.executor.parallel:run_until_complete finished with '1'
[0.986s] DEBUG:colcon.colcon_core.event_reactor:joining thread
[0.998s] INFO:colcon.colcon_core.plugin_system:Skipping extension 'colcon_notification.desktop_notification.terminal_notifier': Not used on non-Darwin systems
[0.998s] INFO:colcon.colcon_core.plugin_system:Skipping extension 'colcon_notification.desktop_notification.win32': Not used on non-Windows systems
[0.999s] INFO:colcon.colcon_notification.desktop_notification:Sending desktop notification using 'notify2'
[1.120s] DEBUG:colcon.colcon_core.event_reactor:joined thread
[1.122s] INFO:colcon.colcon_core.shell:Creating prefix script '/home/rob1/eeng_462/lab4/install/local_setup.ps1'
[1.125s] INFO:colcon.colcon_core.shell:Creating prefix util module '/home/rob1/eeng_462/lab4/install/_local_setup_util_ps1.py'
[1.128s] INFO:colcon.colcon_core.shell:Creating prefix chain script '/home/rob1/eeng_462/lab4/install/setup.ps1'
[1.130s] INFO:colcon.colcon_core.shell:Creating prefix script '/home/rob1/eeng_462/lab4/install/local_setup.sh'
[1.131s] INFO:colcon.colcon_core.shell:Creating prefix util module '/home/rob1/eeng_462/lab4/install/_local_setup_util_sh.py'
[1.132s] INFO:colcon.colcon_core.shell:Creating prefix chain script '/home/rob1/eeng_462/lab4/install/setup.sh'
[1.135s] INFO:colcon.colcon_core.shell:Creating prefix script '/home/rob1/eeng_462/lab4/install/local_setup.bash'
[1.136s] INFO:colcon.colcon_core.shell:Creating prefix chain script '/home/rob1/eeng_462/lab4/install/setup.bash'
[1.138s] INFO:colcon.colcon_core.shell:Creating prefix script '/home/rob1/eeng_462/lab4/install/local_setup.zsh'
[1.139s] INFO:colcon.colcon_core.shell:Creating prefix chain script '/home/rob1/eeng_462/lab4/install/setup.zsh'
