[0.279s] DEBUG:colcon:Command line arguments: ['/usr/bin/colcon', 'build', '--packages-select', 'slam_gmapping', '--cmake-args', '-DCMAKE_BUILD_TYPE=RelWithDebInfo']
[0.280s] DEBUG:colcon:Parsed command line arguments: Namespace(log_base=None, log_level=None, verb_name='build', build_base='build', install_base='install', merge_install=False, symlink_install=False, test_result_base=None, continue_on_error=False, executor='parallel', parallel_workers=6, event_handlers=None, ignore_user_meta=False, metas=['./colcon.meta'], base_paths=['.'], packages_ignore=None, packages_ignore_regex=None, paths=None, packages_up_to=None, packages_up_to_regex=None, packages_above=None, packages_above_and_dependencies=None, packages_above_depth=None, packages_select_by_dep=None, packages_skip_by_dep=None, packages_skip_up_to=None, packages_select_build_failed=False, packages_skip_build_finished=False, packages_select_test_failures=False, packages_skip_test_passed=False, packages_select=['slam_gmapping'], packages_skip=None, packages_select_regex=None, packages_skip_regex=None, packages_start=None, packages_end=None, allow_overriding=[], cmake_args=['-DCMAKE_BUILD_TYPE=RelWithDebInfo'], cmake_target=None, cmake_target_skip_unavailable=False, cmake_clean_cache=False, cmake_clean_first=False, cmake_force_configure=False, ament_cmake_args=None, catkin_cmake_args=None, catkin_skip_building_tests=False, mixin_files=None, mixin=None, verb_parser=<colcon_mixin.mixin.mixin_argument.MixinArgumentDecorator object at 0xffff9e6b6560>, verb_extension=<colcon_core.verb.build.BuildVerb object at 0xffff9e86feb0>, main=<bound method BuildVerb.main of <colcon_core.verb.build.BuildVerb object at 0xffff9e86feb0>>, mixin_verb=('build',))
[0.680s] Level 1:colcon.colcon_core.package_discovery:discover_packages(colcon_meta) check parameters
[0.680s] Level 1:colcon.colcon_core.package_discovery:discover_packages(recursive) check parameters
[0.680s] Level 1:colcon.colcon_core.package_discovery:discover_packages(ignore) check parameters
[0.680s] Level 1:colcon.colcon_core.package_discovery:discover_packages(path) check parameters
[0.680s] Level 1:colcon.colcon_core.package_discovery:discover_packages(colcon_meta) discover
[0.681s] Level 1:colcon.colcon_core.package_discovery:discover_packages(recursive) discover
[0.681s] INFO:colcon.colcon_core.package_discovery:Crawling recursively for packages in '/home/rob1/eeng_462/lab4'
[0.681s] Level 1:colcon.colcon_core.package_identification:_identify(.) by extensions ['ignore', 'ignore_ament_install']
[0.681s] Level 1:colcon.colcon_core.package_identification:_identify(.) by extension 'ignore'
[0.681s] Level 1:colcon.colcon_core.package_identification:_identify(.) by extension 'ignore_ament_install'
[0.681s] Level 1:colcon.colcon_core.package_identification:_identify(.) by extensions ['colcon_pkg']
[0.682s] Level 1:colcon.colcon_core.package_identification:_identify(.) by extension 'colcon_pkg'
[0.682s] Level 1:colcon.colcon_core.package_identification:_identify(.) by extensions ['colcon_meta']
[0.682s] Level 1:colcon.colcon_core.package_identification:_identify(.) by extension 'colcon_meta'
[0.682s] Level 1:colcon.colcon_core.package_identification:_identify(.) by extensions ['ros']
[0.682s] Level 1:colcon.colcon_core.package_identification:_identify(.) by extension 'ros'
[0.706s] Level 1:colcon.colcon_core.package_identification:_identify(.) by extensions ['cmake', 'python']
[0.706s] Level 1:colcon.colcon_core.package_identification:_identify(.) by extension 'cmake'
[0.706s] Level 1:colcon.colcon_core.package_identification:_identify(.) by extension 'python'
[0.706s] Level 1:colcon.colcon_core.package_identification:_identify(.) by extensions ['python_setup_py']
[0.706s] Level 1:colcon.colcon_core.package_identification:_identify(.) by extension 'python_setup_py'
[0.706s] Level 1:colcon.colcon_core.package_identification:_identify(build) by extensions ['ignore', 'ignore_ament_install']
[0.707s] Level 1:colcon.colcon_core.package_identification:_identify(build) by extension 'ignore'
[0.707s] Level 1:colcon.colcon_core.package_identification:_identify(build) ignored
[0.707s] Level 1:colcon.colcon_core.package_identification:_identify(install) by extensions ['ignore', 'ignore_ament_install']
[0.707s] Level 1:colcon.colcon_core.package_identification:_identify(install) by extension 'ignore'
[0.707s] Level 1:colcon.colcon_core.package_identification:_identify(install) ignored
[0.708s] Level 1:colcon.colcon_core.package_identification:_identify(log) by extensions ['ignore', 'ignore_ament_install']
[0.708s] Level 1:colcon.colcon_core.package_identification:_identify(log) by extension 'ignore'
[0.708s] Level 1:colcon.colcon_core.package_identification:_identify(log) ignored
[0.708s] Level 1:colcon.colcon_core.package_identification:_identify(src) by extensions ['ignore', 'ignore_ament_install']
[0.708s] Level 1:colcon.colcon_core.package_identification:_identify(src) by extension 'ignore'
[0.708s] Level 1:colcon.colcon_core.package_identification:_identify(src) by extension 'ignore_ament_install'
[0.709s] Level 1:colcon.colcon_core.package_identification:_identify(src) by extensions ['colcon_pkg']
[0.709s] Level 1:colcon.colcon_core.package_identification:_identify(src) by extension 'colcon_pkg'
[0.709s] Level 1:colcon.colcon_core.package_identification:_identify(src) by extensions ['colcon_meta']
[0.709s] Level 1:colcon.colcon_core.package_identification:_identify(src) by extension 'colcon_meta'
[0.709s] Level 1:colcon.colcon_core.package_identification:_identify(src) by extensions ['ros']
[0.709s] Level 1:colcon.colcon_core.package_identification:_identify(src) by extension 'ros'
[0.709s] Level 1:colcon.colcon_core.package_identification:_identify(src) by extensions ['cmake', 'python']
[0.709s] Level 1:colcon.colcon_core.package_identification:_identify(src) by extension 'cmake'
[0.709s] Level 1:colcon.colcon_core.package_identification:_identify(src) by extension 'python'
[0.710s] Level 1:colcon.colcon_core.package_identification:_identify(src) by extensions ['python_setup_py']
[0.710s] Level 1:colcon.colcon_core.package_identification:_identify(src) by extension 'python_setup_py'
[0.710s] Level 1:colcon.colcon_core.package_identification:_identify(src/rplidar_ros) by extensions ['ignore', 'ignore_ament_install']
[0.710s] Level 1:colcon.colcon_core.package_identification:_identify(src/rplidar_ros) by extension 'ignore'
[0.710s] Level 1:colcon.colcon_core.package_identification:_identify(src/rplidar_ros) by extension 'ignore_ament_install'
[0.710s] Level 1:colcon.colcon_core.package_identification:_identify(src/rplidar_ros) by extensions ['colcon_pkg']
[0.710s] Level 1:colcon.colcon_core.package_identification:_identify(src/rplidar_ros) by extension 'colcon_pkg'
[0.710s] Level 1:colcon.colcon_core.package_identification:_identify(src/rplidar_ros) by extensions ['colcon_meta']
[0.711s] Level 1:colcon.colcon_core.package_identification:_identify(src/rplidar_ros) by extension 'colcon_meta'
[0.711s] Level 1:colcon.colcon_core.package_identification:_identify(src/rplidar_ros) by extensions ['ros']
[0.711s] Level 1:colcon.colcon_core.package_identification:_identify(src/rplidar_ros) by extension 'ros'
[0.716s] DEBUG:colcon.colcon_core.package_identification:Package 'src/rplidar_ros' with type 'ros.ament_cmake' and name 'rplidar_ros'
[0.717s] Level 1:colcon.colcon_core.package_identification:_identify(src/slam_gmapping) by extensions ['ignore', 'ignore_ament_install']
[0.717s] Level 1:colcon.colcon_core.package_identification:_identify(src/slam_gmapping) by extension 'ignore'
[0.717s] Level 1:colcon.colcon_core.package_identification:_identify(src/slam_gmapping) by extension 'ignore_ament_install'
[0.717s] Level 1:colcon.colcon_core.package_identification:_identify(src/slam_gmapping) by extensions ['colcon_pkg']
[0.717s] Level 1:colcon.colcon_core.package_identification:_identify(src/slam_gmapping) by extension 'colcon_pkg'
[0.717s] Level 1:colcon.colcon_core.package_identification:_identify(src/slam_gmapping) by extensions ['colcon_meta']
[0.717s] Level 1:colcon.colcon_core.package_identification:_identify(src/slam_gmapping) by extension 'colcon_meta'
[0.718s] Level 1:colcon.colcon_core.package_identification:_identify(src/slam_gmapping) by extensions ['ros']
[0.718s] Level 1:colcon.colcon_core.package_identification:_identify(src/slam_gmapping) by extension 'ros'
[0.718s] Level 1:colcon.colcon_core.package_identification:_identify(src/slam_gmapping) by extensions ['cmake', 'python']
[0.718s] Level 1:colcon.colcon_core.package_identification:_identify(src/slam_gmapping) by extension 'cmake'
[0.718s] Level 1:colcon.colcon_core.package_identification:_identify(src/slam_gmapping) by extension 'python'
[0.718s] Level 1:colcon.colcon_core.package_identification:_identify(src/slam_gmapping) by extensions ['python_setup_py']
[0.718s] Level 1:colcon.colcon_core.package_identification:_identify(src/slam_gmapping) by extension 'python_setup_py'
[0.719s] Level 1:colcon.colcon_core.package_identification:_identify(src/slam_gmapping/openslam_gmapping) by extensions ['ignore', 'ignore_ament_install']
[0.719s] Level 1:colcon.colcon_core.package_identification:_identify(src/slam_gmapping/openslam_gmapping) by extension 'ignore'
[0.719s] Level 1:colcon.colcon_core.package_identification:_identify(src/slam_gmapping/openslam_gmapping) by extension 'ignore_ament_install'
[0.719s] Level 1:colcon.colcon_core.package_identification:_identify(src/slam_gmapping/openslam_gmapping) by extensions ['colcon_pkg']
[0.719s] Level 1:colcon.colcon_core.package_identification:_identify(src/slam_gmapping/openslam_gmapping) by extension 'colcon_pkg'
[0.719s] Level 1:colcon.colcon_core.package_identification:_identify(src/slam_gmapping/openslam_gmapping) by extensions ['colcon_meta']
[0.719s] Level 1:colcon.colcon_core.package_identification:_identify(src/slam_gmapping/openslam_gmapping) by extension 'colcon_meta'
[0.719s] Level 1:colcon.colcon_core.package_identification:_identify(src/slam_gmapping/openslam_gmapping) by extensions ['ros']
[0.719s] Level 1:colcon.colcon_core.package_identification:_identify(src/slam_gmapping/openslam_gmapping) by extension 'ros'
[0.721s] DEBUG:colcon.colcon_core.package_identification:Package 'src/slam_gmapping/openslam_gmapping' with type 'ros.ament_cmake' and name 'openslam_gmapping'
[0.721s] Level 1:colcon.colcon_core.package_identification:_identify(src/slam_gmapping/slam_gmapping) by extensions ['ignore', 'ignore_ament_install']
[0.721s] Level 1:colcon.colcon_core.package_identification:_identify(src/slam_gmapping/slam_gmapping) by extension 'ignore'
[0.721s] Level 1:colcon.colcon_core.package_identification:_identify(src/slam_gmapping/slam_gmapping) by extension 'ignore_ament_install'
[0.721s] Level 1:colcon.colcon_core.package_identification:_identify(src/slam_gmapping/slam_gmapping) by extensions ['colcon_pkg']
[0.721s] Level 1:colcon.colcon_core.package_identification:_identify(src/slam_gmapping/slam_gmapping) by extension 'colcon_pkg'
[0.722s] Level 1:colcon.colcon_core.package_identification:_identify(src/slam_gmapping/slam_gmapping) by extensions ['colcon_meta']
[0.722s] Level 1:colcon.colcon_core.package_identification:_identify(src/slam_gmapping/slam_gmapping) by extension 'colcon_meta'
[0.722s] Level 1:colcon.colcon_core.package_identification:_identify(src/slam_gmapping/slam_gmapping) by extensions ['ros']
[0.722s] Level 1:colcon.colcon_core.package_identification:_identify(src/slam_gmapping/slam_gmapping) by extension 'ros'
[0.724s] DEBUG:colcon.colcon_core.package_identification:Package 'src/slam_gmapping/slam_gmapping' with type 'ros.ament_cmake' and name 'slam_gmapping'
[0.725s] Level 1:colcon.colcon_core.package_discovery:discover_packages(recursive) using defaults
[0.725s] Level 1:colcon.colcon_core.package_discovery:discover_packages(ignore) discover
[0.725s] Level 1:colcon.colcon_core.package_discovery:discover_packages(ignore) using defaults
[0.725s] Level 1:colcon.colcon_core.package_discovery:discover_packages(path) discover
[0.725s] Level 1:colcon.colcon_core.package_discovery:discover_packages(path) using defaults
[0.798s] INFO:colcon.colcon_core.package_selection:Skipping not selected package 'openslam_gmapping' in 'src/slam_gmapping/openslam_gmapping'
[0.798s] INFO:colcon.colcon_core.package_selection:Skipping not selected package 'rplidar_ros' in 'src/rplidar_ros'
[0.799s] Level 1:colcon.colcon_core.package_discovery:discover_packages(prefix_path) check parameters
[0.799s] Level 1:colcon.colcon_core.package_discovery:discover_packages(prefix_path) discover
[0.804s] DEBUG:colcon.colcon_installed_package_information.package_discovery:Found 5 installed packages in /home/rob1/eeng_462/lab4/install
[0.807s] DEBUG:colcon.colcon_installed_package_information.package_discovery:Found 362 installed packages in /opt/ros/humble
[0.811s] Level 1:colcon.colcon_core.package_discovery:discover_packages(prefix_path) using defaults
[0.920s] Level 5:colcon.colcon_core.verb:set package 'slam_gmapping' build argument 'cmake_args' from command line to '['-DCMAKE_BUILD_TYPE=RelWithDebInfo']'
[0.920s] Level 5:colcon.colcon_core.verb:set package 'slam_gmapping' build argument 'cmake_target' from command line to 'None'
[0.920s] Level 5:colcon.colcon_core.verb:set package 'slam_gmapping' build argument 'cmake_target_skip_unavailable' from command line to 'False'
[0.920s] Level 5:colcon.colcon_core.verb:set package 'slam_gmapping' build argument 'cmake_clean_cache' from command line to 'False'
[0.920s] Level 5:colcon.colcon_core.verb:set package 'slam_gmapping' build argument 'cmake_clean_first' from command line to 'False'
[0.920s] Level 5:colcon.colcon_core.verb:set package 'slam_gmapping' build argument 'cmake_force_configure' from command line to 'False'
[0.920s] Level 5:colcon.colcon_core.verb:set package 'slam_gmapping' build argument 'ament_cmake_args' from command line to 'None'
[0.920s] Level 5:colcon.colcon_core.verb:set package 'slam_gmapping' build argument 'catkin_cmake_args' from command line to 'None'
[0.920s] Level 5:colcon.colcon_core.verb:set package 'slam_gmapping' build argument 'catkin_skip_building_tests' from command line to 'False'
[0.920s] DEBUG:colcon.colcon_core.verb:Building package 'slam_gmapping' with the following arguments: {'ament_cmake_args': None, 'build_base': '/home/rob1/eeng_462/lab4/build/slam_gmapping', 'catkin_cmake_args': None, 'catkin_skip_building_tests': False, 'cmake_args': ['-DCMAKE_BUILD_TYPE=RelWithDebInfo'], 'cmake_clean_cache': False, 'cmake_clean_first': False, 'cmake_force_configure': False, 'cmake_target': None, 'cmake_target_skip_unavailable': False, 'install_base': '/home/rob1/eeng_462/lab4/install/slam_gmapping', 'merge_install': False, 'path': '/home/rob1/eeng_462/lab4/src/slam_gmapping/slam_gmapping', 'symlink_install': False, 'test_result_base': None}
[0.921s] INFO:colcon.colcon_core.executor:Executing jobs using 'parallel' executor
[0.923s] DEBUG:colcon.colcon_parallel_executor.executor.parallel:run_until_complete
[0.924s] INFO:colcon.colcon_ros.task.ament_cmake.build:Building ROS package in '/home/rob1/eeng_462/lab4/src/slam_gmapping/slam_gmapping' with build type 'ament_cmake'
[0.924s] INFO:colcon.colcon_cmake.task.cmake.build:Building CMake package in '/home/rob1/eeng_462/lab4/src/slam_gmapping/slam_gmapping'
[0.928s] INFO:colcon.colcon_core.plugin_system:Skipping extension 'colcon_core.shell.bat': Not used on non-Windows systems
[0.929s] INFO:colcon.colcon_core.shell:Skip shell extension 'powershell' for command environment: Not usable outside of PowerShell
[0.929s] DEBUG:colcon.colcon_core.shell:Skip shell extension 'dsv' for command environment
[0.987s] DEBUG:colcon.colcon_core.event_handler.log_command:Invoking command in '/home/rob1/eeng_462/lab4/build/slam_gmapping': CMAKE_PREFIX_PATH=/home/rob1/eeng_462/lab4/install/openslam_gmapping:/home/rob1/eeng_462/lab4/install/sllidar_ros2:/home/rob1/eeng_462/lab4/install/slam_gmapping:/opt/ros/humble:/home/rob1/eeng_462/lab4/install/rplidar_ros /usr/bin/cmake /home/rob1/eeng_462/lab4/src/slam_gmapping/slam_gmapping -DCMAKE_BUILD_TYPE=RelWithDebInfo -DCMAKE_INSTALL_PREFIX=/home/rob1/eeng_462/lab4/install/slam_gmapping
[2.414s] DEBUG:colcon.colcon_core.event_handler.log_command:Invoked command in '/home/rob1/eeng_462/lab4/build/slam_gmapping' returned '0': CMAKE_PREFIX_PATH=/home/rob1/eeng_462/lab4/install/openslam_gmapping:/home/rob1/eeng_462/lab4/install/sllidar_ros2:/home/rob1/eeng_462/lab4/install/slam_gmapping:/opt/ros/humble:/home/rob1/eeng_462/lab4/install/rplidar_ros /usr/bin/cmake /home/rob1/eeng_462/lab4/src/slam_gmapping/slam_gmapping -DCMAKE_BUILD_TYPE=RelWithDebInfo -DCMAKE_INSTALL_PREFIX=/home/rob1/eeng_462/lab4/install/slam_gmapping
[2.419s] DEBUG:colcon.colcon_core.event_handler.log_command:Invoking command in '/home/rob1/eeng_462/lab4/build/slam_gmapping': CMAKE_PREFIX_PATH=/home/rob1/eeng_462/lab4/install/openslam_gmapping:/home/rob1/eeng_462/lab4/install/sllidar_ros2:/home/rob1/eeng_462/lab4/install/slam_gmapping:/opt/ros/humble:/home/rob1/eeng_462/lab4/install/rplidar_ros /usr/bin/cmake --build /home/rob1/eeng_462/lab4/build/slam_gmapping -- -j6 -l6
[59.097s] DEBUG:colcon.colcon_core.event_handler.log_command:Invoked command in '/home/rob1/eeng_462/lab4/build/slam_gmapping' returned '0': CMAKE_PREFIX_PATH=/home/rob1/eeng_462/lab4/install/openslam_gmapping:/home/rob1/eeng_462/lab4/install/sllidar_ros2:/home/rob1/eeng_462/lab4/install/slam_gmapping:/opt/ros/humble:/home/rob1/eeng_462/lab4/install/rplidar_ros /usr/bin/cmake --build /home/rob1/eeng_462/lab4/build/slam_gmapping -- -j6 -l6
[59.119s] DEBUG:colcon.colcon_core.event_handler.log_command:Invoking command in '/home/rob1/eeng_462/lab4/build/slam_gmapping': CMAKE_PREFIX_PATH=/home/rob1/eeng_462/lab4/install/openslam_gmapping:/home/rob1/eeng_462/lab4/install/sllidar_ros2:/home/rob1/eeng_462/lab4/install/slam_gmapping:/opt/ros/humble:/home/rob1/eeng_462/lab4/install/rplidar_ros /usr/bin/cmake --install /home/rob1/eeng_462/lab4/build/slam_gmapping
[59.162s] Level 1:colcon.colcon_core.environment:create_environment_scripts_only(slam_gmapping)
[59.164s] DEBUG:colcon.colcon_core.event_handler.log_command:Invoked command in '/home/rob1/eeng_462/lab4/build/slam_gmapping' returned '0': CMAKE_PREFIX_PATH=/home/rob1/eeng_462/lab4/install/openslam_gmapping:/home/rob1/eeng_462/lab4/install/sllidar_ros2:/home/rob1/eeng_462/lab4/install/slam_gmapping:/opt/ros/humble:/home/rob1/eeng_462/lab4/install/rplidar_ros /usr/bin/cmake --install /home/rob1/eeng_462/lab4/build/slam_gmapping
[59.172s] Level 1:colcon.colcon_core.environment:checking '/home/rob1/eeng_462/lab4/install/slam_gmapping' for CMake module files
[59.174s] Level 1:colcon.colcon_core.environment:checking '/home/rob1/eeng_462/lab4/install/slam_gmapping' for CMake config files
[59.175s] Level 1:colcon.colcon_core.shell:create_environment_hook('slam_gmapping', 'cmake_prefix_path')
[59.176s] INFO:colcon.colcon_core.shell:Creating environment hook '/home/rob1/eeng_462/lab4/install/slam_gmapping/share/slam_gmapping/hook/cmake_prefix_path.ps1'
[59.179s] INFO:colcon.colcon_core.shell:Creating environment descriptor '/home/rob1/eeng_462/lab4/install/slam_gmapping/share/slam_gmapping/hook/cmake_prefix_path.dsv'
[59.180s] INFO:colcon.colcon_core.shell:Creating environment hook '/home/rob1/eeng_462/lab4/install/slam_gmapping/share/slam_gmapping/hook/cmake_prefix_path.sh'
[59.184s] Level 1:colcon.colcon_core.environment:checking '/home/rob1/eeng_462/lab4/install/slam_gmapping/lib'
[59.184s] Level 1:colcon.colcon_core.environment:checking '/home/rob1/eeng_462/lab4/install/slam_gmapping/bin'
[59.185s] Level 1:colcon.colcon_core.environment:checking '/home/rob1/eeng_462/lab4/install/slam_gmapping/lib/pkgconfig/slam_gmapping.pc'
[59.186s] Level 1:colcon.colcon_core.environment:checking '/home/rob1/eeng_462/lab4/install/slam_gmapping/lib/python3.10/site-packages'
[59.187s] Level 1:colcon.colcon_core.environment:checking '/home/rob1/eeng_462/lab4/install/slam_gmapping/bin'
[59.190s] INFO:colcon.colcon_core.shell:Creating package script '/home/rob1/eeng_462/lab4/install/slam_gmapping/share/slam_gmapping/package.ps1'
[59.193s] INFO:colcon.colcon_core.shell:Creating package descriptor '/home/rob1/eeng_462/lab4/install/slam_gmapping/share/slam_gmapping/package.dsv'
[59.196s] INFO:colcon.colcon_core.shell:Creating package script '/home/rob1/eeng_462/lab4/install/slam_gmapping/share/slam_gmapping/package.sh'
[59.198s] INFO:colcon.colcon_core.shell:Creating package script '/home/rob1/eeng_462/lab4/install/slam_gmapping/share/slam_gmapping/package.bash'
[59.201s] INFO:colcon.colcon_core.shell:Creating package script '/home/rob1/eeng_462/lab4/install/slam_gmapping/share/slam_gmapping/package.zsh'
[59.204s] Level 1:colcon.colcon_core.environment:create_file_with_runtime_dependencies(/home/rob1/eeng_462/lab4/install/slam_gmapping/share/colcon-core/packages/slam_gmapping)
[59.206s] Level 1:colcon.colcon_core.environment:create_environment_scripts_only(slam_gmapping)
[59.207s] Level 1:colcon.colcon_core.environment:checking '/home/rob1/eeng_462/lab4/install/slam_gmapping' for CMake module files
[59.208s] Level 1:colcon.colcon_core.environment:checking '/home/rob1/eeng_462/lab4/install/slam_gmapping' for CMake config files
[59.210s] Level 1:colcon.colcon_core.shell:create_environment_hook('slam_gmapping', 'cmake_prefix_path')
[59.210s] INFO:colcon.colcon_core.shell:Creating environment hook '/home/rob1/eeng_462/lab4/install/slam_gmapping/share/slam_gmapping/hook/cmake_prefix_path.ps1'
[59.212s] INFO:colcon.colcon_core.shell:Creating environment descriptor '/home/rob1/eeng_462/lab4/install/slam_gmapping/share/slam_gmapping/hook/cmake_prefix_path.dsv'
[59.213s] INFO:colcon.colcon_core.shell:Creating environment hook '/home/rob1/eeng_462/lab4/install/slam_gmapping/share/slam_gmapping/hook/cmake_prefix_path.sh'
[59.215s] Level 1:colcon.colcon_core.environment:checking '/home/rob1/eeng_462/lab4/install/slam_gmapping/lib'
[59.215s] Level 1:colcon.colcon_core.environment:checking '/home/rob1/eeng_462/lab4/install/slam_gmapping/bin'
[59.216s] Level 1:colcon.colcon_core.environment:checking '/home/rob1/eeng_462/lab4/install/slam_gmapping/lib/pkgconfig/slam_gmapping.pc'
[59.216s] Level 1:colcon.colcon_core.environment:checking '/home/rob1/eeng_462/lab4/install/slam_gmapping/lib/python3.10/site-packages'
[59.217s] Level 1:colcon.colcon_core.environment:checking '/home/rob1/eeng_462/lab4/install/slam_gmapping/bin'
[59.218s] INFO:colcon.colcon_core.shell:Creating package script '/home/rob1/eeng_462/lab4/install/slam_gmapping/share/slam_gmapping/package.ps1'
[59.220s] INFO:colcon.colcon_core.shell:Creating package descriptor '/home/rob1/eeng_462/lab4/install/slam_gmapping/share/slam_gmapping/package.dsv'
[59.221s] INFO:colcon.colcon_core.shell:Creating package script '/home/rob1/eeng_462/lab4/install/slam_gmapping/share/slam_gmapping/package.sh'
[59.223s] INFO:colcon.colcon_core.shell:Creating package script '/home/rob1/eeng_462/lab4/install/slam_gmapping/share/slam_gmapping/package.bash'
[59.224s] INFO:colcon.colcon_core.shell:Creating package script '/home/rob1/eeng_462/lab4/install/slam_gmapping/share/slam_gmapping/package.zsh'
[59.225s] Level 1:colcon.colcon_core.environment:create_file_with_runtime_dependencies(/home/rob1/eeng_462/lab4/install/slam_gmapping/share/colcon-core/packages/slam_gmapping)
[59.226s] DEBUG:colcon.colcon_parallel_executor.executor.parallel:closing loop
[59.227s] DEBUG:colcon.colcon_parallel_executor.executor.parallel:loop closed
[59.227s] DEBUG:colcon.colcon_parallel_executor.executor.parallel:run_until_complete finished with '0'
[59.227s] DEBUG:colcon.colcon_core.event_reactor:joining thread
[59.244s] INFO:colcon.colcon_core.plugin_system:Skipping extension 'colcon_notification.desktop_notification.terminal_notifier': Not used on non-Darwin systems
[59.245s] INFO:colcon.colcon_core.plugin_system:Skipping extension 'colcon_notification.desktop_notification.win32': Not used on non-Windows systems
[59.245s] INFO:colcon.colcon_notification.desktop_notification:Sending desktop notification using 'notify2'
[59.371s] DEBUG:colcon.colcon_core.event_reactor:joined thread
[59.372s] INFO:colcon.colcon_core.shell:Creating prefix script '/home/rob1/eeng_462/lab4/install/local_setup.ps1'
[59.376s] INFO:colcon.colcon_core.shell:Creating prefix util module '/home/rob1/eeng_462/lab4/install/_local_setup_util_ps1.py'
[59.381s] INFO:colcon.colcon_core.shell:Creating prefix chain script '/home/rob1/eeng_462/lab4/install/setup.ps1'
[59.387s] INFO:colcon.colcon_core.shell:Creating prefix script '/home/rob1/eeng_462/lab4/install/local_setup.sh'
[59.389s] INFO:colcon.colcon_core.shell:Creating prefix util module '/home/rob1/eeng_462/lab4/install/_local_setup_util_sh.py'
[59.391s] INFO:colcon.colcon_core.shell:Creating prefix chain script '/home/rob1/eeng_462/lab4/install/setup.sh'
[59.395s] INFO:colcon.colcon_core.shell:Creating prefix script '/home/rob1/eeng_462/lab4/install/local_setup.bash'
[59.396s] INFO:colcon.colcon_core.shell:Creating prefix chain script '/home/rob1/eeng_462/lab4/install/setup.bash'
[59.400s] INFO:colcon.colcon_core.shell:Creating prefix script '/home/rob1/eeng_462/lab4/install/local_setup.zsh'
[59.402s] INFO:colcon.colcon_core.shell:Creating prefix chain script '/home/rob1/eeng_462/lab4/install/setup.zsh'
